2020-07-29 17:25:50,049 - instabot version: 0.117.0 (bot) - INFO - Instabot version: 0.117.0 Started
2020-07-29 17:25:50,049 - instabot version: 0.117.0 (bot) - DEBUG - Bot imported from C:\Users\Gebruiker\Desktop\dev\channel_generator\venv\lib\site-packages\instabot\bot\bot.py
2020-07-29 17:25:50,050 - instabot version: 0.117.0 (api_login) - DEBUG - Loading cookies
2020-07-29 17:25:50,050 - instabot version: 0.117.0 (api_login) - DEBUG - Loading uuids
2020-07-29 17:25:50,050 - instabot version: 0.117.0 (api_login) - INFO - Recovery from C:\Users\Gebruiker\Desktop\dev\channel_generator\generator/config/puppies4nations_uuid_and_cookie.json: COOKIE True - UUIDs True - TIMING, DEVICE and ...
- user-agent=Instagram 117.0.0.28.123 Android (28/9.0; 420dpi; 1080x1920; OnePlus; ONEPLUS A3003; OnePlus3; qcom; en_US; 180322800)
- phone_id=e752e0e3-d108-407f-b5c2-f07f0000bed1
- uuid=9c721ac7-9e77-4bba-9152-ac7c7c0ecd03
- client_session_id=a8d6f2e5-726e-4273-9184-10916956709a
- device_id=android-5ddf6083ddeebf63
2020-07-29 17:25:50,055 - instabot version: 0.117.0 (api_login) - INFO - LOGIN FLOW! Just logged-in: False
2020-07-29 17:25:52,128 - instabot version: 0.117.0 (api) - DEBUG - POST to endpoint: feed/timeline/ returned response: <Response [200]>
2020-07-29 17:25:52,544 - instabot version: 0.117.0 (api) - DEBUG - POST to endpoint: feed/reels_tray/ returned response: <Response [200]>
2020-07-29 17:25:52,546 - instabot version: 0.117.0 (api) - INFO - Logged-in successfully as 'puppies4nations'!
2020-07-29 17:25:52,546 - instabot version: 0.117.0 (bot_checkpoint) - DEBUG - Loading Checkpoint file from: C:\Users\Gebruiker\Desktop\dev\channel_generator\generator/config/puppies4nations.checkpoint
2020-07-29 17:25:58,460 - instabot version: 0.117.0 (api) - DEBUG - GET to endpoint: users/rudolphsebas/usernameinfo/ returned response: <Response [200]>
2020-07-29 17:25:59,128 - instabot version: 0.117.0 (api) - DEBUG - GET to endpoint: users/2440677292/info/ returned response: <Response [200]>
2020-07-29 17:25:59,419 - instabot version: 0.117.0 (api) - DEBUG - GET to endpoint: friendships/2440677292/followers/?rank_token=38579043486_9c721ac7-9e77-4bba-9152-ac7c7c0ecd03 returned response: <Response [200]>
2020-07-29 17:25:59,732 - instabot version: 0.117.0 (api) - DEBUG - GET to endpoint: friendships/2440677292/followers/?rank_token=38579043486_9c721ac7-9e77-4bba-9152-ac7c7c0ecd03&max_id=QVFEYjJtbzN4XzlrdXlUcnhmdjh0VXRpbEhIQ3d0LTF5U3Q1LUpWdC1NRFBvM1hMQmthTW5Zb1J0MmRnOWZ4bDNaenFBTHpwbjBXN253allETmxWZENNRg== returned response: <Response [200]>
2020-07-29 17:26:00,011 - instabot version: 0.117.0 (api) - DEBUG - GET to endpoint: friendships/2440677292/followers/?rank_token=38579043486_9c721ac7-9e77-4bba-9152-ac7c7c0ecd03&max_id=QVFEMzFWRnhOdHhRRXlvTFZPeTc1SU91VGFqVUxUaW9ZeTFVbUlGMm40bkE4QS1ubllETU1GUEd2bnMxMHpKMU8xWFFkRVVKOVpES0U5N2szTmtOUU9Kdg== returned response: <Response [200]>
2020-07-29 17:26:00,319 - instabot version: 0.117.0 (api) - DEBUG - GET to endpoint: friendships/2440677292/followers/?rank_token=38579043486_9c721ac7-9e77-4bba-9152-ac7c7c0ecd03&max_id=QVFCM29XdnhyZU91dFZLZW9HZE9qYU1aam1mdXFMQ3ZjVWpsS1lXRTRjUjZvUzM2NjRIYWlDUDlnUkxlUDloanljTFY5TTRtUTVaR0c1UmtsOW5LcWh1aA== returned response: <Response [200]>
2020-07-29 17:26:00,645 - instabot version: 0.117.0 (api) - DEBUG - GET to endpoint: friendships/2440677292/followers/?rank_token=38579043486_9c721ac7-9e77-4bba-9152-ac7c7c0ecd03&max_id=QVFBX2lteG1fLTZKM2lmLVAxZ3c1MFFFdlJVUGdjSndaWmwwelhsUExLclA1T29seXd5UjlIanRLNnUyTUF1Mm5mNDZkb0pQZlRjMm9qUHllc0dZcndCUA== returned response: <Response [200]>
2020-07-29 17:28:23,645 - instabot version: 0.117.0 (bot_checkpoint) - DEBUG - Saving Checkpoint file to: C:\Users\Gebruiker\Desktop\dev\channel_generator\generator/config/puppies4nations.checkpoint
2020-07-29 17:28:23,646 - instabot version: 0.117.0 (bot) - INFO - Total requests: 59
