2020-08-14 17:14:59,988 - instabot version: 0.117.0 (bot) - INFO - Instabot version: 0.117.0 Started
2020-08-14 17:14:59,990 - instabot version: 0.117.0 (bot) - DEBUG - Bot imported from C:\Users\Gebruiker\Desktop\dev\channel_generator\venv\lib\site-packages\instabot\bot\bot.py
2020-08-14 17:15:00,000 - instabot version: 0.117.0 (api_login) - DEBUG - Loading cookies
2020-08-14 17:15:00,004 - instabot version: 0.117.0 (api_login) - DEBUG - Loading uuids
2020-08-14 17:15:00,004 - instabot version: 0.117.0 (api_login) - INFO - Recovery from C:\Users\Gebruiker\Desktop\dev\channel_generator\generator/config/puppies4nations_uuid_and_cookie.json: COOKIE True - UUIDs True - TIMING, DEVICE and ...
- user-agent=Instagram 117.0.0.28.123 Android (28/9.0; 420dpi; 1080x1920; OnePlus; ONEPLUS A3003; OnePlus3; qcom; en_US; 180322800)
- phone_id=e752e0e3-d108-407f-b5c2-f07f0000bed1
- uuid=9c721ac7-9e77-4bba-9152-ac7c7c0ecd03
- client_session_id=51c84dfa-9925-4ae9-b3d3-dbdda9879f63
- device_id=android-5ddf6083ddeebf63
2020-08-14 17:15:00,005 - instabot version: 0.117.0 (api_login) - INFO - LOGIN FLOW! Just logged-in: False
2020-08-14 17:15:01,516 - instabot version: 0.117.0 (api) - DEBUG - POST to endpoint: feed/timeline/ returned response: <Response [200]>
2020-08-14 17:15:02,133 - instabot version: 0.117.0 (api) - DEBUG - POST to endpoint: feed/reels_tray/ returned response: <Response [200]>
2020-08-14 17:15:02,135 - instabot version: 0.117.0 (api) - INFO - Logged-in successfully as 'puppies4nations'!
2020-08-14 17:15:02,136 - instabot version: 0.117.0 (bot_checkpoint) - DEBUG - Loading Checkpoint file from: C:\Users\Gebruiker\Desktop\dev\channel_generator\generator/config/puppies4nations.checkpoint
2020-08-14 17:15:02,204 - instabot version: 0.117.0 (bot_follow) - INFO - Going to follow `user_id` 39496822376.
2020-08-14 17:15:02,207 - instabot version: 0.117.0 (api) - DEBUG - post data: {"user_id": "39496822376", "radio_type": "wifi-none", "device_id": "android-5ddf6083ddeebf63", "_uuid": "9c721ac7-9e77-4bba-9152-ac7c7c0ecd03", "_uid": "38579043486", "_csrftoken": "MIhbLn1IlNphDGr7gIcJWDAH6yZl9H74"}
2020-08-14 17:15:03,054 - instabot version: 0.117.0 (api) - DEBUG - POST to endpoint: friendships/create/39496822376/ returned response: <Response [200]>
2020-08-14 17:15:03,055 - instabot version: 0.117.0 (bot_follow) - INFO - Followed `user_id` 39496822376.
2020-08-14 17:15:03,623 - instabot version: 0.117.0 (api) - DEBUG - GET to endpoint: users/38579043486/info/ returned response: <Response [200]>
2020-08-14 17:15:04,038 - instabot version: 0.117.0 (api) - DEBUG - GET to endpoint: friendships/38579043486/following/?max_id=&ig_sig_key_version=4&rank_token=38579043486_9c721ac7-9e77-4bba-9152-ac7c7c0ecd03 returned response: <Response [200]>
2020-08-14 17:15:04,059 - instabot version: 0.117.0 (api_login) - DEBUG - Loading cookies
2020-08-14 17:15:04,059 - instabot version: 0.117.0 (api_login) - DEBUG - Loading uuids
2020-08-14 17:15:04,059 - instabot version: 0.117.0 (api_login) - INFO - Recovery from C:\Users\Gebruiker\Desktop\dev\channel_generator\generator/config/tripellytrips_uuid_and_cookie.json: COOKIE True - UUIDs True - TIMING, DEVICE and ...
- user-agent=Instagram 117.0.0.28.123 Android (28/9.0; 420dpi; 1080x1920; OnePlus; ONEPLUS A3003; OnePlus3; qcom; en_US; 180322800)
- phone_id=bc145835-28eb-4a14-89a4-7ac029c350d1
- uuid=e1976ccd-0a36-4256-9d53-a00eacfee537
- client_session_id=5b37c9f6-197d-4b8d-a7c8-c5e5070f1936
- device_id=android-34cf8b3dcd266555
2020-08-14 17:15:04,066 - instabot version: 0.117.0 (api_login) - INFO - LOGIN FLOW! Just logged-in: False
2020-08-14 17:15:05,832 - instabot version: 0.117.0 (api) - DEBUG - POST to endpoint: feed/timeline/ returned response: <Response [200]>
2020-08-14 17:15:06,458 - instabot version: 0.117.0 (api) - DEBUG - POST to endpoint: feed/reels_tray/ returned response: <Response [200]>
2020-08-14 17:15:06,460 - instabot version: 0.117.0 (api) - INFO - Logged-in successfully as 'tripellytrips'!
2020-08-14 17:15:06,462 - instabot version: 0.117.0 (bot_checkpoint) - DEBUG - Loading Checkpoint file from: C:\Users\Gebruiker\Desktop\dev\channel_generator\generator/config/tripellytrips.checkpoint
2020-08-14 17:15:06,468 - instabot version: 0.117.0 (bot_checkpoint) - DEBUG - Saving Checkpoint file to: C:\Users\Gebruiker\Desktop\dev\channel_generator\generator/config/tripellytrips.checkpoint
2020-08-14 17:15:06,468 - instabot version: 0.117.0 (bot) - INFO - Total follows: 2/99
2020-08-14 17:15:06,469 - instabot version: 0.117.0 (bot) - INFO - Total unfollows: 1/96
2020-08-14 17:15:06,470 - instabot version: 0.117.0 (bot) - INFO - Total requests: 398
2020-08-14 17:15:06,473 - instabot version: 0.117.0 (bot_checkpoint) - DEBUG - Saving Checkpoint file to: C:\Users\Gebruiker\Desktop\dev\channel_generator\generator/config/tripellytrips.checkpoint
2020-08-14 17:15:06,474 - instabot version: 0.117.0 (bot) - INFO - Total follows: 2/99
2020-08-14 17:15:06,475 - instabot version: 0.117.0 (bot) - INFO - Total unfollows: 1/96
2020-08-14 17:15:06,476 - instabot version: 0.117.0 (bot) - INFO - Total requests: 398
