2020-08-12 13:45:24,601 - instabot version: 0.117.0 (bot) - INFO - Instabot version: 0.117.0 Started
2020-08-12 13:45:24,601 - instabot version: 0.117.0 (bot) - DEBUG - Bot imported from C:\Users\Gebruiker\Desktop\dev\channel_generator\venv\lib\site-packages\instabot\bot\bot.py
2020-08-12 13:45:28,028 - instabot version: 0.117.0 (api_login) - DEBUG - Loading cookies
2020-08-12 13:45:28,029 - instabot version: 0.117.0 (api_login) - DEBUG - Loading uuids
2020-08-12 13:45:28,029 - instabot version: 0.117.0 (api_login) - INFO - Recovery from C:\Users\Gebruiker\Desktop\dev\channel_generator\generator/config/puppies4nations_uuid_and_cookie.json: COOKIE True - UUIDs True - TIMING, DEVICE and ...
- user-agent=Instagram 117.0.0.28.123 Android (28/9.0; 420dpi; 1080x1920; OnePlus; ONEPLUS A3003; OnePlus3; qcom; en_US; 180322800)
- phone_id=e752e0e3-d108-407f-b5c2-f07f0000bed1
- uuid=9c721ac7-9e77-4bba-9152-ac7c7c0ecd03
- client_session_id=8ae1c597-f3c4-4ab1-9b9c-fe863414b35c
- device_id=android-5ddf6083ddeebf63
2020-08-12 13:45:28,030 - instabot version: 0.117.0 (api_login) - INFO - LOGIN FLOW! Just logged-in: False
2020-08-12 13:45:29,785 - instabot version: 0.117.0 (api) - DEBUG - POST to endpoint: feed/timeline/ returned response: <Response [200]>
2020-08-12 13:45:30,469 - instabot version: 0.117.0 (api) - DEBUG - POST to endpoint: feed/reels_tray/ returned response: <Response [200]>
2020-08-12 13:45:30,472 - instabot version: 0.117.0 (api) - INFO - Logged-in successfully as 'puppies4nations'!
2020-08-12 13:45:30,472 - instabot version: 0.117.0 (bot_checkpoint) - DEBUG - Loading Checkpoint file from: C:\Users\Gebruiker\Desktop\dev\channel_generator\generator/config/puppies4nations.checkpoint
2020-08-12 13:45:39,453 - instabot version: 0.117.0 (api_login) - DEBUG - Loading cookies
2020-08-12 13:45:39,454 - instabot version: 0.117.0 (api_login) - DEBUG - Loading uuids
2020-08-12 13:45:39,454 - instabot version: 0.117.0 (api_login) - INFO - Recovery from C:\Users\Gebruiker\Desktop\dev\channel_generator\generator/config/puppies4nations_uuid_and_cookie.json: COOKIE True - UUIDs True - TIMING, DEVICE and ...
- user-agent=Instagram 117.0.0.28.123 Android (28/9.0; 420dpi; 1080x1920; OnePlus; ONEPLUS A3003; OnePlus3; qcom; en_US; 180322800)
- phone_id=e752e0e3-d108-407f-b5c2-f07f0000bed1
- uuid=9c721ac7-9e77-4bba-9152-ac7c7c0ecd03
- client_session_id=8ae1c597-f3c4-4ab1-9b9c-fe863414b35c
- device_id=android-5ddf6083ddeebf63
2020-08-12 13:45:39,454 - instabot version: 0.117.0 (api_login) - INFO - LOGIN FLOW! Just logged-in: False
2020-08-12 13:45:40,733 - instabot version: 0.117.0 (api) - DEBUG - POST to endpoint: feed/timeline/ returned response: <Response [200]>
2020-08-12 13:45:41,367 - instabot version: 0.117.0 (api) - DEBUG - POST to endpoint: feed/reels_tray/ returned response: <Response [200]>
2020-08-12 13:45:41,370 - instabot version: 0.117.0 (api) - INFO - Logged-in successfully as 'puppies4nations'!
2020-08-12 13:45:41,371 - instabot version: 0.117.0 (bot_checkpoint) - DEBUG - Loading Checkpoint file from: C:\Users\Gebruiker\Desktop\dev\channel_generator\generator/config/puppies4nations.checkpoint
2020-08-12 13:46:14,199 - instabot version: 0.117.0 (bot_checkpoint) - DEBUG - Saving Checkpoint file to: C:\Users\Gebruiker\Desktop\dev\channel_generator\generator/config/puppies4nations.checkpoint
2020-08-12 13:46:14,200 - instabot version: 0.117.0 (bot) - INFO - Total follows: 1/94
2020-08-12 13:46:14,200 - instabot version: 0.117.0 (bot) - INFO - Total unfollows: 2/91
2020-08-12 13:46:14,201 - instabot version: 0.117.0 (bot) - INFO - Total requests: 449
2020-08-12 13:46:14,201 - instabot version: 0.117.0 (bot_checkpoint) - DEBUG - Saving Checkpoint file to: C:\Users\Gebruiker\Desktop\dev\channel_generator\generator/config/puppies4nations.checkpoint
2020-08-12 13:46:14,202 - instabot version: 0.117.0 (bot) - INFO - Total follows: 1/94
2020-08-12 13:46:14,203 - instabot version: 0.117.0 (bot) - INFO - Total unfollows: 2/91
2020-08-12 13:46:14,203 - instabot version: 0.117.0 (bot) - INFO - Total requests: 449
