2020-07-29 17:15:54,096 - instabot version: 0.117.0 (bot) - INFO - Instabot version: 0.117.0 Started
2020-07-29 17:15:54,096 - instabot version: 0.117.0 (bot) - DEBUG - Bot imported from C:\Users\Gebruiker\Desktop\dev\channel_generator\venv\lib\site-packages\instabot\bot\bot.py
2020-07-29 17:15:54,097 - instabot version: 0.117.0 (api_login) - DEBUG - Loading cookies
2020-07-29 17:15:54,097 - instabot version: 0.117.0 (api_login) - DEBUG - Loading uuids
2020-07-29 17:15:54,097 - instabot version: 0.117.0 (api_login) - INFO - Recovery from C:\Users\Gebruiker\Desktop\dev\channel_generator\generator/config/puppies4nations_uuid_and_cookie.json: COOKIE True - UUIDs True - TIMING, DEVICE and ...
- user-agent=Instagram 117.0.0.28.123 Android (28/9.0; 420dpi; 1080x1920; OnePlus; ONEPLUS A3003; OnePlus3; qcom; en_US; 180322800)
- phone_id=e752e0e3-d108-407f-b5c2-f07f0000bed1
- uuid=9c721ac7-9e77-4bba-9152-ac7c7c0ecd03
- client_session_id=a8d6f2e5-726e-4273-9184-10916956709a
- device_id=android-5ddf6083ddeebf63
2020-07-29 17:15:54,098 - instabot version: 0.117.0 (api_login) - INFO - LOGIN FLOW! Just logged-in: False
2020-07-29 17:15:55,574 - instabot version: 0.117.0 (api) - DEBUG - POST to endpoint: feed/timeline/ returned response: <Response [200]>
2020-07-29 17:15:56,025 - instabot version: 0.117.0 (api) - DEBUG - POST to endpoint: feed/reels_tray/ returned response: <Response [200]>
2020-07-29 17:15:56,026 - instabot version: 0.117.0 (api) - INFO - Logged-in successfully as 'puppies4nations'!
2020-07-29 17:15:56,026 - instabot version: 0.117.0 (bot_checkpoint) - DEBUG - Loading Checkpoint file from: C:\Users\Gebruiker\Desktop\dev\channel_generator\generator/config/puppies4nations.checkpoint
2020-07-29 17:16:00,314 - instabot version: 0.117.0 (api) - DEBUG - GET to endpoint: users/rudolphsebas/usernameinfo/ returned response: <Response [200]>
2020-07-29 17:16:01,827 - instabot version: 0.117.0 (api) - DEBUG - GET to endpoint: users/2440677292/info/ returned response: <Response [200]>
2020-07-29 17:16:02,103 - instabot version: 0.117.0 (api) - DEBUG - GET to endpoint: friendships/2440677292/followers/?rank_token=38579043486_9c721ac7-9e77-4bba-9152-ac7c7c0ecd03 returned response: <Response [200]>
2020-07-29 17:16:02,413 - instabot version: 0.117.0 (api) - DEBUG - GET to endpoint: friendships/2440677292/followers/?rank_token=38579043486_9c721ac7-9e77-4bba-9152-ac7c7c0ecd03&max_id=QVFBc0liSlpaUms1RUxFUkJaRnA5c1pFdXNuWGF6ZE9lTXZ4SXdFNUk1NWlHeUlOZF93VWdEc2MxUDhUNDh1Nk15bkctaHNUbDFhYUNocGhTcHRCaGpWMg== returned response: <Response [200]>
2020-07-29 17:16:02,687 - instabot version: 0.117.0 (api) - DEBUG - GET to endpoint: friendships/2440677292/followers/?rank_token=38579043486_9c721ac7-9e77-4bba-9152-ac7c7c0ecd03&max_id=QVFETlh0QUVIUW1DNHlhdnRwN3l5bDk1WjAzU0JsWFdJNnA0RS02MFF1Z05lcDlEakpISW1tUW5NMmhUZXhjMTRyY3l3Y0pFcDl5aHlfXzZBMjF0SlFRQQ== returned response: <Response [200]>
2020-07-29 17:16:02,962 - instabot version: 0.117.0 (api) - DEBUG - GET to endpoint: friendships/2440677292/followers/?rank_token=38579043486_9c721ac7-9e77-4bba-9152-ac7c7c0ecd03&max_id=QVFDZXRVM2RmWHhoUDV1RGlucTJtX0VDX3ZoRU1ZUXFaYndCellPYmxCZlc3cEFSMHZocUZtb1ZaZVYzdF9URjdYNmdwX1JXRXcwaTcyZzN3c1daYkNPcw== returned response: <Response [200]>
2020-07-29 17:16:03,220 - instabot version: 0.117.0 (api) - DEBUG - GET to endpoint: friendships/2440677292/followers/?rank_token=38579043486_9c721ac7-9e77-4bba-9152-ac7c7c0ecd03&max_id=QVFDeWJCQnQ4SVFLWTBhQ0pjZGJ1NWhJREFGM3JCc1Naam9VeS1uVTdRblRSTHNDY19GRy1SazFLY3d5bk1MMUg4ejFuZEh2anVIS1RSU3MyWDBmdUNoSw== returned response: <Response [200]>
2020-07-29 17:17:53,376 - instabot version: 0.117.0 (bot_checkpoint) - DEBUG - Saving Checkpoint file to: C:\Users\Gebruiker\Desktop\dev\channel_generator\generator/config/puppies4nations.checkpoint
2020-07-29 17:17:53,376 - instabot version: 0.117.0 (bot) - INFO - Total requests: 45
