2020-08-06 11:11:35,682 - instabot version: 0.117.0 (bot) - INFO - Instabot version: 0.117.0 Started
2020-08-06 11:11:35,682 - instabot version: 0.117.0 (bot) - DEBUG - Bot imported from C:\Users\Gebruiker\Desktop\dev\channel_generator\venv\lib\site-packages\instabot\bot\bot.py
2020-08-06 11:11:45,956 - instabot version: 0.117.0 (api_login) - INFO - Not yet logged in starting: PRE-LOGIN FLOW!
2020-08-06 11:11:46,188 - instabot version: 0.117.0 (api) - DEBUG - POST to endpoint: accounts/get_prefill_candidates/ returned response: <Response [200]>
2020-08-06 11:11:46,362 - instabot version: 0.117.0 (api) - DEBUG - POST to endpoint: qe/sync/ returned response: <Response [200]>
2020-08-06 11:11:46,558 - instabot version: 0.117.0 (api) - DEBUG - POST to endpoint: launcher/sync/ returned response: <Response [200]>
2020-08-06 11:11:46,755 - instabot version: 0.117.0 (api) - DEBUG - POST to endpoint: accounts/contact_point_prefill/ returned response: <Response [200]>
2020-08-06 11:11:48,287 - instabot version: 0.117.0 (api) - DEBUG - POST to endpoint: accounts/login/ returned response: <Response [400]>
2020-08-06 11:11:48,287 - instabot version: 0.117.0 (api) - DEBUG - Responsecode indicates error; response content: b'{"message": "The password you entered is incorrect. Please try again.", "invalid_credentials": true, "error_title": "Incorrect password for rudolphsebas", "buttons": [{"title": "Try Again", "action": "dismiss"}], "status": "fail", "error_type": "bad_password"}'
2020-08-06 11:11:48,287 - instabot version: 0.117.0 (api) - ERROR - Request returns 400 error!
2020-08-06 11:11:48,288 - instabot version: 0.117.0 (api) - INFO - Instagram's error message: The password you entered is incorrect. Please try again.
2020-08-06 11:11:48,289 - instabot version: 0.117.0 (api) - INFO - Error type: bad_password
2020-08-06 11:11:48,292 - instabot version: 0.117.0 (api) - ERROR - Failed to login go to instagram and change your password
2020-08-06 11:11:48,293 - instabot version: 0.117.0 (api) - INFO - Username or password is incorrect.
2020-08-06 11:11:58,679 - instabot version: 0.117.0 (api_login) - INFO - Not yet logged in starting: PRE-LOGIN FLOW!
2020-08-06 11:11:58,909 - instabot version: 0.117.0 (api) - DEBUG - POST to endpoint: accounts/get_prefill_candidates/ returned response: <Response [200]>
2020-08-06 11:11:59,116 - instabot version: 0.117.0 (api) - DEBUG - POST to endpoint: qe/sync/ returned response: <Response [200]>
2020-08-06 11:11:59,302 - instabot version: 0.117.0 (api) - DEBUG - POST to endpoint: launcher/sync/ returned response: <Response [200]>
2020-08-06 11:11:59,492 - instabot version: 0.117.0 (api) - DEBUG - POST to endpoint: accounts/contact_point_prefill/ returned response: <Response [200]>
2020-08-06 11:12:00,924 - instabot version: 0.117.0 (api) - DEBUG - POST to endpoint: accounts/login/ returned response: <Response [400]>
2020-08-06 11:12:00,924 - instabot version: 0.117.0 (api) - DEBUG - Responsecode indicates error; response content: b'{"message": "The password you entered is incorrect. Please try again.", "invalid_credentials": true, "error_title": "Incorrect password for rudolphsebas", "buttons": [{"title": "Try Again", "action": "dismiss"}], "status": "fail", "error_type": "bad_password"}'
2020-08-06 11:12:00,925 - instabot version: 0.117.0 (api) - ERROR - Request returns 400 error!
2020-08-06 11:12:00,925 - instabot version: 0.117.0 (api) - INFO - Instagram's error message: The password you entered is incorrect. Please try again.
2020-08-06 11:12:00,926 - instabot version: 0.117.0 (api) - INFO - Error type: bad_password
2020-08-06 11:12:00,929 - instabot version: 0.117.0 (api) - ERROR - Failed to login go to instagram and change your password
2020-08-06 11:12:00,930 - instabot version: 0.117.0 (api) - INFO - Username or password is incorrect.
