2020-08-14 17:56:17,816 - instabot version: 0.117.0 (bot) - INFO - Instabot version: 0.117.0 Started
2020-08-14 17:56:17,818 - instabot version: 0.117.0 (bot) - DEBUG - Bot imported from C:\Users\Gebruiker\Desktop\dev\channel_generator\venv\lib\site-packages\instabot\bot\bot.py
2020-08-14 17:56:17,894 - instabot version: 0.117.0 (api_login) - DEBUG - Loading cookies
2020-08-14 17:56:17,898 - instabot version: 0.117.0 (api_login) - DEBUG - Loading uuids
2020-08-14 17:56:17,898 - instabot version: 0.117.0 (api_login) - INFO - Recovery from C:\Users\Gebruiker\Desktop\dev\channel_generator\generator/config/puppies4nations_uuid_and_cookie.json: COOKIE True - UUIDs True - TIMING, DEVICE and ...
- user-agent=Instagram 117.0.0.28.123 Android (28/9.0; 420dpi; 1080x1920; OnePlus; ONEPLUS A3003; OnePlus3; qcom; en_US; 180322800)
- phone_id=e752e0e3-d108-407f-b5c2-f07f0000bed1
- uuid=9c721ac7-9e77-4bba-9152-ac7c7c0ecd03
- client_session_id=51c84dfa-9925-4ae9-b3d3-dbdda9879f63
- device_id=android-5ddf6083ddeebf63
2020-08-14 17:56:17,900 - instabot version: 0.117.0 (api_login) - INFO - LOGIN FLOW! Just logged-in: False
2020-08-14 17:56:19,917 - instabot version: 0.117.0 (api) - DEBUG - POST to endpoint: feed/timeline/ returned response: <Response [200]>
2020-08-14 17:56:20,594 - instabot version: 0.117.0 (api) - DEBUG - POST to endpoint: feed/reels_tray/ returned response: <Response [200]>
2020-08-14 17:56:20,825 - instabot version: 0.117.0 (api) - DEBUG - POST to endpoint: direct_v2/ranked_recipients/ returned response: <Response [200]>
2020-08-14 17:56:21,056 - instabot version: 0.117.0 (api) - DEBUG - POST to endpoint: direct_v2/ranked_recipients/ returned response: <Response [200]>
2020-08-14 17:56:22,746 - instabot version: 0.117.0 (api) - DEBUG - POST to endpoint: direct_v2/inbox/ returned response: <Response [200]>
2020-08-14 17:56:23,172 - instabot version: 0.117.0 (api) - DEBUG - GET to endpoint: direct_v2/get_presence/ returned response: <Response [200]>
2020-08-14 17:56:23,874 - instabot version: 0.117.0 (api) - DEBUG - GET to endpoint: news/inbox/?limited_activity=true&show_su=true returned response: <Response [200]>
2020-08-14 17:56:24,104 - instabot version: 0.117.0 (api) - DEBUG - GET to endpoint: users/profile_notice/ returned response: <Response [200]>
2020-08-14 17:56:24,371 - instabot version: 0.117.0 (api) - DEBUG - POST to endpoint: discover/explore/ returned response: <Response [200]>
2020-08-14 17:56:24,373 - instabot version: 0.117.0 (api) - INFO - Logged-in successfully as 'puppies4nations'!
2020-08-14 17:56:24,375 - instabot version: 0.117.0 (bot_checkpoint) - DEBUG - Loading Checkpoint file from: C:\Users\Gebruiker\Desktop\dev\channel_generator\generator/config/puppies4nations.checkpoint
2020-08-14 17:56:24,376 - instabot version: 0.117.0 (bot_follow) - INFO - Going to follow `user_id` 37224254534.
2020-08-14 17:56:24,380 - instabot version: 0.117.0 (api) - DEBUG - post data: {"user_id": "37224254534", "radio_type": "wifi-none", "device_id": "android-5ddf6083ddeebf63", "_uuid": "9c721ac7-9e77-4bba-9152-ac7c7c0ecd03", "_uid": "38579043486", "_csrftoken": "MIhbLn1IlNphDGr7gIcJWDAH6yZl9H74"}
2020-08-14 17:56:25,282 - instabot version: 0.117.0 (api) - DEBUG - POST to endpoint: friendships/create/37224254534/ returned response: <Response [200]>
2020-08-14 17:56:25,283 - instabot version: 0.117.0 (bot_follow) - INFO - Followed `user_id` 37224254534.
2020-08-14 17:56:26,150 - instabot version: 0.117.0 (api) - DEBUG - GET to endpoint: users/38579043486/info/ returned response: <Response [200]>
2020-08-14 17:56:26,575 - instabot version: 0.117.0 (api) - DEBUG - GET to endpoint: friendships/38579043486/following/?max_id=&ig_sig_key_version=4&rank_token=38579043486_9c721ac7-9e77-4bba-9152-ac7c7c0ecd03 returned response: <Response [200]>
2020-08-14 17:56:26,658 - instabot version: 0.117.0 (api_login) - DEBUG - Loading cookies
2020-08-14 17:56:26,659 - instabot version: 0.117.0 (api_login) - DEBUG - Loading uuids
2020-08-14 17:56:26,659 - instabot version: 0.117.0 (api_login) - INFO - Recovery from C:\Users\Gebruiker\Desktop\dev\channel_generator\generator/config/tripellytrips_uuid_and_cookie.json: COOKIE True - UUIDs True - TIMING, DEVICE and ...
- user-agent=Instagram 117.0.0.28.123 Android (28/9.0; 420dpi; 1080x1920; OnePlus; ONEPLUS A3003; OnePlus3; qcom; en_US; 180322800)
- phone_id=bc145835-28eb-4a14-89a4-7ac029c350d1
- uuid=e1976ccd-0a36-4256-9d53-a00eacfee537
- client_session_id=5d772f20-304e-4dbd-869d-d82560892821
- device_id=android-34cf8b3dcd266555
2020-08-14 17:56:26,661 - instabot version: 0.117.0 (api_login) - INFO - LOGIN FLOW! Just logged-in: False
2020-08-14 17:56:28,384 - instabot version: 0.117.0 (api) - DEBUG - POST to endpoint: feed/timeline/ returned response: <Response [200]>
2020-08-14 17:56:29,119 - instabot version: 0.117.0 (api) - DEBUG - POST to endpoint: feed/reels_tray/ returned response: <Response [200]>
2020-08-14 17:56:29,385 - instabot version: 0.117.0 (api) - DEBUG - POST to endpoint: direct_v2/ranked_recipients/ returned response: <Response [200]>
2020-08-14 17:56:29,636 - instabot version: 0.117.0 (api) - DEBUG - POST to endpoint: direct_v2/ranked_recipients/ returned response: <Response [200]>
2020-08-14 17:56:29,989 - instabot version: 0.117.0 (api) - DEBUG - POST to endpoint: direct_v2/inbox/ returned response: <Response [200]>
2020-08-14 17:56:30,260 - instabot version: 0.117.0 (api) - DEBUG - GET to endpoint: direct_v2/get_presence/ returned response: <Response [200]>
2020-08-14 17:56:30,934 - instabot version: 0.117.0 (api) - DEBUG - GET to endpoint: news/inbox/?limited_activity=true&show_su=true returned response: <Response [200]>
2020-08-14 17:56:31,206 - instabot version: 0.117.0 (api) - DEBUG - GET to endpoint: users/profile_notice/ returned response: <Response [200]>
2020-08-14 17:56:31,496 - instabot version: 0.117.0 (api) - DEBUG - POST to endpoint: discover/explore/ returned response: <Response [200]>
2020-08-14 17:56:31,498 - instabot version: 0.117.0 (api) - INFO - Logged-in successfully as 'tripellytrips'!
2020-08-14 17:56:31,500 - instabot version: 0.117.0 (bot_checkpoint) - DEBUG - Loading Checkpoint file from: C:\Users\Gebruiker\Desktop\dev\channel_generator\generator/config/tripellytrips.checkpoint
2020-08-14 17:56:31,500 - instabot version: 0.117.0 (bot_follow) - INFO - Going to follow `user_id` 287654715.
2020-08-14 17:59:19,506 - instabot version: 0.117.0 (api) - DEBUG - post data: {"user_id": "287654715", "radio_type": "wifi-none", "device_id": "android-34cf8b3dcd266555", "_uuid": "e1976ccd-0a36-4256-9d53-a00eacfee537", "_uid": "23903893713", "_csrftoken": "Jvy14iXS4dgrhHqqece6xYK3VMvQmQSO"}
2020-08-14 17:59:20,476 - instabot version: 0.117.0 (api) - DEBUG - POST to endpoint: friendships/create/287654715/ returned response: <Response [200]>
2020-08-14 17:59:20,476 - instabot version: 0.117.0 (bot_follow) - INFO - Followed `user_id` 287654715.
2020-08-14 17:59:20,511 - instabot version: 0.117.0 (bot_checkpoint) - DEBUG - Saving Checkpoint file to: C:\Users\Gebruiker\Desktop\dev\channel_generator\generator/config/tripellytrips.checkpoint
2020-08-14 17:59:20,511 - instabot version: 0.117.0 (bot) - INFO - Total follows: 2/50
2020-08-14 17:59:20,512 - instabot version: 0.117.0 (bot) - INFO - Total requests: 427
2020-08-14 17:59:20,512 - instabot version: 0.117.0 (bot_checkpoint) - DEBUG - Saving Checkpoint file to: C:\Users\Gebruiker\Desktop\dev\channel_generator\generator/config/tripellytrips.checkpoint
2020-08-14 17:59:20,512 - instabot version: 0.117.0 (bot) - INFO - Total follows: 2/50
2020-08-14 17:59:20,513 - instabot version: 0.117.0 (bot) - INFO - Total requests: 427
