2020-07-29 17:17:54,170 - instabot version: 0.117.0 (bot) - INFO - Instabot version: 0.117.0 Started
2020-07-29 17:17:54,170 - instabot version: 0.117.0 (bot) - DEBUG - Bot imported from C:\Users\Gebruiker\Desktop\dev\channel_generator\venv\lib\site-packages\instabot\bot\bot.py
2020-07-29 17:17:54,171 - instabot version: 0.117.0 (api_login) - DEBUG - Loading cookies
2020-07-29 17:17:54,171 - instabot version: 0.117.0 (api_login) - DEBUG - Loading uuids
2020-07-29 17:17:54,171 - instabot version: 0.117.0 (api_login) - INFO - Recovery from C:\Users\Gebruiker\Desktop\dev\channel_generator\generator/config/puppies4nations_uuid_and_cookie.json: COOKIE True - UUIDs True - TIMING, DEVICE and ...
- user-agent=Instagram 117.0.0.28.123 Android (28/9.0; 420dpi; 1080x1920; OnePlus; ONEPLUS A3003; OnePlus3; qcom; en_US; 180322800)
- phone_id=e752e0e3-d108-407f-b5c2-f07f0000bed1
- uuid=9c721ac7-9e77-4bba-9152-ac7c7c0ecd03
- client_session_id=a8d6f2e5-726e-4273-9184-10916956709a
- device_id=android-5ddf6083ddeebf63
2020-07-29 17:17:54,175 - instabot version: 0.117.0 (api_login) - INFO - LOGIN FLOW! Just logged-in: False
2020-07-29 17:17:55,859 - instabot version: 0.117.0 (api) - DEBUG - POST to endpoint: feed/timeline/ returned response: <Response [200]>
2020-07-29 17:17:56,229 - instabot version: 0.117.0 (api) - DEBUG - POST to endpoint: feed/reels_tray/ returned response: <Response [200]>
2020-07-29 17:17:56,231 - instabot version: 0.117.0 (api) - INFO - Logged-in successfully as 'puppies4nations'!
2020-07-29 17:17:56,231 - instabot version: 0.117.0 (bot_checkpoint) - DEBUG - Loading Checkpoint file from: C:\Users\Gebruiker\Desktop\dev\channel_generator\generator/config/puppies4nations.checkpoint
2020-07-29 17:18:10,143 - instabot version: 0.117.0 (api) - DEBUG - GET to endpoint: users/rudolphsebas/usernameinfo/ returned response: <Response [200]>
2020-07-29 17:18:11,247 - instabot version: 0.117.0 (api) - DEBUG - GET to endpoint: users/2440677292/info/ returned response: <Response [200]>
2020-07-29 17:18:11,537 - instabot version: 0.117.0 (api) - DEBUG - GET to endpoint: friendships/2440677292/followers/?rank_token=38579043486_9c721ac7-9e77-4bba-9152-ac7c7c0ecd03 returned response: <Response [200]>
2020-07-29 17:18:11,797 - instabot version: 0.117.0 (api) - DEBUG - GET to endpoint: friendships/2440677292/followers/?rank_token=38579043486_9c721ac7-9e77-4bba-9152-ac7c7c0ecd03&max_id=QVFDMk5GUVM1UXo3akYwR3dydDVLX2VBMktDY1hBdm15V1lxd1M2WXlvMHllT1BZN3FrRUhsb2dpQjRPRExZdEpDbkVyRm9qLTMtOGt3aWYwbkh1MnFKXw== returned response: <Response [200]>
2020-07-29 17:18:12,120 - instabot version: 0.117.0 (api) - DEBUG - GET to endpoint: friendships/2440677292/followers/?rank_token=38579043486_9c721ac7-9e77-4bba-9152-ac7c7c0ecd03&max_id=QVFCWmpQUTQ1UnpCNk1HTk9QRkh2V2JYakx6czQ5VS1BNlJ0QmZPWEplRFZhbGZGRGhxdTRCWHNmbEYzR0NOWjdHT2NFMDJDUzVIclNfaDZLcXdmX0R4Ng== returned response: <Response [200]>
2020-07-29 17:18:12,376 - instabot version: 0.117.0 (api) - DEBUG - GET to endpoint: friendships/2440677292/followers/?rank_token=38579043486_9c721ac7-9e77-4bba-9152-ac7c7c0ecd03&max_id=QVFDMXFwZC1wTk1VZ3JDUjFMajhvZzY3R3pzb05HeXpYV0M2enRsVFpFUnZiRWM4ODVrMkhuS0gtRDFpVGhCeWVMeWtEQkRvSVMzdUhfOFpJOHN4MFRjcg== returned response: <Response [200]>
2020-07-29 17:18:12,608 - instabot version: 0.117.0 (api) - DEBUG - GET to endpoint: friendships/2440677292/followers/?rank_token=38579043486_9c721ac7-9e77-4bba-9152-ac7c7c0ecd03&max_id=QVFDZTRvTC1salJ0bTFkRGRpTE9NNU1hTjdQdDNkT0pMUGZGemxrY1pEa0pFekdsTDZuVFNudHhPV3JodHZTRkp4T2RlMUwyVEV6QXN6VE83R1plVHp5Yw== returned response: <Response [200]>
2020-07-29 17:23:16,609 - instabot version: 0.117.0 (bot_checkpoint) - DEBUG - Saving Checkpoint file to: C:\Users\Gebruiker\Desktop\dev\channel_generator\generator/config/puppies4nations.checkpoint
2020-07-29 17:23:16,609 - instabot version: 0.117.0 (bot) - INFO - Total requests: 52
