2020-08-12 14:22:23,242 - instabot version: 0.117.0 (bot) - INFO - Instabot version: 0.117.0 Started
2020-08-12 14:22:23,243 - instabot version: 0.117.0 (bot) - DEBUG - Bot imported from C:\Users\Gebruiker\Desktop\dev\channel_generator\venv\lib\site-packages\instabot\bot\bot.py
2020-08-12 14:22:53,061 - instabot version: 0.117.0 (api_login) - DEBUG - Loading cookies
2020-08-12 14:22:53,062 - instabot version: 0.117.0 (api_login) - DEBUG - Loading uuids
2020-08-12 14:22:53,063 - instabot version: 0.117.0 (api_login) - INFO - Recovery from C:\Users\Gebruiker\Desktop\dev\channel_generator\generator/config/puppies4nations_uuid_and_cookie.json: COOKIE True - UUIDs True - TIMING, DEVICE and ...
- user-agent=Instagram 117.0.0.28.123 Android (28/9.0; 420dpi; 1080x1920; OnePlus; ONEPLUS A3003; OnePlus3; qcom; en_US; 180322800)
- phone_id=e752e0e3-d108-407f-b5c2-f07f0000bed1
- uuid=9c721ac7-9e77-4bba-9152-ac7c7c0ecd03
- client_session_id=c633b058-b274-4fed-90d8-9e176b9bba7d
- device_id=android-5ddf6083ddeebf63
2020-08-12 14:22:53,068 - instabot version: 0.117.0 (api_login) - INFO - LOGIN FLOW! Just logged-in: False
2020-08-12 14:22:53,398 - instabot version: 0.117.0 (api_login) - DEBUG - Loading cookies
2020-08-12 14:22:53,399 - instabot version: 0.117.0 (api_login) - DEBUG - Loading uuids
2020-08-12 14:22:53,399 - instabot version: 0.117.0 (api_login) - INFO - Recovery from C:\Users\Gebruiker\Desktop\dev\channel_generator\generator/config/puppies4nations_uuid_and_cookie.json: COOKIE True - UUIDs True - TIMING, DEVICE and ...
- user-agent=Instagram 117.0.0.28.123 Android (28/9.0; 420dpi; 1080x1920; OnePlus; ONEPLUS A3003; OnePlus3; qcom; en_US; 180322800)
- phone_id=e752e0e3-d108-407f-b5c2-f07f0000bed1
- uuid=9c721ac7-9e77-4bba-9152-ac7c7c0ecd03
- client_session_id=c633b058-b274-4fed-90d8-9e176b9bba7d
- device_id=android-5ddf6083ddeebf63
2020-08-12 14:22:53,403 - instabot version: 0.117.0 (api_login) - INFO - LOGIN FLOW! Just logged-in: False
2020-08-12 14:22:54,869 - instabot version: 0.117.0 (api) - DEBUG - POST to endpoint: feed/timeline/ returned response: <Response [200]>
2020-08-12 14:22:55,360 - instabot version: 0.117.0 (api) - DEBUG - POST to endpoint: feed/timeline/ returned response: <Response [200]>
2020-08-12 14:22:55,520 - instabot version: 0.117.0 (api) - DEBUG - POST to endpoint: feed/reels_tray/ returned response: <Response [200]>
2020-08-12 14:22:55,523 - instabot version: 0.117.0 (api) - INFO - Logged-in successfully as 'puppies4nations'!
2020-08-12 14:22:55,524 - instabot version: 0.117.0 (bot_checkpoint) - DEBUG - Loading Checkpoint file from: C:\Users\Gebruiker\Desktop\dev\channel_generator\generator/config/puppies4nations.checkpoint
2020-08-12 14:22:56,022 - instabot version: 0.117.0 (api) - DEBUG - POST to endpoint: feed/reels_tray/ returned response: <Response [200]>
2020-08-12 14:22:56,025 - instabot version: 0.117.0 (api) - INFO - Logged-in successfully as 'puppies4nations'!
2020-08-12 14:22:56,025 - instabot version: 0.117.0 (bot_checkpoint) - DEBUG - Loading Checkpoint file from: C:\Users\Gebruiker\Desktop\dev\channel_generator\generator/config/puppies4nations.checkpoint
2020-08-12 14:25:55,288 - instabot version: 0.117.0 (api_login) - DEBUG - Loading cookies
2020-08-12 14:25:55,288 - instabot version: 0.117.0 (api_login) - DEBUG - Loading uuids
2020-08-12 14:25:55,289 - instabot version: 0.117.0 (api_login) - INFO - Recovery from C:\Users\Gebruiker\Desktop\dev\channel_generator\generator/config/puppies4nations_uuid_and_cookie.json: COOKIE True - UUIDs True - TIMING, DEVICE and ...
- user-agent=Instagram 117.0.0.28.123 Android (28/9.0; 420dpi; 1080x1920; OnePlus; ONEPLUS A3003; OnePlus3; qcom; en_US; 180322800)
- phone_id=e752e0e3-d108-407f-b5c2-f07f0000bed1
- uuid=9c721ac7-9e77-4bba-9152-ac7c7c0ecd03
- client_session_id=c633b058-b274-4fed-90d8-9e176b9bba7d
- device_id=android-5ddf6083ddeebf63
2020-08-12 14:25:55,290 - instabot version: 0.117.0 (api_login) - INFO - LOGIN FLOW! Just logged-in: False
2020-08-12 14:25:56,921 - instabot version: 0.117.0 (api) - DEBUG - POST to endpoint: feed/timeline/ returned response: <Response [200]>
2020-08-12 14:25:57,669 - instabot version: 0.117.0 (api) - DEBUG - POST to endpoint: feed/reels_tray/ returned response: <Response [200]>
2020-08-12 14:25:57,672 - instabot version: 0.117.0 (api) - INFO - Logged-in successfully as 'puppies4nations'!
2020-08-12 14:25:57,673 - instabot version: 0.117.0 (bot_checkpoint) - DEBUG - Loading Checkpoint file from: C:\Users\Gebruiker\Desktop\dev\channel_generator\generator/config/puppies4nations.checkpoint
2020-08-12 14:26:20,003 - instabot version: 0.117.0 (api) - DEBUG - POST to endpoint: media/configure/? returned response: <Response [200]>
2020-08-12 14:26:20,256 - instabot version: 0.117.0 (api) - DEBUG - POST to endpoint: qe/expose/ returned response: <Response [200]>
2020-08-12 14:26:20,258 - instabot version: 0.117.0 (bot_photo) - INFO - Photo 'static/img/47386098_719682988414382_5698447409265336778_n.jpg' is uploaded.
2020-08-12 14:29:16,267 - instabot version: 0.117.0 (bot_checkpoint) - DEBUG - Saving Checkpoint file to: C:\Users\Gebruiker\Desktop\dev\channel_generator\generator/config/puppies4nations.checkpoint
2020-08-12 14:29:16,268 - instabot version: 0.117.0 (bot) - INFO - Total follows: 1/78
2020-08-12 14:29:16,269 - instabot version: 0.117.0 (bot) - INFO - Total unfollows: 2/66
2020-08-12 14:29:16,269 - instabot version: 0.117.0 (bot) - INFO - Total requests: 453
2020-08-12 14:29:16,270 - instabot version: 0.117.0 (bot_checkpoint) - DEBUG - Saving Checkpoint file to: C:\Users\Gebruiker\Desktop\dev\channel_generator\generator/config/puppies4nations.checkpoint
2020-08-12 14:29:16,271 - instabot version: 0.117.0 (bot) - INFO - Total follows: 1/78
2020-08-12 14:29:16,271 - instabot version: 0.117.0 (bot) - INFO - Total unfollows: 2/66
2020-08-12 14:29:16,272 - instabot version: 0.117.0 (bot) - INFO - Total requests: 453
2020-08-12 14:29:16,273 - instabot version: 0.117.0 (bot_checkpoint) - DEBUG - Saving Checkpoint file to: C:\Users\Gebruiker\Desktop\dev\channel_generator\generator/config/puppies4nations.checkpoint
2020-08-12 14:29:16,274 - instabot version: 0.117.0 (bot) - INFO - Total follows: 1/78
2020-08-12 14:29:16,274 - instabot version: 0.117.0 (bot) - INFO - Total unfollows: 2/66
2020-08-12 14:29:16,274 - instabot version: 0.117.0 (bot) - INFO - Total requests: 453
