2020-08-12 13:28:32,209 - instabot version: 0.117.0 (bot) - INFO - Instabot version: 0.117.0 Started
2020-08-12 13:28:32,210 - instabot version: 0.117.0 (bot) - DEBUG - Bot imported from C:\Users\Gebruiker\Desktop\dev\channel_generator\venv\lib\site-packages\instabot\bot\bot.py
2020-08-12 13:28:34,214 - instabot version: 0.117.0 (api_login) - DEBUG - Loading cookies
2020-08-12 13:28:34,215 - instabot version: 0.117.0 (api_login) - DEBUG - Loading uuids
2020-08-12 13:28:34,216 - instabot version: 0.117.0 (api_login) - INFO - Recovery from C:\Users\Gebruiker\Desktop\dev\channel_generator\generator/config/puppies4nations_uuid_and_cookie.json: COOKIE True - UUIDs True - TIMING, DEVICE and ...
- user-agent=Instagram 117.0.0.28.123 Android (28/9.0; 420dpi; 1080x1920; OnePlus; ONEPLUS A3003; OnePlus3; qcom; en_US; 180322800)
- phone_id=e752e0e3-d108-407f-b5c2-f07f0000bed1
- uuid=9c721ac7-9e77-4bba-9152-ac7c7c0ecd03
- client_session_id=8ae1c597-f3c4-4ab1-9b9c-fe863414b35c
- device_id=android-5ddf6083ddeebf63
2020-08-12 13:28:34,217 - instabot version: 0.117.0 (api_login) - INFO - LOGIN FLOW! Just logged-in: False
2020-08-12 13:28:34,601 - instabot version: 0.117.0 (api_login) - DEBUG - Loading cookies
2020-08-12 13:28:34,602 - instabot version: 0.117.0 (api_login) - DEBUG - Loading uuids
2020-08-12 13:28:34,602 - instabot version: 0.117.0 (api_login) - INFO - Recovery from C:\Users\Gebruiker\Desktop\dev\channel_generator\generator/config/puppies4nations_uuid_and_cookie.json: COOKIE True - UUIDs True - TIMING, DEVICE and ...
- user-agent=Instagram 117.0.0.28.123 Android (28/9.0; 420dpi; 1080x1920; OnePlus; ONEPLUS A3003; OnePlus3; qcom; en_US; 180322800)
- phone_id=e752e0e3-d108-407f-b5c2-f07f0000bed1
- uuid=9c721ac7-9e77-4bba-9152-ac7c7c0ecd03
- client_session_id=8ae1c597-f3c4-4ab1-9b9c-fe863414b35c
- device_id=android-5ddf6083ddeebf63
2020-08-12 13:28:34,603 - instabot version: 0.117.0 (api_login) - INFO - LOGIN FLOW! Just logged-in: False
2020-08-12 13:28:35,795 - instabot version: 0.117.0 (api) - DEBUG - POST to endpoint: feed/timeline/ returned response: <Response [200]>
2020-08-12 13:28:35,829 - instabot version: 0.117.0 (api) - DEBUG - POST to endpoint: feed/timeline/ returned response: <Response [200]>
2020-08-12 13:28:36,533 - instabot version: 0.117.0 (api) - DEBUG - POST to endpoint: feed/reels_tray/ returned response: <Response [200]>
2020-08-12 13:28:36,536 - instabot version: 0.117.0 (api) - INFO - Logged-in successfully as 'puppies4nations'!
2020-08-12 13:28:36,537 - instabot version: 0.117.0 (bot_checkpoint) - DEBUG - Loading Checkpoint file from: C:\Users\Gebruiker\Desktop\dev\channel_generator\generator/config/puppies4nations.checkpoint
2020-08-12 13:28:36,601 - instabot version: 0.117.0 (api) - DEBUG - POST to endpoint: feed/reels_tray/ returned response: <Response [200]>
2020-08-12 13:28:36,605 - instabot version: 0.117.0 (api) - INFO - Logged-in successfully as 'puppies4nations'!
2020-08-12 13:28:36,606 - instabot version: 0.117.0 (bot_checkpoint) - DEBUG - Loading Checkpoint file from: C:\Users\Gebruiker\Desktop\dev\channel_generator\generator/config/puppies4nations.checkpoint
2020-08-12 13:28:56,753 - instabot version: 0.117.0 (bot_checkpoint) - DEBUG - Saving Checkpoint file to: C:\Users\Gebruiker\Desktop\dev\channel_generator\generator/config/puppies4nations.checkpoint
2020-08-12 13:28:56,754 - instabot version: 0.117.0 (bot) - INFO - Total follows: 1/52
2020-08-12 13:28:56,755 - instabot version: 0.117.0 (bot) - INFO - Total unfollows: 2/56
2020-08-12 13:28:56,755 - instabot version: 0.117.0 (bot) - INFO - Total requests: 449
2020-08-12 13:28:56,756 - instabot version: 0.117.0 (bot_checkpoint) - DEBUG - Saving Checkpoint file to: C:\Users\Gebruiker\Desktop\dev\channel_generator\generator/config/puppies4nations.checkpoint
2020-08-12 13:28:56,757 - instabot version: 0.117.0 (bot) - INFO - Total follows: 1/52
2020-08-12 13:28:56,757 - instabot version: 0.117.0 (bot) - INFO - Total unfollows: 2/56
2020-08-12 13:28:56,758 - instabot version: 0.117.0 (bot) - INFO - Total requests: 449
