2020-08-14 17:13:34,768 - instabot version: 0.117.0 (bot) - INFO - Instabot version: 0.117.0 Started
2020-08-14 17:13:34,769 - instabot version: 0.117.0 (bot) - DEBUG - Bot imported from C:\Users\Gebruiker\Desktop\dev\channel_generator\venv\lib\site-packages\instabot\bot\bot.py
2020-08-14 17:13:34,780 - instabot version: 0.117.0 (api_login) - DEBUG - Loading cookies
2020-08-14 17:13:34,783 - instabot version: 0.117.0 (api_login) - DEBUG - Loading uuids
2020-08-14 17:13:34,784 - instabot version: 0.117.0 (api_login) - INFO - Recovery from C:\Users\Gebruiker\Desktop\dev\channel_generator\generator/config/puppies4nations_uuid_and_cookie.json: COOKIE True - UUIDs True - TIMING, DEVICE and ...
- user-agent=Instagram 117.0.0.28.123 Android (28/9.0; 420dpi; 1080x1920; OnePlus; ONEPLUS A3003; OnePlus3; qcom; en_US; 180322800)
- phone_id=e752e0e3-d108-407f-b5c2-f07f0000bed1
- uuid=9c721ac7-9e77-4bba-9152-ac7c7c0ecd03
- client_session_id=d16f5b6c-7bf0-46b1-bc62-c231ba89529b
- device_id=android-5ddf6083ddeebf63
2020-08-14 17:13:34,785 - instabot version: 0.117.0 (api_login) - INFO - LOGIN FLOW! Just logged-in: False
2020-08-14 17:13:36,239 - instabot version: 0.117.0 (api) - DEBUG - POST to endpoint: feed/timeline/ returned response: <Response [200]>
2020-08-14 17:13:37,037 - instabot version: 0.117.0 (api) - DEBUG - POST to endpoint: feed/reels_tray/ returned response: <Response [200]>
2020-08-14 17:13:37,571 - instabot version: 0.117.0 (api) - DEBUG - POST to endpoint: direct_v2/ranked_recipients/ returned response: <Response [200]>
2020-08-14 17:13:37,932 - instabot version: 0.117.0 (api) - DEBUG - POST to endpoint: direct_v2/ranked_recipients/ returned response: <Response [200]>
2020-08-14 17:13:38,559 - instabot version: 0.117.0 (api) - DEBUG - POST to endpoint: direct_v2/inbox/ returned response: <Response [200]>
2020-08-14 17:13:39,154 - instabot version: 0.117.0 (api) - DEBUG - GET to endpoint: direct_v2/get_presence/ returned response: <Response [200]>
2020-08-14 17:13:40,790 - instabot version: 0.117.0 (api) - DEBUG - GET to endpoint: news/inbox/?limited_activity=true&show_su=true returned response: <Response [200]>
2020-08-14 17:13:41,606 - instabot version: 0.117.0 (api) - DEBUG - GET to endpoint: users/profile_notice/ returned response: <Response [200]>
2020-08-14 17:13:42,276 - instabot version: 0.117.0 (api) - DEBUG - POST to endpoint: discover/explore/ returned response: <Response [200]>
2020-08-14 17:13:42,278 - instabot version: 0.117.0 (api) - INFO - Logged-in successfully as 'puppies4nations'!
2020-08-14 17:13:42,279 - instabot version: 0.117.0 (bot_checkpoint) - DEBUG - Loading Checkpoint file from: C:\Users\Gebruiker\Desktop\dev\channel_generator\generator/config/puppies4nations.checkpoint
2020-08-14 17:13:42,347 - instabot version: 0.117.0 (bot_follow) - INFO - Going to follow `user_id` 30659828034.
2020-08-14 17:13:42,349 - instabot version: 0.117.0 (api) - DEBUG - post data: {"user_id": "30659828034", "radio_type": "wifi-none", "device_id": "android-5ddf6083ddeebf63", "_uuid": "9c721ac7-9e77-4bba-9152-ac7c7c0ecd03", "_uid": "38579043486", "_csrftoken": "MIhbLn1IlNphDGr7gIcJWDAH6yZl9H74"}
2020-08-14 17:13:44,203 - instabot version: 0.117.0 (api) - DEBUG - POST to endpoint: friendships/create/30659828034/ returned response: <Response [200]>
2020-08-14 17:13:44,203 - instabot version: 0.117.0 (bot_follow) - INFO - Followed `user_id` 30659828034.
2020-08-14 17:13:45,757 - instabot version: 0.117.0 (api) - DEBUG - GET to endpoint: users/38579043486/info/ returned response: <Response [200]>
2020-08-14 17:13:46,871 - instabot version: 0.117.0 (api) - DEBUG - GET to endpoint: friendships/38579043486/following/?max_id=&ig_sig_key_version=4&rank_token=38579043486_9c721ac7-9e77-4bba-9152-ac7c7c0ecd03 returned response: <Response [200]>
2020-08-14 17:13:46,894 - instabot version: 0.117.0 (api_login) - DEBUG - Loading cookies
2020-08-14 17:13:46,894 - instabot version: 0.117.0 (api_login) - DEBUG - Loading uuids
2020-08-14 17:13:46,894 - instabot version: 0.117.0 (api_login) - INFO - Recovery from C:\Users\Gebruiker\Desktop\dev\channel_generator\generator/config/tripellytrips_uuid_and_cookie.json: COOKIE True - UUIDs True - TIMING, DEVICE and ...
- user-agent=Instagram 117.0.0.28.123 Android (28/9.0; 420dpi; 1080x1920; OnePlus; ONEPLUS A3003; OnePlus3; qcom; en_US; 180322800)
- phone_id=bc145835-28eb-4a14-89a4-7ac029c350d1
- uuid=e1976ccd-0a36-4256-9d53-a00eacfee537
- client_session_id=5b37c9f6-197d-4b8d-a7c8-c5e5070f1936
- device_id=android-34cf8b3dcd266555
2020-08-14 17:13:46,896 - instabot version: 0.117.0 (api_login) - INFO - LOGIN FLOW! Just logged-in: False
2020-08-14 17:13:49,484 - instabot version: 0.117.0 (api) - DEBUG - POST to endpoint: feed/timeline/ returned response: <Response [200]>
2020-08-14 17:13:50,336 - instabot version: 0.117.0 (api) - DEBUG - POST to endpoint: feed/reels_tray/ returned response: <Response [200]>
2020-08-14 17:13:50,338 - instabot version: 0.117.0 (api) - INFO - Logged-in successfully as 'tripellytrips'!
2020-08-14 17:13:50,339 - instabot version: 0.117.0 (bot_checkpoint) - DEBUG - Loading Checkpoint file from: C:\Users\Gebruiker\Desktop\dev\channel_generator\generator/config/tripellytrips.checkpoint
2020-08-14 17:13:50,350 - instabot version: 0.117.0 (bot_checkpoint) - DEBUG - Saving Checkpoint file to: C:\Users\Gebruiker\Desktop\dev\channel_generator\generator/config/tripellytrips.checkpoint
2020-08-14 17:13:50,350 - instabot version: 0.117.0 (bot) - INFO - Total follows: 2/75
2020-08-14 17:13:50,352 - instabot version: 0.117.0 (bot) - INFO - Total unfollows: 1/70
2020-08-14 17:13:50,354 - instabot version: 0.117.0 (bot) - INFO - Total requests: 398
2020-08-14 17:13:50,355 - instabot version: 0.117.0 (bot_checkpoint) - DEBUG - Saving Checkpoint file to: C:\Users\Gebruiker\Desktop\dev\channel_generator\generator/config/tripellytrips.checkpoint
2020-08-14 17:13:50,355 - instabot version: 0.117.0 (bot) - INFO - Total follows: 2/75
2020-08-14 17:13:50,356 - instabot version: 0.117.0 (bot) - INFO - Total unfollows: 1/70
2020-08-14 17:13:50,357 - instabot version: 0.117.0 (bot) - INFO - Total requests: 398
