2020-08-02 18:12:44,728 - instabot version: 0.117.0 (bot) - INFO - Instabot version: 0.117.0 Started
2020-08-02 18:12:44,729 - instabot version: 0.117.0 (bot) - DEBUG - Bot imported from C:\Users\Gebruiker\Desktop\dev\channel_generator\venv\lib\site-packages\instabot\bot\bot.py
2020-08-02 18:12:44,729 - instabot version: 0.117.0 (api_login) - DEBUG - Loading cookies
2020-08-02 18:12:44,730 - instabot version: 0.117.0 (api_login) - DEBUG - Loading uuids
2020-08-02 18:12:44,730 - instabot version: 0.117.0 (api_login) - INFO - Recovery from C:\Users\Gebruiker\Desktop\dev\channel_generator\generator/config/puppies4nations_uuid_and_cookie.json: COOKIE True - UUIDs True - TIMING, DEVICE and ...
- user-agent=Instagram 117.0.0.28.123 Android (28/9.0; 420dpi; 1080x1920; OnePlus; ONEPLUS A3003; OnePlus3; qcom; en_US; 180322800)
- phone_id=e752e0e3-d108-407f-b5c2-f07f0000bed1
- uuid=9c721ac7-9e77-4bba-9152-ac7c7c0ecd03
- client_session_id=61341b22-a2f9-4339-a4f3-0000c122cfdb
- device_id=android-5ddf6083ddeebf63
2020-08-02 18:12:44,730 - instabot version: 0.117.0 (api_login) - INFO - LOGIN FLOW! Just logged-in: False
2020-08-02 18:12:46,257 - instabot version: 0.117.0 (api) - DEBUG - POST to endpoint: feed/timeline/ returned response: <Response [200]>
2020-08-02 18:12:46,784 - instabot version: 0.117.0 (api) - DEBUG - POST to endpoint: feed/reels_tray/ returned response: <Response [200]>
2020-08-02 18:12:46,786 - instabot version: 0.117.0 (api) - INFO - Logged-in successfully as 'puppies4nations'!
2020-08-02 18:12:46,786 - instabot version: 0.117.0 (bot_checkpoint) - DEBUG - Loading Checkpoint file from: C:\Users\Gebruiker\Desktop\dev\channel_generator\generator/config/puppies4nations.checkpoint
2020-08-02 18:12:47,421 - instabot version: 0.117.0 (bot_follow) - INFO - Going to follow `user_id` 38777077416.
2020-08-02 18:12:47,422 - instabot version: 0.117.0 (api) - DEBUG - post data: {"user_id": "38777077416", "radio_type": "wifi-none", "device_id": "android-5ddf6083ddeebf63", "_uuid": "9c721ac7-9e77-4bba-9152-ac7c7c0ecd03", "_uid": "38579043486", "_csrftoken": "MIhbLn1IlNphDGr7gIcJWDAH6yZl9H74"}
2020-08-02 18:12:48,236 - instabot version: 0.117.0 (api) - DEBUG - POST to endpoint: friendships/create/38777077416/ returned response: <Response [200]>
2020-08-02 18:12:48,236 - instabot version: 0.117.0 (bot_follow) - INFO - Followed `user_id` 38777077416.
2020-08-02 18:12:48,918 - instabot version: 0.117.0 (api) - DEBUG - GET to endpoint: users/38579043486/info/ returned response: <Response [200]>
2020-08-02 18:12:49,423 - instabot version: 0.117.0 (api) - DEBUG - GET to endpoint: friendships/38579043486/following/?max_id=&ig_sig_key_version=4&rank_token=38579043486_9c721ac7-9e77-4bba-9152-ac7c7c0ecd03 returned response: <Response [200]>
2020-08-02 18:12:51,432 - instabot version: 0.117.0 (bot_follow) - INFO - Going to follow `user_id` 38475790108.
2020-08-02 18:14:05,864 - instabot version: 0.117.0 (bot_checkpoint) - DEBUG - Saving Checkpoint file to: C:\Users\Gebruiker\Desktop\dev\channel_generator\generator/config/puppies4nations.checkpoint
2020-08-02 18:14:05,865 - instabot version: 0.117.0 (bot) - INFO - Total follows: 37/64
2020-08-02 18:14:05,865 - instabot version: 0.117.0 (bot) - INFO - Total requests: 208
