2020-08-06 11:00:06,430 - instabot version: 0.117.0 (bot) - INFO - Instabot version: 0.117.0 Started
2020-08-06 11:00:06,431 - instabot version: 0.117.0 (bot) - DEBUG - Bot imported from C:\Users\Gebruiker\Desktop\dev\channel_generator\venv\lib\site-packages\instabot\bot\bot.py
2020-08-06 11:00:15,545 - instabot version: 0.117.0 (api_login) - DEBUG - Loading cookies
2020-08-06 11:00:15,545 - instabot version: 0.117.0 (api_login) - DEBUG - Loading uuids
2020-08-06 11:00:15,546 - instabot version: 0.117.0 (api_login) - INFO - Recovery from C:\Users\Gebruiker\Desktop\dev\channel_generator\generator/config/puppies4nations_uuid_and_cookie.json: COOKIE True - UUIDs True - TIMING, DEVICE and ...
- user-agent=Instagram 117.0.0.28.123 Android (28/9.0; 420dpi; 1080x1920; OnePlus; ONEPLUS A3003; OnePlus3; qcom; en_US; 180322800)
- phone_id=e752e0e3-d108-407f-b5c2-f07f0000bed1
- uuid=9c721ac7-9e77-4bba-9152-ac7c7c0ecd03
- client_session_id=07ae3f33-5fb4-4fa7-b0c6-e26fa54977b9
- device_id=android-5ddf6083ddeebf63
2020-08-06 11:00:15,547 - instabot version: 0.117.0 (api_login) - INFO - LOGIN FLOW! Just logged-in: False
2020-08-06 11:00:16,964 - instabot version: 0.117.0 (api) - DEBUG - POST to endpoint: feed/timeline/ returned response: <Response [200]>
2020-08-06 11:00:17,455 - instabot version: 0.117.0 (api) - DEBUG - POST to endpoint: feed/reels_tray/ returned response: <Response [200]>
2020-08-06 11:00:17,456 - instabot version: 0.117.0 (api) - INFO - Logged-in successfully as 'puppies4nations'!
2020-08-06 11:00:17,457 - instabot version: 0.117.0 (bot_checkpoint) - DEBUG - Loading Checkpoint file from: C:\Users\Gebruiker\Desktop\dev\channel_generator\generator/config/puppies4nations.checkpoint
2020-08-06 11:00:17,669 - instabot version: 0.117.0 (api) - DEBUG - GET to endpoint: users/rudolphsebas/usernameinfo/ returned response: <Response [200]>
2020-08-06 11:00:18,348 - instabot version: 0.117.0 (api) - DEBUG - GET to endpoint: users/2440677292/info/ returned response: <Response [200]>
2020-08-06 11:00:18,649 - instabot version: 0.117.0 (api) - DEBUG - GET to endpoint: friendships/2440677292/followers/?rank_token=38579043486_9c721ac7-9e77-4bba-9152-ac7c7c0ecd03 returned response: <Response [200]>
2020-08-06 11:00:19,017 - instabot version: 0.117.0 (api) - DEBUG - GET to endpoint: friendships/2440677292/followers/?rank_token=38579043486_9c721ac7-9e77-4bba-9152-ac7c7c0ecd03&max_id=QVFBdGJ3VTNaMEhodmo5M3RyMkRJSE5QQ1dLZnBTdFNVYldKVC1tZk5KNmF3al9oY3N6Z2JwSjFZeEg4WEtENXQ2QnozRnFuaXo2aUFzUW0zMmtiWC1OTw== returned response: <Response [200]>
2020-08-06 11:00:19,297 - instabot version: 0.117.0 (api) - DEBUG - GET to endpoint: friendships/2440677292/followers/?rank_token=38579043486_9c721ac7-9e77-4bba-9152-ac7c7c0ecd03&max_id=QVFBMlhiT3lnQ2NUOEt2U196c1B4OXo2UzJNWUVoM0h6aWJwTVlld0pCZC05bTFrSkVlS0VuSUdleTVYVFNDV013NFRiWi01M0dEbTFmN3RKeFozZFFvOQ== returned response: <Response [200]>
2020-08-06 11:00:19,558 - instabot version: 0.117.0 (api) - DEBUG - GET to endpoint: friendships/2440677292/followers/?rank_token=38579043486_9c721ac7-9e77-4bba-9152-ac7c7c0ecd03&max_id=QVFBN1VBamVsbFZ4aHgtUWJTT05hQy1EbjJDa2VNLXN4R2hzWElHU2NOZXVlVHVaZFhvU3pSUWh4SUJaaHlkdHo5OTFVNEdJbDJiTzQ2cFhsa1FxQzk3OA== returned response: <Response [200]>
2020-08-06 11:00:19,785 - instabot version: 0.117.0 (api) - DEBUG - GET to endpoint: friendships/2440677292/followers/?rank_token=38579043486_9c721ac7-9e77-4bba-9152-ac7c7c0ecd03&max_id=QVFCZEJfLTJYVDExYUVKRkZxUnJwWmJqblNISURsWG1fc3VkS2c1Vml5WHV5RW5zbWFaYmVLTERqMkJLN1RNaEx1RjI2ZWtDUk9GaFZJdUhSQ19zQUEtNA== returned response: <Response [200]>
2020-08-06 11:00:28,709 - instabot version: 0.117.0 (api_login) - DEBUG - Loading cookies
2020-08-06 11:00:28,709 - instabot version: 0.117.0 (api_login) - DEBUG - Loading uuids
2020-08-06 11:00:28,710 - instabot version: 0.117.0 (api_login) - INFO - Recovery from C:\Users\Gebruiker\Desktop\dev\channel_generator\generator/config/puppies4nations_uuid_and_cookie.json: COOKIE True - UUIDs True - TIMING, DEVICE and ...
- user-agent=Instagram 117.0.0.28.123 Android (28/9.0; 420dpi; 1080x1920; OnePlus; ONEPLUS A3003; OnePlus3; qcom; en_US; 180322800)
- phone_id=e752e0e3-d108-407f-b5c2-f07f0000bed1
- uuid=9c721ac7-9e77-4bba-9152-ac7c7c0ecd03
- client_session_id=07ae3f33-5fb4-4fa7-b0c6-e26fa54977b9
- device_id=android-5ddf6083ddeebf63
2020-08-06 11:00:28,710 - instabot version: 0.117.0 (api_login) - INFO - LOGIN FLOW! Just logged-in: False
2020-08-06 11:00:29,965 - instabot version: 0.117.0 (api) - DEBUG - POST to endpoint: feed/timeline/ returned response: <Response [200]>
2020-08-06 11:00:30,418 - instabot version: 0.117.0 (api) - DEBUG - POST to endpoint: feed/reels_tray/ returned response: <Response [200]>
2020-08-06 11:00:30,419 - instabot version: 0.117.0 (api) - INFO - Logged-in successfully as 'puppies4nations'!
2020-08-06 11:00:30,419 - instabot version: 0.117.0 (bot_checkpoint) - DEBUG - Loading Checkpoint file from: C:\Users\Gebruiker\Desktop\dev\channel_generator\generator/config/puppies4nations.checkpoint
2020-08-06 11:00:30,675 - instabot version: 0.117.0 (api) - DEBUG - GET to endpoint: users/2440677292/info/ returned response: <Response [200]>
2020-08-06 11:00:30,927 - instabot version: 0.117.0 (api) - DEBUG - GET to endpoint: friendships/2440677292/followers/?rank_token=38579043486_9c721ac7-9e77-4bba-9152-ac7c7c0ecd03 returned response: <Response [200]>
2020-08-06 11:00:31,209 - instabot version: 0.117.0 (api) - DEBUG - GET to endpoint: friendships/2440677292/followers/?rank_token=38579043486_9c721ac7-9e77-4bba-9152-ac7c7c0ecd03&max_id=QVFDb3A3dXlyb0xZdGpFa0ZTNmx2d0R2ajJTblZPVWdQZEVzN0N5R0NreFVncWNDbWxyeGVpYjQ0cmgxM3hWMkFPdEFuXzM4dHRELXpxRnRBS3BRYlJyZw== returned response: <Response [200]>
2020-08-06 11:00:31,489 - instabot version: 0.117.0 (api) - DEBUG - GET to endpoint: friendships/2440677292/followers/?rank_token=38579043486_9c721ac7-9e77-4bba-9152-ac7c7c0ecd03&max_id=QVFEeUo0QXdUYURqYXpuYkk0NnpzOEdlSFN4Nmw2Ymhxd0xJVERlTXJiTjZ5OXBLblJYUmdYQkkzaFBKakhRUjZ2eGJubkZhR1lpSWJ5TjhIaS1Ybk1acg== returned response: <Response [200]>
2020-08-06 11:00:31,737 - instabot version: 0.117.0 (api) - DEBUG - GET to endpoint: friendships/2440677292/followers/?rank_token=38579043486_9c721ac7-9e77-4bba-9152-ac7c7c0ecd03&max_id=QVFDMWlMYl9kWmhoc0g1N18zeUFoTzN4NG9ZZGlqcG40T2kydFh4cnZfM1VpOVVLODI5TGFyQ3VvNGZFeXBmZGZaWkQ0TFNSWHBmNURjaGp4QV9lUWNGag== returned response: <Response [200]>
2020-08-06 11:00:31,969 - instabot version: 0.117.0 (api) - DEBUG - GET to endpoint: friendships/2440677292/followers/?rank_token=38579043486_9c721ac7-9e77-4bba-9152-ac7c7c0ecd03&max_id=QVFDQXJBQ29ETnd4VEhlbTgtcnZzcEs4TmZjdmNjalpMNHBDYm5YZ1Y1Y2x1VFdaTUhPQlR3UnpRTGtJc1ptWi10YWZRWDNmcjd4VlE2TVpNcXJfNWxvOQ== returned response: <Response [200]>
2020-08-06 11:05:23,050 - instabot version: 0.117.0 (bot_checkpoint) - DEBUG - Saving Checkpoint file to: C:\Users\Gebruiker\Desktop\dev\channel_generator\generator/config/puppies4nations.checkpoint
2020-08-06 11:05:23,051 - instabot version: 0.117.0 (bot) - INFO - Total follows: 10/84
2020-08-06 11:05:23,051 - instabot version: 0.117.0 (bot) - INFO - Total unfollows: 6/71
2020-08-06 11:05:23,052 - instabot version: 0.117.0 (bot) - INFO - Total requests: 384
2020-08-06 11:05:23,052 - instabot version: 0.117.0 (bot_checkpoint) - DEBUG - Saving Checkpoint file to: C:\Users\Gebruiker\Desktop\dev\channel_generator\generator/config/puppies4nations.checkpoint
2020-08-06 11:05:23,053 - instabot version: 0.117.0 (bot) - INFO - Total follows: 10/84
2020-08-06 11:05:23,053 - instabot version: 0.117.0 (bot) - INFO - Total unfollows: 6/71
2020-08-06 11:05:23,054 - instabot version: 0.117.0 (bot) - INFO - Total requests: 384
