2020-08-06 11:33:42,701 - instabot version: 0.117.0 (bot) - INFO - Instabot version: 0.117.0 Started
2020-08-06 11:33:42,702 - instabot version: 0.117.0 (bot) - DEBUG - Bot imported from C:\Users\Gebruiker\Desktop\dev\channel_generator\venv\lib\site-packages\instabot\bot\bot.py
2020-08-06 11:34:07,583 - instabot version: 0.117.0 (api_login) - DEBUG - Loading cookies
2020-08-06 11:34:07,584 - instabot version: 0.117.0 (api_login) - DEBUG - Loading uuids
2020-08-06 11:34:07,584 - instabot version: 0.117.0 (api_login) - INFO - Recovery from C:\Users\Gebruiker\Desktop\dev\channel_generator\generator/config/puppies4nations_uuid_and_cookie.json: COOKIE True - UUIDs True - TIMING, DEVICE and ...
- user-agent=Instagram 117.0.0.28.123 Android (28/9.0; 420dpi; 1080x1920; OnePlus; ONEPLUS A3003; OnePlus3; qcom; en_US; 180322800)
- phone_id=e752e0e3-d108-407f-b5c2-f07f0000bed1
- uuid=9c721ac7-9e77-4bba-9152-ac7c7c0ecd03
- client_session_id=5661e13e-c26c-4a42-bfeb-8c7c119cd080
- device_id=android-5ddf6083ddeebf63
2020-08-06 11:34:07,589 - instabot version: 0.117.0 (api_login) - INFO - LOGIN FLOW! Just logged-in: False
2020-08-06 11:34:09,034 - instabot version: 0.117.0 (api) - DEBUG - POST to endpoint: feed/timeline/ returned response: <Response [200]>
2020-08-06 11:34:09,478 - instabot version: 0.117.0 (api) - DEBUG - POST to endpoint: feed/reels_tray/ returned response: <Response [200]>
2020-08-06 11:34:09,480 - instabot version: 0.117.0 (api) - INFO - Logged-in successfully as 'puppies4nations'!
2020-08-06 11:34:09,480 - instabot version: 0.117.0 (bot_checkpoint) - DEBUG - Loading Checkpoint file from: C:\Users\Gebruiker\Desktop\dev\channel_generator\generator/config/puppies4nations.checkpoint
2020-08-06 11:34:09,734 - instabot version: 0.117.0 (api) - DEBUG - GET to endpoint: users/noriyukisuenaga/usernameinfo/ returned response: <Response [200]>
2020-08-06 11:34:10,595 - instabot version: 0.117.0 (api) - DEBUG - GET to endpoint: users/7503441380/info/ returned response: <Response [200]>
2020-08-06 11:34:11,003 - instabot version: 0.117.0 (api) - DEBUG - GET to endpoint: friendships/7503441380/followers/?rank_token=38579043486_9c721ac7-9e77-4bba-9152-ac7c7c0ecd03 returned response: <Response [200]>
2020-08-06 11:35:28,245 - instabot version: 0.117.0 (bot_checkpoint) - DEBUG - Loading Checkpoint file from: C:\Users\Gebruiker\Desktop\dev\channel_generator\generator/config/rudolphsebas.checkpoint
2020-08-06 11:35:28,424 - instabot version: 0.117.0 (api) - DEBUG - GET to endpoint: users/7503441380/info/ returned response: <Response [200]>
2020-08-06 11:36:22,112 - instabot version: 0.117.0 (bot_checkpoint) - DEBUG - Loading Checkpoint file from: C:\Users\Gebruiker\Desktop\dev\channel_generator\generator/config/tripellytrips.checkpoint
2020-08-06 11:36:22,294 - instabot version: 0.117.0 (api) - DEBUG - GET to endpoint: users/7503441380/info/ returned response: <Response [200]>
2020-08-06 11:40:11,992 - instabot version: 0.117.0 (bot_checkpoint) - DEBUG - Saving Checkpoint file to: C:\Users\Gebruiker\Desktop\dev\channel_generator\generator/config/tripellytrips.checkpoint
2020-08-06 11:40:11,992 - instabot version: 0.117.0 (bot) - INFO - Total follows: 10/68
2020-08-06 11:40:11,992 - instabot version: 0.117.0 (bot) - INFO - Total unfollows: 6/86
2020-08-06 11:40:11,994 - instabot version: 0.117.0 (bot) - INFO - Total requests: 379
2020-08-06 11:40:11,994 - instabot version: 0.117.0 (bot_checkpoint) - DEBUG - Saving Checkpoint file to: C:\Users\Gebruiker\Desktop\dev\channel_generator\generator/config/tripellytrips.checkpoint
2020-08-06 11:40:11,995 - instabot version: 0.117.0 (bot) - INFO - Total follows: 10/68
2020-08-06 11:40:11,996 - instabot version: 0.117.0 (bot) - INFO - Total unfollows: 6/86
2020-08-06 11:40:11,996 - instabot version: 0.117.0 (bot) - INFO - Total requests: 379
2020-08-06 11:40:11,997 - instabot version: 0.117.0 (bot_checkpoint) - DEBUG - Saving Checkpoint file to: C:\Users\Gebruiker\Desktop\dev\channel_generator\generator/config/tripellytrips.checkpoint
2020-08-06 11:40:11,997 - instabot version: 0.117.0 (bot) - INFO - Total follows: 10/68
2020-08-06 11:40:11,998 - instabot version: 0.117.0 (bot) - INFO - Total unfollows: 6/86
2020-08-06 11:40:11,998 - instabot version: 0.117.0 (bot) - INFO - Total requests: 379
