2020-07-29 18:12:21,422 - instabot version: 0.117.0 (bot) - INFO - Instabot version: 0.117.0 Started
2020-07-29 18:12:21,424 - instabot version: 0.117.0 (bot) - DEBUG - Bot imported from C:\Users\Gebruiker\Desktop\dev\channel_generator\venv\lib\site-packages\instabot\bot\bot.py
2020-07-29 18:12:21,424 - instabot version: 0.117.0 (api_login) - DEBUG - Loading cookies
2020-07-29 18:12:21,424 - instabot version: 0.117.0 (api_login) - DEBUG - Loading uuids
2020-07-29 18:12:21,425 - instabot version: 0.117.0 (api_login) - INFO - Recovery from C:\Users\Gebruiker\Desktop\dev\channel_generator\generator/config/puppies4nations_uuid_and_cookie.json: COOKIE True - UUIDs True - TIMING, DEVICE and ...
- user-agent=Instagram 117.0.0.28.123 Android (28/9.0; 420dpi; 1080x1920; OnePlus; ONEPLUS A3003; OnePlus3; qcom; en_US; 180322800)
- phone_id=e752e0e3-d108-407f-b5c2-f07f0000bed1
- uuid=9c721ac7-9e77-4bba-9152-ac7c7c0ecd03
- client_session_id=a5990e59-f943-47b9-8723-cf9ceaffe66c
- device_id=android-5ddf6083ddeebf63
2020-07-29 18:12:21,428 - instabot version: 0.117.0 (api_login) - INFO - LOGIN FLOW! Just logged-in: False
2020-07-29 18:12:22,659 - instabot version: 0.117.0 (api) - DEBUG - POST to endpoint: feed/timeline/ returned response: <Response [200]>
2020-07-29 18:12:23,160 - instabot version: 0.117.0 (api) - DEBUG - POST to endpoint: feed/reels_tray/ returned response: <Response [200]>
2020-07-29 18:12:23,162 - instabot version: 0.117.0 (api) - INFO - Logged-in successfully as 'puppies4nations'!
2020-07-29 18:12:23,162 - instabot version: 0.117.0 (bot_checkpoint) - DEBUG - Loading Checkpoint file from: C:\Users\Gebruiker\Desktop\dev\channel_generator\generator/config/puppies4nations.checkpoint
2020-07-29 18:12:23,172 - instabot version: 0.117.0 (bot) - INFO - Instabot version: 0.117.0 Started
2020-07-29 18:12:23,173 - instabot version: 0.117.0 (bot) - DEBUG - Bot imported from C:\Users\Gebruiker\Desktop\dev\channel_generator\venv\lib\site-packages\instabot\bot\bot.py
2020-07-29 18:12:23,178 - instabot version: 0.117.0 (api_login) - DEBUG - Loading cookies
2020-07-29 18:12:23,178 - instabot version: 0.117.0 (api_login) - DEBUG - Loading uuids
2020-07-29 18:12:23,178 - instabot version: 0.117.0 (api_login) - INFO - Recovery from C:\Users\Gebruiker\Desktop\dev\channel_generator\generator/config/puppies4nations_uuid_and_cookie.json: COOKIE True - UUIDs True - TIMING, DEVICE and ...
- user-agent=Instagram 117.0.0.28.123 Android (28/9.0; 420dpi; 1080x1920; OnePlus; ONEPLUS A3003; OnePlus3; qcom; en_US; 180322800)
- phone_id=e752e0e3-d108-407f-b5c2-f07f0000bed1
- uuid=9c721ac7-9e77-4bba-9152-ac7c7c0ecd03
- client_session_id=a5990e59-f943-47b9-8723-cf9ceaffe66c
- device_id=android-5ddf6083ddeebf63
2020-07-29 18:12:23,180 - instabot version: 0.117.0 (api_login) - INFO - LOGIN FLOW! Just logged-in: False
2020-07-29 18:12:23,940 - instabot version: 0.117.0 (api) - DEBUG - POST to endpoint: feed/timeline/ returned response: <Response [200]>
2020-07-29 18:12:24,270 - instabot version: 0.117.0 (api) - DEBUG - POST to endpoint: feed/reels_tray/ returned response: <Response [200]>
2020-07-29 18:12:24,272 - instabot version: 0.117.0 (api) - INFO - Logged-in successfully as 'puppies4nations'!
2020-07-29 18:12:24,274 - instabot version: 0.117.0 (bot_checkpoint) - DEBUG - Loading Checkpoint file from: C:\Users\Gebruiker\Desktop\dev\channel_generator\generator/config/puppies4nations.checkpoint
2020-07-29 18:23:25,133 - instabot version: 0.117.0 (bot_checkpoint) - DEBUG - Saving Checkpoint file to: C:\Users\Gebruiker\Desktop\dev\channel_generator\generator/config/puppies4nations.checkpoint
2020-07-29 18:23:25,134 - instabot version: 0.117.0 (bot) - INFO - Total requests: 98
2020-07-29 18:23:25,136 - instabot version: 0.117.0 (bot_checkpoint) - DEBUG - Saving Checkpoint file to: C:\Users\Gebruiker\Desktop\dev\channel_generator\generator/config/puppies4nations.checkpoint
2020-07-29 18:23:25,136 - instabot version: 0.117.0 (bot) - INFO - Total requests: 98
