2020-08-08 18:21:26,277 - instabot version: 0.117.0 (bot) - INFO - Instabot version: 0.117.0 Started
2020-08-08 18:21:26,277 - instabot version: 0.117.0 (bot) - DEBUG - Bot imported from C:\Users\Gebruiker\Desktop\dev\channel_generator\venv\lib\site-packages\instabot\bot\bot.py
2020-08-08 18:21:44,841 - instabot version: 0.117.0 (api_login) - DEBUG - Loading cookies
2020-08-08 18:21:44,842 - instabot version: 0.117.0 (api_login) - DEBUG - Loading uuids
2020-08-08 18:21:44,842 - instabot version: 0.117.0 (api_login) - INFO - Recovery from C:\Users\Gebruiker\Desktop\dev\channel_generator\generator/config/puppies4nations_uuid_and_cookie.json: COOKIE True - UUIDs True - TIMING, DEVICE and ...
- user-agent=Instagram 117.0.0.28.123 Android (28/9.0; 420dpi; 1080x1920; OnePlus; ONEPLUS A3003; OnePlus3; qcom; en_US; 180322800)
- phone_id=e752e0e3-d108-407f-b5c2-f07f0000bed1
- uuid=9c721ac7-9e77-4bba-9152-ac7c7c0ecd03
- client_session_id=f4a377e3-007e-4d0c-9b2a-068a35422508
- device_id=android-5ddf6083ddeebf63
2020-08-08 18:21:44,846 - instabot version: 0.117.0 (api_login) - INFO - LOGIN FLOW! Just logged-in: False
2020-08-08 18:21:46,395 - instabot version: 0.117.0 (api) - DEBUG - POST to endpoint: feed/timeline/ returned response: <Response [200]>
2020-08-08 18:21:47,051 - instabot version: 0.117.0 (api) - DEBUG - POST to endpoint: feed/reels_tray/ returned response: <Response [200]>
2020-08-08 18:21:47,053 - instabot version: 0.117.0 (api) - INFO - Logged-in successfully as 'puppies4nations'!
2020-08-08 18:21:47,053 - instabot version: 0.117.0 (bot_checkpoint) - DEBUG - Loading Checkpoint file from: C:\Users\Gebruiker\Desktop\dev\channel_generator\generator/config/puppies4nations.checkpoint
2020-08-08 18:21:49,297 - instabot version: 0.117.0 (api) - DEBUG - GET to endpoint: media/2341679351132479627/info/ returned response: <Response [200]>
2020-08-08 18:24:22,300 - instabot version: 0.117.0 (api_login) - DEBUG - Loading cookies
2020-08-08 18:24:22,301 - instabot version: 0.117.0 (api_login) - DEBUG - Loading uuids
2020-08-08 18:24:22,301 - instabot version: 0.117.0 (api_login) - INFO - Recovery from C:\Users\Gebruiker\Desktop\dev\channel_generator\generator/config/puppies4nations_uuid_and_cookie.json: COOKIE True - UUIDs True - TIMING, DEVICE and ...
- user-agent=Instagram 117.0.0.28.123 Android (28/9.0; 420dpi; 1080x1920; OnePlus; ONEPLUS A3003; OnePlus3; qcom; en_US; 180322800)
- phone_id=e752e0e3-d108-407f-b5c2-f07f0000bed1
- uuid=9c721ac7-9e77-4bba-9152-ac7c7c0ecd03
- client_session_id=f4a377e3-007e-4d0c-9b2a-068a35422508
- device_id=android-5ddf6083ddeebf63
2020-08-08 18:24:22,301 - instabot version: 0.117.0 (api_login) - INFO - LOGIN FLOW! Just logged-in: False
2020-08-08 18:24:23,452 - instabot version: 0.117.0 (api) - DEBUG - POST to endpoint: feed/timeline/ returned response: <Response [200]>
2020-08-08 18:24:23,952 - instabot version: 0.117.0 (api) - DEBUG - POST to endpoint: feed/reels_tray/ returned response: <Response [200]>
2020-08-08 18:24:23,954 - instabot version: 0.117.0 (api) - INFO - Logged-in successfully as 'puppies4nations'!
2020-08-08 18:24:23,954 - instabot version: 0.117.0 (bot_checkpoint) - DEBUG - Loading Checkpoint file from: C:\Users\Gebruiker\Desktop\dev\channel_generator\generator/config/puppies4nations.checkpoint
2020-08-08 18:24:27,787 - instabot version: 0.117.0 (api) - DEBUG - GET to endpoint: media/2337190894066632912/info/ returned response: <Response [200]>
2020-08-08 18:25:50,153 - instabot version: 0.117.0 (bot_checkpoint) - DEBUG - Saving Checkpoint file to: C:\Users\Gebruiker\Desktop\dev\channel_generator\generator/config/puppies4nations.checkpoint
2020-08-08 18:25:50,154 - instabot version: 0.117.0 (bot) - INFO - Total follows: 6/77
2020-08-08 18:25:50,154 - instabot version: 0.117.0 (bot) - INFO - Total unfollows: 2/64
2020-08-08 18:25:50,155 - instabot version: 0.117.0 (bot) - INFO - Total requests: 421
2020-08-08 18:25:50,155 - instabot version: 0.117.0 (bot_checkpoint) - DEBUG - Saving Checkpoint file to: C:\Users\Gebruiker\Desktop\dev\channel_generator\generator/config/puppies4nations.checkpoint
2020-08-08 18:25:50,156 - instabot version: 0.117.0 (bot) - INFO - Total follows: 6/77
2020-08-08 18:25:50,157 - instabot version: 0.117.0 (bot) - INFO - Total unfollows: 2/64
2020-08-08 18:25:50,158 - instabot version: 0.117.0 (bot) - INFO - Total requests: 421
