2020-08-12 23:16:56,541 - instabot version: 0.117.0 (bot) - INFO - Instabot version: 0.117.0 Started
2020-08-12 23:16:56,542 - instabot version: 0.117.0 (bot) - DEBUG - Bot imported from C:\Users\Gebruiker\Desktop\dev\channel_generator\venv\lib\site-packages\instabot\bot\bot.py
2020-08-12 23:17:17,217 - instabot version: 0.117.0 (api_login) - DEBUG - Loading cookies
2020-08-12 23:17:17,218 - instabot version: 0.117.0 (api_login) - DEBUG - Loading uuids
2020-08-12 23:17:17,218 - instabot version: 0.117.0 (api_login) - INFO - Recovery from C:\Users\Gebruiker\Desktop\dev\channel_generator\generator/config/puppies4nations_uuid_and_cookie.json: COOKIE True - UUIDs True - TIMING, DEVICE and ...
- user-agent=Instagram 117.0.0.28.123 Android (28/9.0; 420dpi; 1080x1920; OnePlus; ONEPLUS A3003; OnePlus3; qcom; en_US; 180322800)
- phone_id=e752e0e3-d108-407f-b5c2-f07f0000bed1
- uuid=9c721ac7-9e77-4bba-9152-ac7c7c0ecd03
- client_session_id=871f3289-a716-4ec5-a487-6d4ee5c0d3e2
- device_id=android-5ddf6083ddeebf63
2020-08-12 23:17:17,219 - instabot version: 0.117.0 (api_login) - INFO - LOGIN FLOW! Just logged-in: False
2020-08-12 23:17:19,348 - instabot version: 0.117.0 (api) - DEBUG - POST to endpoint: feed/timeline/ returned response: <Response [200]>
2020-08-12 23:17:20,097 - instabot version: 0.117.0 (api) - DEBUG - POST to endpoint: feed/reels_tray/ returned response: <Response [200]>
2020-08-12 23:17:20,360 - instabot version: 0.117.0 (api) - DEBUG - POST to endpoint: direct_v2/ranked_recipients/ returned response: <Response [200]>
2020-08-12 23:17:20,620 - instabot version: 0.117.0 (api) - DEBUG - POST to endpoint: direct_v2/ranked_recipients/ returned response: <Response [200]>
2020-08-12 23:17:21,005 - instabot version: 0.117.0 (api) - DEBUG - POST to endpoint: direct_v2/inbox/ returned response: <Response [200]>
2020-08-12 23:17:21,412 - instabot version: 0.117.0 (api) - DEBUG - GET to endpoint: direct_v2/get_presence/ returned response: <Response [200]>
2020-08-12 23:17:22,115 - instabot version: 0.117.0 (api) - DEBUG - GET to endpoint: news/inbox/?limited_activity=true&show_su=true returned response: <Response [200]>
2020-08-12 23:17:22,323 - instabot version: 0.117.0 (api) - DEBUG - GET to endpoint: users/profile_notice/ returned response: <Response [200]>
2020-08-12 23:17:22,652 - instabot version: 0.117.0 (api) - DEBUG - POST to endpoint: discover/explore/ returned response: <Response [200]>
2020-08-12 23:17:22,655 - instabot version: 0.117.0 (api) - INFO - Logged-in successfully as 'puppies4nations'!
2020-08-12 23:17:22,655 - instabot version: 0.117.0 (bot_checkpoint) - DEBUG - Loading Checkpoint file from: C:\Users\Gebruiker\Desktop\dev\channel_generator\generator/config/puppies4nations.checkpoint
2020-08-12 23:17:22,676 - instabot version: 0.117.0 (bot_follow) - INFO - Going to follow `user_id` 2117046968.
2020-08-12 23:17:22,676 - instabot version: 0.117.0 (api) - DEBUG - post data: {"user_id": "2117046968", "radio_type": "wifi-none", "device_id": "android-5ddf6083ddeebf63", "_uuid": "9c721ac7-9e77-4bba-9152-ac7c7c0ecd03", "_uid": "38579043486", "_csrftoken": "MIhbLn1IlNphDGr7gIcJWDAH6yZl9H74"}
2020-08-12 23:17:23,626 - instabot version: 0.117.0 (api) - DEBUG - POST to endpoint: friendships/create/2117046968/ returned response: <Response [200]>
2020-08-12 23:17:23,626 - instabot version: 0.117.0 (bot_follow) - INFO - Followed `user_id` 2117046968.
2020-08-12 23:17:24,296 - instabot version: 0.117.0 (api) - DEBUG - GET to endpoint: users/38579043486/info/ returned response: <Response [200]>
2020-08-12 23:17:27,250 - instabot version: 0.117.0 (api) - DEBUG - GET to endpoint: friendships/38579043486/following/?max_id=&ig_sig_key_version=4&rank_token=38579043486_9c721ac7-9e77-4bba-9152-ac7c7c0ecd03 returned response: <Response [200]>
2020-08-12 23:18:15,271 - instabot version: 0.117.0 (bot_follow) - INFO - Going to follow `user_id` 31280735197.
2020-08-12 23:21:02,094 - instabot version: 0.117.0 (bot_checkpoint) - DEBUG - Saving Checkpoint file to: C:\Users\Gebruiker\Desktop\dev\channel_generator\generator/config/puppies4nations.checkpoint
2020-08-12 23:21:02,095 - instabot version: 0.117.0 (bot) - INFO - Total follows: 9/59
2020-08-12 23:21:02,095 - instabot version: 0.117.0 (bot) - INFO - Total unfollows: 7/70
2020-08-12 23:21:02,096 - instabot version: 0.117.0 (bot) - INFO - Total requests: 498
