2020-08-08 16:24:31,950 - instabot version: 0.117.0 (bot) - INFO - Instabot version: 0.117.0 Started
2020-08-08 16:24:31,950 - instabot version: 0.117.0 (bot) - DEBUG - Bot imported from C:\Users\Gebruiker\Desktop\dev\channel_generator\venv\lib\site-packages\instabot\bot\bot.py
2020-08-08 16:24:36,703 - instabot version: 0.117.0 (api_login) - DEBUG - Loading cookies
2020-08-08 16:24:36,704 - instabot version: 0.117.0 (api_login) - DEBUG - Loading uuids
2020-08-08 16:24:36,704 - instabot version: 0.117.0 (api_login) - INFO - Recovery from C:\Users\Gebruiker\Desktop\dev\channel_generator\generator/config/puppies4nations_uuid_and_cookie.json: COOKIE True - UUIDs True - TIMING, DEVICE and ...
- user-agent=Instagram 117.0.0.28.123 Android (28/9.0; 420dpi; 1080x1920; OnePlus; ONEPLUS A3003; OnePlus3; qcom; en_US; 180322800)
- phone_id=e752e0e3-d108-407f-b5c2-f07f0000bed1
- uuid=9c721ac7-9e77-4bba-9152-ac7c7c0ecd03
- client_session_id=d1838f0b-81ad-4e85-8b70-5e5428cb570c
- device_id=android-5ddf6083ddeebf63
2020-08-08 16:24:36,708 - instabot version: 0.117.0 (api_login) - INFO - LOGIN FLOW! Just logged-in: False
2020-08-08 16:24:38,502 - instabot version: 0.117.0 (api) - DEBUG - POST to endpoint: feed/timeline/ returned response: <Response [200]>
2020-08-08 16:24:39,208 - instabot version: 0.117.0 (api) - DEBUG - POST to endpoint: feed/reels_tray/ returned response: <Response [200]>
2020-08-08 16:24:39,209 - instabot version: 0.117.0 (api) - INFO - Logged-in successfully as 'puppies4nations'!
2020-08-08 16:24:39,210 - instabot version: 0.117.0 (bot_checkpoint) - DEBUG - Loading Checkpoint file from: C:\Users\Gebruiker\Desktop\dev\channel_generator\generator/config/puppies4nations.checkpoint
2020-08-08 16:24:45,077 - instabot version: 0.117.0 (api_login) - DEBUG - Loading cookies
2020-08-08 16:24:45,078 - instabot version: 0.117.0 (api_login) - DEBUG - Loading uuids
2020-08-08 16:24:45,078 - instabot version: 0.117.0 (api_login) - INFO - Recovery from C:\Users\Gebruiker\Desktop\dev\channel_generator\generator/config/puppies4nations_uuid_and_cookie.json: COOKIE True - UUIDs True - TIMING, DEVICE and ...
- user-agent=Instagram 117.0.0.28.123 Android (28/9.0; 420dpi; 1080x1920; OnePlus; ONEPLUS A3003; OnePlus3; qcom; en_US; 180322800)
- phone_id=e752e0e3-d108-407f-b5c2-f07f0000bed1
- uuid=9c721ac7-9e77-4bba-9152-ac7c7c0ecd03
- client_session_id=d1838f0b-81ad-4e85-8b70-5e5428cb570c
- device_id=android-5ddf6083ddeebf63
2020-08-08 16:24:45,078 - instabot version: 0.117.0 (api_login) - INFO - LOGIN FLOW! Just logged-in: False
2020-08-08 16:24:46,451 - instabot version: 0.117.0 (api) - DEBUG - POST to endpoint: feed/timeline/ returned response: <Response [200]>
2020-08-08 16:24:46,936 - instabot version: 0.117.0 (api) - DEBUG - POST to endpoint: feed/reels_tray/ returned response: <Response [200]>
2020-08-08 16:24:46,937 - instabot version: 0.117.0 (api) - INFO - Logged-in successfully as 'puppies4nations'!
2020-08-08 16:24:46,938 - instabot version: 0.117.0 (bot_checkpoint) - DEBUG - Loading Checkpoint file from: C:\Users\Gebruiker\Desktop\dev\channel_generator\generator/config/puppies4nations.checkpoint
2020-08-08 16:35:09,256 - instabot version: 0.117.0 (api_login) - DEBUG - Loading cookies
2020-08-08 16:35:09,256 - instabot version: 0.117.0 (api_login) - DEBUG - Loading uuids
2020-08-08 16:35:09,257 - instabot version: 0.117.0 (api_login) - INFO - Recovery from C:\Users\Gebruiker\Desktop\dev\channel_generator\generator/config/puppies4nations_uuid_and_cookie.json: COOKIE True - UUIDs True - TIMING, DEVICE and ...
- user-agent=Instagram 117.0.0.28.123 Android (28/9.0; 420dpi; 1080x1920; OnePlus; ONEPLUS A3003; OnePlus3; qcom; en_US; 180322800)
- phone_id=e752e0e3-d108-407f-b5c2-f07f0000bed1
- uuid=9c721ac7-9e77-4bba-9152-ac7c7c0ecd03
- client_session_id=d1838f0b-81ad-4e85-8b70-5e5428cb570c
- device_id=android-5ddf6083ddeebf63
2020-08-08 16:35:09,257 - instabot version: 0.117.0 (api_login) - INFO - LOGIN FLOW! Just logged-in: False
2020-08-08 16:35:10,661 - instabot version: 0.117.0 (api) - DEBUG - POST to endpoint: feed/timeline/ returned response: <Response [200]>
2020-08-08 16:35:11,174 - instabot version: 0.117.0 (api) - DEBUG - POST to endpoint: feed/reels_tray/ returned response: <Response [200]>
2020-08-08 16:35:11,176 - instabot version: 0.117.0 (api) - INFO - Logged-in successfully as 'puppies4nations'!
2020-08-08 16:35:11,176 - instabot version: 0.117.0 (bot_checkpoint) - DEBUG - Loading Checkpoint file from: C:\Users\Gebruiker\Desktop\dev\channel_generator\generator/config/puppies4nations.checkpoint
2020-08-08 16:40:34,669 - instabot version: 0.117.0 (bot_checkpoint) - DEBUG - Saving Checkpoint file to: C:\Users\Gebruiker\Desktop\dev\channel_generator\generator/config/puppies4nations.checkpoint
2020-08-08 16:40:34,670 - instabot version: 0.117.0 (bot) - INFO - Total follows: 6/65
2020-08-08 16:40:34,670 - instabot version: 0.117.0 (bot) - INFO - Total unfollows: 2/57
2020-08-08 16:40:34,672 - instabot version: 0.117.0 (bot) - INFO - Total requests: 417
2020-08-08 16:40:34,673 - instabot version: 0.117.0 (bot_checkpoint) - DEBUG - Saving Checkpoint file to: C:\Users\Gebruiker\Desktop\dev\channel_generator\generator/config/puppies4nations.checkpoint
2020-08-08 16:40:34,673 - instabot version: 0.117.0 (bot) - INFO - Total follows: 6/65
2020-08-08 16:40:34,674 - instabot version: 0.117.0 (bot) - INFO - Total unfollows: 2/57
2020-08-08 16:40:34,675 - instabot version: 0.117.0 (bot) - INFO - Total requests: 417
2020-08-08 16:40:34,676 - instabot version: 0.117.0 (bot_checkpoint) - DEBUG - Saving Checkpoint file to: C:\Users\Gebruiker\Desktop\dev\channel_generator\generator/config/puppies4nations.checkpoint
2020-08-08 16:40:34,676 - instabot version: 0.117.0 (bot) - INFO - Total follows: 6/65
2020-08-08 16:40:34,677 - instabot version: 0.117.0 (bot) - INFO - Total unfollows: 2/57
2020-08-08 16:40:34,678 - instabot version: 0.117.0 (bot) - INFO - Total requests: 417
