2020-08-14 14:33:50,475 - instabot version: 0.117.0 (bot) - INFO - Instabot version: 0.117.0 Started
2020-08-14 14:33:50,478 - instabot version: 0.117.0 (bot) - DEBUG - Bot imported from C:\Users\Gebruiker\Desktop\dev\channel_generator\venv\lib\site-packages\instabot\bot\bot.py
2020-08-14 14:33:50,508 - instabot version: 0.117.0 (api_login) - DEBUG - Loading cookies
2020-08-14 14:33:50,511 - instabot version: 0.117.0 (api_login) - DEBUG - Loading uuids
2020-08-14 14:33:50,511 - instabot version: 0.117.0 (api_login) - INFO - Recovery from C:\Users\Gebruiker\Desktop\dev\channel_generator\generator/config/puppies4nations_uuid_and_cookie.json: COOKIE True - UUIDs True - TIMING, DEVICE and ...
- user-agent=Instagram 117.0.0.28.123 Android (28/9.0; 420dpi; 1080x1920; OnePlus; ONEPLUS A3003; OnePlus3; qcom; en_US; 180322800)
- phone_id=e752e0e3-d108-407f-b5c2-f07f0000bed1
- uuid=9c721ac7-9e77-4bba-9152-ac7c7c0ecd03
- client_session_id=fba4b972-cf51-4e3e-a36c-6e244c66cc9b
- device_id=android-5ddf6083ddeebf63
2020-08-14 14:33:50,513 - instabot version: 0.117.0 (api_login) - INFO - LOGIN FLOW! Just logged-in: False
2020-08-14 14:33:53,217 - instabot version: 0.117.0 (api) - DEBUG - POST to endpoint: feed/timeline/ returned response: <Response [200]>
2020-08-14 14:33:55,086 - instabot version: 0.117.0 (api) - DEBUG - POST to endpoint: feed/reels_tray/ returned response: <Response [200]>
2020-08-14 14:33:55,961 - instabot version: 0.117.0 (api) - DEBUG - POST to endpoint: direct_v2/ranked_recipients/ returned response: <Response [200]>
2020-08-14 14:33:57,127 - instabot version: 0.117.0 (api) - DEBUG - POST to endpoint: direct_v2/ranked_recipients/ returned response: <Response [200]>
2020-08-14 14:33:58,535 - instabot version: 0.117.0 (api) - DEBUG - POST to endpoint: direct_v2/inbox/ returned response: <Response [200]>
2020-08-14 14:33:58,905 - instabot version: 0.117.0 (api) - DEBUG - GET to endpoint: direct_v2/get_presence/ returned response: <Response [200]>
2020-08-14 14:33:59,845 - instabot version: 0.117.0 (api) - DEBUG - GET to endpoint: news/inbox/?limited_activity=true&show_su=true returned response: <Response [200]>
2020-08-14 14:34:00,196 - instabot version: 0.117.0 (api) - DEBUG - GET to endpoint: users/profile_notice/ returned response: <Response [200]>
2020-08-14 14:34:00,480 - instabot version: 0.117.0 (api) - DEBUG - POST to endpoint: discover/explore/ returned response: <Response [200]>
2020-08-14 14:34:00,487 - instabot version: 0.117.0 (api) - INFO - Logged-in successfully as 'puppies4nations'!
2020-08-14 14:34:00,492 - instabot version: 0.117.0 (bot_checkpoint) - DEBUG - Loading Checkpoint file from: C:\Users\Gebruiker\Desktop\dev\channel_generator\generator/config/puppies4nations.checkpoint
2020-08-14 14:34:21,955 - instabot version: 0.117.0 (api) - DEBUG - POST to endpoint: media/configure/? returned response: <Response [200]>
2020-08-14 14:34:22,209 - instabot version: 0.117.0 (api) - DEBUG - POST to endpoint: qe/expose/ returned response: <Response [200]>
2020-08-14 14:34:22,211 - instabot version: 0.117.0 (bot_photo) - INFO - Photo 'static/img/14733732_630041180499374_4991174622733926400_n.jpg' is uploaded.
2020-08-14 14:34:22,239 - instabot version: 0.117.0 (api_login) - DEBUG - Loading cookies
2020-08-14 14:34:22,239 - instabot version: 0.117.0 (api_login) - DEBUG - Loading uuids
2020-08-14 14:34:22,239 - instabot version: 0.117.0 (api_login) - INFO - Recovery from C:\Users\Gebruiker\Desktop\dev\channel_generator\generator/config/tripellytrips_uuid_and_cookie.json: COOKIE True - UUIDs True - TIMING, DEVICE and ...
- user-agent=Instagram 117.0.0.28.123 Android (28/9.0; 420dpi; 1080x1920; OnePlus; ONEPLUS A3003; OnePlus3; qcom; en_US; 180322800)
- phone_id=bc145835-28eb-4a14-89a4-7ac029c350d1
- uuid=e1976ccd-0a36-4256-9d53-a00eacfee537
- client_session_id=f7e264c0-be9b-4972-8eda-27cdd5b3e939
- device_id=android-34cf8b3dcd266555
2020-08-14 14:34:22,241 - instabot version: 0.117.0 (api_login) - INFO - LOGIN FLOW! Just logged-in: False
2020-08-14 14:34:24,073 - instabot version: 0.117.0 (api) - DEBUG - POST to endpoint: feed/timeline/ returned response: <Response [200]>
2020-08-14 14:34:24,960 - instabot version: 0.117.0 (api) - DEBUG - POST to endpoint: feed/reels_tray/ returned response: <Response [200]>
2020-08-14 14:34:25,248 - instabot version: 0.117.0 (api) - DEBUG - POST to endpoint: direct_v2/ranked_recipients/ returned response: <Response [200]>
2020-08-14 14:34:25,815 - instabot version: 0.117.0 (api) - DEBUG - POST to endpoint: direct_v2/ranked_recipients/ returned response: <Response [200]>
2020-08-14 14:34:26,313 - instabot version: 0.117.0 (api) - DEBUG - POST to endpoint: direct_v2/inbox/ returned response: <Response [200]>
2020-08-14 14:34:26,521 - instabot version: 0.117.0 (api) - DEBUG - GET to endpoint: direct_v2/get_presence/ returned response: <Response [200]>
2020-08-14 14:34:27,264 - instabot version: 0.117.0 (api) - DEBUG - GET to endpoint: news/inbox/?limited_activity=true&show_su=true returned response: <Response [200]>
2020-08-14 14:34:27,541 - instabot version: 0.117.0 (api) - DEBUG - GET to endpoint: users/profile_notice/ returned response: <Response [200]>
2020-08-14 14:34:29,081 - instabot version: 0.117.0 (api) - DEBUG - POST to endpoint: discover/explore/ returned response: <Response [200]>
2020-08-14 14:34:29,085 - instabot version: 0.117.0 (api) - INFO - Logged-in successfully as 'tripellytrips'!
2020-08-14 14:34:29,087 - instabot version: 0.117.0 (bot_checkpoint) - DEBUG - Loading Checkpoint file from: C:\Users\Gebruiker\Desktop\dev\channel_generator\generator/config/tripellytrips.checkpoint
2020-08-14 14:34:51,732 - instabot version: 0.117.0 (api) - DEBUG - POST to endpoint: media/configure/? returned response: <Response [200]>
2020-08-14 14:34:52,755 - instabot version: 0.117.0 (api) - DEBUG - POST to endpoint: qe/expose/ returned response: <Response [200]>
2020-08-14 14:34:52,756 - instabot version: 0.117.0 (bot_photo) - INFO - Photo 'static/img/47386098_719682988414382_5698447409265336778_n.jpg' is uploaded.
2020-08-14 14:34:52,803 - instabot version: 0.117.0 (bot_checkpoint) - DEBUG - Saving Checkpoint file to: C:\Users\Gebruiker\Desktop\dev\channel_generator\generator/config/tripellytrips.checkpoint
2020-08-14 14:34:52,804 - instabot version: 0.117.0 (bot) - INFO - Total follows: 2/78
2020-08-14 14:34:52,807 - instabot version: 0.117.0 (bot) - INFO - Total unfollows: 1/60
2020-08-14 14:34:52,812 - instabot version: 0.117.0 (bot) - INFO - Total requests: 396
2020-08-14 14:34:52,814 - instabot version: 0.117.0 (bot_checkpoint) - DEBUG - Saving Checkpoint file to: C:\Users\Gebruiker\Desktop\dev\channel_generator\generator/config/tripellytrips.checkpoint
2020-08-14 14:34:52,815 - instabot version: 0.117.0 (bot) - INFO - Total follows: 2/78
2020-08-14 14:34:52,818 - instabot version: 0.117.0 (bot) - INFO - Total unfollows: 1/60
2020-08-14 14:34:52,822 - instabot version: 0.117.0 (bot) - INFO - Total requests: 396
