2020-07-29 17:39:00,579 - instabot version: 0.117.0 (bot) - INFO - Instabot version: 0.117.0 Started
2020-07-29 17:39:00,579 - instabot version: 0.117.0 (bot) - DEBUG - Bot imported from C:\Users\Gebruiker\Desktop\dev\channel_generator\venv\lib\site-packages\instabot\bot\bot.py
2020-07-29 17:39:00,580 - instabot version: 0.117.0 (api_login) - DEBUG - Loading cookies
2020-07-29 17:39:00,580 - instabot version: 0.117.0 (api_login) - DEBUG - Loading uuids
2020-07-29 17:39:00,580 - instabot version: 0.117.0 (api_login) - INFO - Recovery from C:\Users\Gebruiker\Desktop\dev\channel_generator\generator/config/puppies4nations_uuid_and_cookie.json: COOKIE True - UUIDs True - TIMING, DEVICE and ...
- user-agent=Instagram 117.0.0.28.123 Android (28/9.0; 420dpi; 1080x1920; OnePlus; ONEPLUS A3003; OnePlus3; qcom; en_US; 180322800)
- phone_id=e752e0e3-d108-407f-b5c2-f07f0000bed1
- uuid=9c721ac7-9e77-4bba-9152-ac7c7c0ecd03
- client_session_id=a8d6f2e5-726e-4273-9184-10916956709a
- device_id=android-5ddf6083ddeebf63
2020-07-29 17:39:00,584 - instabot version: 0.117.0 (api_login) - INFO - LOGIN FLOW! Just logged-in: False
2020-07-29 17:39:02,881 - instabot version: 0.117.0 (api) - DEBUG - POST to endpoint: feed/timeline/ returned response: <Response [200]>
2020-07-29 17:39:03,511 - instabot version: 0.117.0 (api) - DEBUG - POST to endpoint: feed/reels_tray/ returned response: <Response [200]>
2020-07-29 17:39:03,867 - instabot version: 0.117.0 (api) - DEBUG - POST to endpoint: direct_v2/ranked_recipients/ returned response: <Response [200]>
2020-07-29 17:39:04,063 - instabot version: 0.117.0 (api) - DEBUG - POST to endpoint: direct_v2/ranked_recipients/ returned response: <Response [200]>
2020-07-29 17:39:04,464 - instabot version: 0.117.0 (api) - DEBUG - POST to endpoint: direct_v2/inbox/ returned response: <Response [200]>
2020-07-29 17:39:04,755 - instabot version: 0.117.0 (api) - DEBUG - GET to endpoint: direct_v2/get_presence/ returned response: <Response [200]>
2020-07-29 17:39:05,364 - instabot version: 0.117.0 (api) - DEBUG - GET to endpoint: news/inbox/?limited_activity=true&show_su=true returned response: <Response [200]>
2020-07-29 17:39:05,551 - instabot version: 0.117.0 (api) - DEBUG - GET to endpoint: users/profile_notice/ returned response: <Response [200]>
2020-07-29 17:39:06,738 - instabot version: 0.117.0 (api) - DEBUG - POST to endpoint: discover/explore/ returned response: <Response [200]>
2020-07-29 17:39:06,740 - instabot version: 0.117.0 (api) - INFO - Logged-in successfully as 'puppies4nations'!
2020-07-29 17:39:06,741 - instabot version: 0.117.0 (bot_checkpoint) - DEBUG - Loading Checkpoint file from: C:\Users\Gebruiker\Desktop\dev\channel_generator\generator/config/puppies4nations.checkpoint
2020-07-29 17:39:23,862 - instabot version: 0.117.0 (api) - DEBUG - GET to endpoint: users/noriyukisuenaga/usernameinfo/ returned response: <Response [200]>
2020-07-29 17:39:24,482 - instabot version: 0.117.0 (api) - DEBUG - GET to endpoint: users/7503441380/info/ returned response: <Response [200]>
2020-07-29 17:39:24,756 - instabot version: 0.117.0 (api) - DEBUG - GET to endpoint: friendships/7503441380/followers/?rank_token=38579043486_9c721ac7-9e77-4bba-9152-ac7c7c0ecd03 returned response: <Response [200]>
2020-07-29 17:41:36,011 - instabot version: 0.117.0 (bot_checkpoint) - DEBUG - Saving Checkpoint file to: C:\Users\Gebruiker\Desktop\dev\channel_generator\generator/config/puppies4nations.checkpoint
2020-07-29 17:41:36,012 - instabot version: 0.117.0 (bot) - INFO - Total requests: 72
