2020-08-13 11:55:56,007 - instabot version: 0.117.0 (bot) - INFO - Instabot version: 0.117.0 Started
2020-08-13 11:55:56,008 - instabot version: 0.117.0 (bot) - DEBUG - Bot imported from C:\Users\Gebruiker\Desktop\dev\channel_generator\venv\lib\site-packages\instabot\bot\bot.py
2020-08-13 11:56:01,368 - instabot version: 0.117.0 (api_login) - DEBUG - Loading cookies
2020-08-13 11:56:01,369 - instabot version: 0.117.0 (api_login) - DEBUG - Loading uuids
2020-08-13 11:56:01,369 - instabot version: 0.117.0 (api_login) - INFO - Recovery from C:\Users\Gebruiker\Desktop\dev\channel_generator\generator/config/puppies4nations_uuid_and_cookie.json: COOKIE True - UUIDs True - TIMING, DEVICE and ...
- user-agent=Instagram 117.0.0.28.123 Android (28/9.0; 420dpi; 1080x1920; OnePlus; ONEPLUS A3003; OnePlus3; qcom; en_US; 180322800)
- phone_id=e752e0e3-d108-407f-b5c2-f07f0000bed1
- uuid=9c721ac7-9e77-4bba-9152-ac7c7c0ecd03
- client_session_id=50797138-0a5d-4fdf-82c3-f86001bfb92d
- device_id=android-5ddf6083ddeebf63
2020-08-13 11:56:01,373 - instabot version: 0.117.0 (api_login) - INFO - LOGIN FLOW! Just logged-in: False
2020-08-13 11:56:02,942 - instabot version: 0.117.0 (api) - DEBUG - POST to endpoint: feed/timeline/ returned response: <Response [200]>
2020-08-13 11:56:03,503 - instabot version: 0.117.0 (api) - DEBUG - POST to endpoint: feed/reels_tray/ returned response: <Response [200]>
2020-08-13 11:56:03,504 - instabot version: 0.117.0 (api) - INFO - Logged-in successfully as 'puppies4nations'!
2020-08-13 11:56:03,505 - instabot version: 0.117.0 (bot_checkpoint) - DEBUG - Loading Checkpoint file from: C:\Users\Gebruiker\Desktop\dev\channel_generator\generator/config/puppies4nations.checkpoint
2020-08-13 11:56:05,010 - instabot version: 0.117.0 (api) - DEBUG - GET to endpoint: users/19758194764/info/ returned response: <Response [200]>
2020-08-13 11:56:05,011 - instabot version: 0.117.0 (bot_unfollow) - INFO - Going to unfollow `user_id` 19758194764 with username thegoldenolga.
2020-08-13 11:56:06,698 - instabot version: 0.117.0 (api) - DEBUG - GET to endpoint: users/38579043486/info/ returned response: <Response [200]>
2020-08-13 11:56:07,215 - instabot version: 0.117.0 (api) - DEBUG - GET to endpoint: friendships/38579043486/following/?max_id=&ig_sig_key_version=4&rank_token=38579043486_9c721ac7-9e77-4bba-9152-ac7c7c0ecd03 returned response: <Response [200]>
2020-08-13 11:56:08,450 - instabot version: 0.117.0 (api) - DEBUG - POST to endpoint: friendships/destroy/19758194764/ returned response: <Response [200]>
2020-08-13 11:56:08,450 - instabot version: 0.117.0 (bot_unfollow) - INFO - Unfollowed `user_id` 19758194764 with username thegoldenolga
2020-08-13 11:56:32,853 - instabot version: 0.117.0 (bot_checkpoint) - DEBUG - Saving Checkpoint file to: C:\Users\Gebruiker\Desktop\dev\channel_generator\generator/config/puppies4nations.checkpoint
2020-08-13 11:56:32,854 - instabot version: 0.117.0 (bot) - INFO - Total follows: 1/72
2020-08-13 11:56:32,854 - instabot version: 0.117.0 (bot) - INFO - Total unfollows: 6/70
2020-08-13 11:56:32,855 - instabot version: 0.117.0 (bot) - INFO - Total requests: 528
