2020-08-18 11:38:01,101 - instabot version: 0.117.0 (bot) - INFO - Instabot version: 0.117.0 Started
2020-08-18 11:38:01,102 - instabot version: 0.117.0 (bot) - DEBUG - Bot imported from C:\Users\Gebruiker\Desktop\dev\channel_generator\venv\lib\site-packages\instabot\bot\bot.py
2020-08-18 11:38:07,256 - instabot version: 0.117.0 (api_login) - DEBUG - Loading cookies
2020-08-18 11:38:07,268 - instabot version: 0.117.0 (api_login) - DEBUG - Loading uuids
2020-08-18 11:38:07,272 - instabot version: 0.117.0 (api_login) - INFO - Recovery from C:\Users\Gebruiker\Desktop\dev\channel_generator\generator/config/puppies4nations_uuid_and_cookie.json: COOKIE True - UUIDs True - TIMING, DEVICE and ...
- user-agent=Instagram 117.0.0.28.123 Android (28/9.0; 420dpi; 1080x1920; OnePlus; ONEPLUS A3003; OnePlus3; qcom; en_US; 180322800)
- phone_id=e752e0e3-d108-407f-b5c2-f07f0000bed1
- uuid=9c721ac7-9e77-4bba-9152-ac7c7c0ecd03
- client_session_id=b234ef81-f70b-4cc7-a8a2-08fa83a86cad
- device_id=android-5ddf6083ddeebf63
2020-08-18 11:38:07,280 - instabot version: 0.117.0 (api_login) - INFO - LOGIN FLOW! Just logged-in: False
2020-08-18 11:38:08,814 - instabot version: 0.117.0 (api) - DEBUG - POST to endpoint: feed/timeline/ returned response: <Response [200]>
2020-08-18 11:38:09,694 - instabot version: 0.117.0 (api) - DEBUG - POST to endpoint: feed/reels_tray/ returned response: <Response [200]>
2020-08-18 11:38:09,718 - instabot version: 0.117.0 (api) - INFO - Logged-in successfully as 'puppies4nations'!
2020-08-18 11:38:09,722 - instabot version: 0.117.0 (bot_checkpoint) - DEBUG - Loading Checkpoint file from: C:\Users\Gebruiker\Desktop\dev\channel_generator\generator/config/puppies4nations.checkpoint
2020-08-18 11:38:35,529 - instabot version: 0.117.0 (api) - DEBUG - POST to endpoint: media/configure/? returned response: <Response [200]>
2020-08-18 11:38:35,770 - instabot version: 0.117.0 (api) - DEBUG - POST to endpoint: qe/expose/ returned response: <Response [200]>
2020-08-18 11:38:35,771 - instabot version: 0.117.0 (bot_photo) - INFO - Photo 'static/img/16464213_404188636584906_5754485865665527808_n.jpg' is uploaded.
2020-08-18 11:38:58,037 - instabot version: 0.117.0 (bot_checkpoint) - DEBUG - Saving Checkpoint file to: C:\Users\Gebruiker\Desktop\dev\channel_generator\generator/config/puppies4nations.checkpoint
2020-08-18 11:38:58,038 - instabot version: 0.117.0 (bot) - INFO - Total follows: 1/54
2020-08-18 11:38:58,038 - instabot version: 0.117.0 (bot) - INFO - Total requests: 664
