2020-08-03 11:50:08,964 - instabot version: 0.117.0 (bot) - INFO - Instabot version: 0.117.0 Started
2020-08-03 11:50:08,965 - instabot version: 0.117.0 (bot) - DEBUG - Bot imported from C:\Users\Gebruiker\Desktop\dev\channel_generator\venv\lib\site-packages\instabot\bot\bot.py
2020-08-03 11:50:08,967 - instabot version: 0.117.0 (api_login) - DEBUG - Loading cookies
2020-08-03 11:50:08,968 - instabot version: 0.117.0 (api_login) - DEBUG - Loading uuids
2020-08-03 11:50:08,968 - instabot version: 0.117.0 (api_login) - INFO - Recovery from C:\Users\Gebruiker\Desktop\dev\channel_generator\generator/config/puppies4nations_uuid_and_cookie.json: COOKIE True - UUIDs True - TIMING, DEVICE and ...
- user-agent=Instagram 117.0.0.28.123 Android (28/9.0; 420dpi; 1080x1920; OnePlus; ONEPLUS A3003; OnePlus3; qcom; en_US; 180322800)
- phone_id=e752e0e3-d108-407f-b5c2-f07f0000bed1
- uuid=9c721ac7-9e77-4bba-9152-ac7c7c0ecd03
- client_session_id=45543825-48e3-4262-bdbe-b4bd9b05171c
- device_id=android-5ddf6083ddeebf63
2020-08-03 11:50:08,973 - instabot version: 0.117.0 (api_login) - INFO - LOGIN FLOW! Just logged-in: False
2020-08-03 11:50:10,552 - instabot version: 0.117.0 (api) - DEBUG - POST to endpoint: feed/timeline/ returned response: <Response [200]>
2020-08-03 11:50:11,115 - instabot version: 0.117.0 (api) - DEBUG - POST to endpoint: feed/reels_tray/ returned response: <Response [200]>
2020-08-03 11:50:11,126 - instabot version: 0.117.0 (api) - INFO - Logged-in successfully as 'puppies4nations'!
2020-08-03 11:50:11,127 - instabot version: 0.117.0 (bot_checkpoint) - DEBUG - Loading Checkpoint file from: C:\Users\Gebruiker\Desktop\dev\channel_generator\generator/config/puppies4nations.checkpoint
2020-08-03 11:50:12,070 - instabot version: 0.117.0 (bot_follow) - INFO - Going to follow `user_id` 38591692602.
2020-08-03 11:50:12,072 - instabot version: 0.117.0 (api) - DEBUG - post data: {"user_id": "38591692602", "radio_type": "wifi-none", "device_id": "android-5ddf6083ddeebf63", "_uuid": "9c721ac7-9e77-4bba-9152-ac7c7c0ecd03", "_uid": "38579043486", "_csrftoken": "MIhbLn1IlNphDGr7gIcJWDAH6yZl9H74"}
2020-08-03 11:50:12,777 - instabot version: 0.117.0 (api) - DEBUG - POST to endpoint: friendships/create/38591692602/ returned response: <Response [200]>
2020-08-03 11:50:12,778 - instabot version: 0.117.0 (bot_follow) - INFO - Followed `user_id` 38591692602.
2020-08-03 11:50:13,600 - instabot version: 0.117.0 (api) - DEBUG - GET to endpoint: users/38579043486/info/ returned response: <Response [200]>
2020-08-03 11:50:18,992 - instabot version: 0.117.0 (api) - DEBUG - GET to endpoint: friendships/38579043486/following/?max_id=&ig_sig_key_version=4&rank_token=38579043486_9c721ac7-9e77-4bba-9152-ac7c7c0ecd03 returned response: <Response [200]>
2020-08-03 11:50:31,112 - instabot version: 0.117.0 (api) - DEBUG - GET to endpoint: users/35602447528/info/ returned response: <Response [200]>
2020-08-03 11:50:31,113 - instabot version: 0.117.0 (bot_unfollow) - INFO - Going to unfollow `user_id` 35602447528 with username lovelylittlesunflowers.
2020-08-03 11:50:34,890 - instabot version: 0.117.0 (api) - DEBUG - POST to endpoint: friendships/destroy/35602447528/ returned response: <Response [200]>
2020-08-03 11:50:34,891 - instabot version: 0.117.0 (bot_unfollow) - INFO - Unfollowed `user_id` 35602447528 with username lovelylittlesunflowers
2020-08-03 11:50:43,515 - instabot version: 0.117.0 (api) - DEBUG - GET to endpoint: users/34713085649/info/ returned response: <Response [200]>
2020-08-03 11:50:43,516 - instabot version: 0.117.0 (bot_unfollow) - INFO - Going to unfollow `user_id` 34713085649 with username dogs.breeder.
2020-08-03 11:53:10,034 - instabot version: 0.117.0 (bot_checkpoint) - DEBUG - Saving Checkpoint file to: C:\Users\Gebruiker\Desktop\dev\channel_generator\generator/config/puppies4nations.checkpoint
2020-08-03 11:53:10,036 - instabot version: 0.117.0 (bot) - INFO - Total follows: 5/97
2020-08-03 11:53:10,036 - instabot version: 0.117.0 (bot) - INFO - Total unfollows: 1/70
2020-08-03 11:53:10,037 - instabot version: 0.117.0 (bot) - INFO - Total requests: 263
