2020-08-14 16:57:51,148 - instabot version: 0.117.0 (bot) - INFO - Instabot version: 0.117.0 Started
2020-08-14 16:57:51,149 - instabot version: 0.117.0 (bot) - DEBUG - Bot imported from C:\Users\Gebruiker\Desktop\dev\channel_generator\venv\lib\site-packages\instabot\bot\bot.py
2020-08-14 16:57:51,193 - instabot version: 0.117.0 (bot) - INFO - Instabot version: 0.117.0 Started
2020-08-14 16:57:51,195 - instabot version: 0.117.0 (bot) - DEBUG - Bot imported from C:\Users\Gebruiker\Desktop\dev\channel_generator\venv\lib\site-packages\instabot\bot\bot.py
2020-08-14 16:57:51,204 - instabot version: 0.117.0 (api_login) - DEBUG - Loading cookies
2020-08-14 16:57:51,209 - instabot version: 0.117.0 (api_login) - DEBUG - Loading uuids
2020-08-14 16:57:51,209 - instabot version: 0.117.0 (api_login) - INFO - Recovery from C:\Users\Gebruiker\Desktop\dev\channel_generator\generator/config/puppies4nations_uuid_and_cookie.json: COOKIE True - UUIDs True - TIMING, DEVICE and ...
- user-agent=Instagram 117.0.0.28.123 Android (28/9.0; 420dpi; 1080x1920; OnePlus; ONEPLUS A3003; OnePlus3; qcom; en_US; 180322800)
- phone_id=e752e0e3-d108-407f-b5c2-f07f0000bed1
- uuid=9c721ac7-9e77-4bba-9152-ac7c7c0ecd03
- client_session_id=d16f5b6c-7bf0-46b1-bc62-c231ba89529b
- device_id=android-5ddf6083ddeebf63
2020-08-14 16:57:51,210 - instabot version: 0.117.0 (api_login) - INFO - LOGIN FLOW! Just logged-in: False
2020-08-14 16:57:52,948 - instabot version: 0.117.0 (api) - DEBUG - POST to endpoint: feed/timeline/ returned response: <Response [200]>
2020-08-14 16:57:53,644 - instabot version: 0.117.0 (api) - DEBUG - POST to endpoint: feed/reels_tray/ returned response: <Response [200]>
2020-08-14 16:57:53,646 - instabot version: 0.117.0 (api) - INFO - Logged-in successfully as 'puppies4nations'!
2020-08-14 16:57:53,647 - instabot version: 0.117.0 (bot_checkpoint) - DEBUG - Loading Checkpoint file from: C:\Users\Gebruiker\Desktop\dev\channel_generator\generator/config/puppies4nations.checkpoint
2020-08-14 16:57:53,649 - instabot version: 0.117.0 (api_login) - DEBUG - Loading cookies
2020-08-14 16:57:53,649 - instabot version: 0.117.0 (api_login) - DEBUG - Loading uuids
2020-08-14 16:57:53,649 - instabot version: 0.117.0 (api_login) - INFO - Recovery from C:\Users\Gebruiker\Desktop\dev\channel_generator\generator/config/tripellytrips_uuid_and_cookie.json: COOKIE True - UUIDs True - TIMING, DEVICE and ...
- user-agent=Instagram 117.0.0.28.123 Android (28/9.0; 420dpi; 1080x1920; OnePlus; ONEPLUS A3003; OnePlus3; qcom; en_US; 180322800)
- phone_id=bc145835-28eb-4a14-89a4-7ac029c350d1
- uuid=e1976ccd-0a36-4256-9d53-a00eacfee537
- client_session_id=5b37c9f6-197d-4b8d-a7c8-c5e5070f1936
- device_id=android-34cf8b3dcd266555
2020-08-14 16:57:53,652 - instabot version: 0.117.0 (api_login) - INFO - LOGIN FLOW! Just logged-in: False
2020-08-14 16:57:55,252 - instabot version: 0.117.0 (api) - DEBUG - POST to endpoint: feed/timeline/ returned response: <Response [200]>
2020-08-14 16:57:56,202 - instabot version: 0.117.0 (api) - DEBUG - POST to endpoint: feed/reels_tray/ returned response: <Response [200]>
2020-08-14 16:57:56,204 - instabot version: 0.117.0 (api) - INFO - Logged-in successfully as 'tripellytrips'!
2020-08-14 16:57:56,207 - instabot version: 0.117.0 (bot_checkpoint) - DEBUG - Loading Checkpoint file from: C:\Users\Gebruiker\Desktop\dev\channel_generator\generator/config/tripellytrips.checkpoint
2020-08-14 16:57:56,212 - instabot version: 0.117.0 (bot_checkpoint) - DEBUG - Saving Checkpoint file to: C:\Users\Gebruiker\Desktop\dev\channel_generator\generator/config/tripellytrips.checkpoint
2020-08-14 16:57:56,212 - instabot version: 0.117.0 (bot) - INFO - Total follows: 2/62
2020-08-14 16:57:56,213 - instabot version: 0.117.0 (bot) - INFO - Total unfollows: 1/83
2020-08-14 16:57:56,214 - instabot version: 0.117.0 (bot) - INFO - Total requests: 398
2020-08-14 16:57:56,218 - instabot version: 0.117.0 (bot_checkpoint) - DEBUG - Saving Checkpoint file to: C:\Users\Gebruiker\Desktop\dev\channel_generator\generator/config/tripellytrips.checkpoint
2020-08-14 16:57:56,218 - instabot version: 0.117.0 (bot) - INFO - Total follows: 2/62
2020-08-14 16:57:56,220 - instabot version: 0.117.0 (bot) - INFO - Total unfollows: 1/83
2020-08-14 16:57:56,221 - instabot version: 0.117.0 (bot) - INFO - Total requests: 398
