2020-08-17 13:21:40,592 - instabot version: 0.117.0 (bot) - INFO - Instabot version: 0.117.0 Started
2020-08-17 13:21:40,593 - instabot version: 0.117.0 (bot) - DEBUG - Bot imported from C:\Users\Gebruiker\Desktop\dev\channel_generator\venv\lib\site-packages\instabot\bot\bot.py
2020-08-17 13:59:31,718 - instabot version: 0.117.0 (api_login) - DEBUG - Loading cookies
2020-08-17 13:59:31,719 - instabot version: 0.117.0 (api_login) - DEBUG - Loading uuids
2020-08-17 13:59:31,719 - instabot version: 0.117.0 (api_login) - INFO - Recovery from C:\Users\Gebruiker\Desktop\dev\channel_generator\generator/config/tripellytrips_uuid_and_cookie.json: COOKIE True - UUIDs True - TIMING, DEVICE and ...
- user-agent=Instagram 117.0.0.28.123 Android (28/9.0; 420dpi; 1080x1920; OnePlus; ONEPLUS A3003; OnePlus3; qcom; en_US; 180322800)
- phone_id=bc145835-28eb-4a14-89a4-7ac029c350d1
- uuid=e1976ccd-0a36-4256-9d53-a00eacfee537
- client_session_id=f00548d1-982f-4827-b909-c1d745d9d925
- device_id=android-34cf8b3dcd266555
2020-08-17 13:59:31,720 - instabot version: 0.117.0 (api_login) - INFO - LOGIN FLOW! Just logged-in: False
2020-08-17 13:59:34,271 - instabot version: 0.117.0 (api) - DEBUG - POST to endpoint: feed/timeline/ returned response: <Response [200]>
2020-08-17 13:59:35,218 - instabot version: 0.117.0 (api) - DEBUG - POST to endpoint: feed/reels_tray/ returned response: <Response [200]>
2020-08-17 13:59:35,746 - instabot version: 0.117.0 (api) - DEBUG - POST to endpoint: direct_v2/ranked_recipients/ returned response: <Response [200]>
2020-08-17 13:59:36,023 - instabot version: 0.117.0 (api) - DEBUG - POST to endpoint: direct_v2/ranked_recipients/ returned response: <Response [200]>
2020-08-17 13:59:36,480 - instabot version: 0.117.0 (api) - DEBUG - POST to endpoint: direct_v2/inbox/ returned response: <Response [200]>
2020-08-17 13:59:36,733 - instabot version: 0.117.0 (api) - DEBUG - GET to endpoint: direct_v2/get_presence/ returned response: <Response [200]>
2020-08-17 13:59:37,506 - instabot version: 0.117.0 (api) - DEBUG - GET to endpoint: news/inbox/?limited_activity=true&show_su=true returned response: <Response [200]>
2020-08-17 13:59:37,762 - instabot version: 0.117.0 (api) - DEBUG - GET to endpoint: users/profile_notice/ returned response: <Response [200]>
2020-08-17 13:59:38,062 - instabot version: 0.117.0 (api) - DEBUG - POST to endpoint: discover/explore/ returned response: <Response [200]>
2020-08-17 13:59:38,064 - instabot version: 0.117.0 (api) - INFO - Logged-in successfully as 'tripellytrips'!
2020-08-17 13:59:38,065 - instabot version: 0.117.0 (bot_checkpoint) - DEBUG - Loading Checkpoint file from: C:\Users\Gebruiker\Desktop\dev\channel_generator\generator/config/tripellytrips.checkpoint
2020-08-17 13:59:38,151 - instabot version: 0.117.0 (bot_follow) - INFO - Going to follow `user_id` 4071455645.
2020-08-17 13:59:38,151 - instabot version: 0.117.0 (api) - DEBUG - post data: {"user_id": "4071455645", "radio_type": "wifi-none", "device_id": "android-34cf8b3dcd266555", "_uuid": "e1976ccd-0a36-4256-9d53-a00eacfee537", "_uid": "23903893713", "_csrftoken": "Jvy14iXS4dgrhHqqece6xYK3VMvQmQSO"}
2020-08-17 13:59:40,238 - instabot version: 0.117.0 (api) - DEBUG - POST to endpoint: friendships/create/4071455645/ returned response: <Response [200]>
2020-08-17 13:59:40,239 - instabot version: 0.117.0 (bot_follow) - INFO - Followed `user_id` 4071455645.
2020-08-17 13:59:41,217 - instabot version: 0.117.0 (api) - DEBUG - GET to endpoint: users/23903893713/info/ returned response: <Response [200]>
2020-08-17 13:59:41,750 - instabot version: 0.117.0 (api) - DEBUG - GET to endpoint: friendships/23903893713/following/?max_id=&ig_sig_key_version=4&rank_token=23903893713_e1976ccd-0a36-4256-9d53-a00eacfee537 returned response: <Response [200]>
