2020-08-13 10:59:31,167 - instabot version: 0.117.0 (bot) - INFO - Instabot version: 0.117.0 Started
2020-08-13 10:59:31,168 - instabot version: 0.117.0 (bot) - DEBUG - Bot imported from C:\Users\Gebruiker\Desktop\dev\channel_generator\venv\lib\site-packages\instabot\bot\bot.py
2020-08-13 10:59:35,731 - instabot version: 0.117.0 (api_login) - DEBUG - Loading cookies
2020-08-13 10:59:35,731 - instabot version: 0.117.0 (api_login) - DEBUG - Loading uuids
2020-08-13 10:59:35,732 - instabot version: 0.117.0 (api_login) - INFO - Recovery from C:\Users\Gebruiker\Desktop\dev\channel_generator\generator/config/puppies4nations_uuid_and_cookie.json: COOKIE True - UUIDs True - TIMING, DEVICE and ...
- user-agent=Instagram 117.0.0.28.123 Android (28/9.0; 420dpi; 1080x1920; OnePlus; ONEPLUS A3003; OnePlus3; qcom; en_US; 180322800)
- phone_id=e752e0e3-d108-407f-b5c2-f07f0000bed1
- uuid=9c721ac7-9e77-4bba-9152-ac7c7c0ecd03
- client_session_id=fdae22c1-5cd6-4bda-babc-c1993d5372d8
- device_id=android-5ddf6083ddeebf63
2020-08-13 10:59:35,737 - instabot version: 0.117.0 (api_login) - INFO - LOGIN FLOW! Just logged-in: False
2020-08-13 10:59:37,047 - instabot version: 0.117.0 (api) - DEBUG - POST to endpoint: feed/timeline/ returned response: <Response [200]>
2020-08-13 10:59:37,711 - instabot version: 0.117.0 (api) - DEBUG - POST to endpoint: feed/reels_tray/ returned response: <Response [200]>
2020-08-13 10:59:37,712 - instabot version: 0.117.0 (api) - INFO - Logged-in successfully as 'puppies4nations'!
2020-08-13 10:59:37,713 - instabot version: 0.117.0 (bot_checkpoint) - DEBUG - Loading Checkpoint file from: C:\Users\Gebruiker\Desktop\dev\channel_generator\generator/config/puppies4nations.checkpoint
2020-08-13 10:59:38,118 - instabot version: 0.117.0 (api) - DEBUG - GET to endpoint: users/5336015739/info/ returned response: <Response [200]>
2020-08-13 10:59:38,119 - instabot version: 0.117.0 (bot_unfollow) - INFO - Going to unfollow `user_id` 5336015739 with username advertq8_1.
2020-08-13 10:59:42,219 - instabot version: 0.117.0 (api) - DEBUG - GET to endpoint: users/38579043486/info/ returned response: <Response [200]>
2020-08-13 10:59:43,053 - instabot version: 0.117.0 (api) - DEBUG - GET to endpoint: friendships/38579043486/following/?max_id=&ig_sig_key_version=4&rank_token=38579043486_9c721ac7-9e77-4bba-9152-ac7c7c0ecd03 returned response: <Response [200]>
2020-08-13 10:59:44,130 - instabot version: 0.117.0 (api) - DEBUG - POST to endpoint: friendships/destroy/5336015739/ returned response: <Response [200]>
2020-08-13 10:59:44,130 - instabot version: 0.117.0 (bot_unfollow) - INFO - Unfollowed `user_id` 5336015739 with username advertq8_1
2020-08-13 11:02:35,697 - instabot version: 0.117.0 (bot_checkpoint) - DEBUG - Saving Checkpoint file to: C:\Users\Gebruiker\Desktop\dev\channel_generator\generator/config/puppies4nations.checkpoint
2020-08-13 11:02:35,698 - instabot version: 0.117.0 (bot) - INFO - Total unfollows: 1/66
2020-08-13 11:02:35,698 - instabot version: 0.117.0 (bot) - INFO - Total requests: 508
