2020-08-08 16:58:01,780 - instabot version: 0.117.0 (bot) - INFO - Instabot version: 0.117.0 Started
2020-08-08 16:58:01,781 - instabot version: 0.117.0 (bot) - DEBUG - Bot imported from C:\Users\Gebruiker\Desktop\dev\channel_generator\venv\lib\site-packages\instabot\bot\bot.py
2020-08-08 16:58:05,299 - instabot version: 0.117.0 (api_login) - DEBUG - Loading cookies
2020-08-08 16:58:05,300 - instabot version: 0.117.0 (api_login) - DEBUG - Loading uuids
2020-08-08 16:58:05,300 - instabot version: 0.117.0 (api_login) - INFO - Recovery from C:\Users\Gebruiker\Desktop\dev\channel_generator\generator/config/puppies4nations_uuid_and_cookie.json: COOKIE True - UUIDs True - TIMING, DEVICE and ...
- user-agent=Instagram 117.0.0.28.123 Android (28/9.0; 420dpi; 1080x1920; OnePlus; ONEPLUS A3003; OnePlus3; qcom; en_US; 180322800)
- phone_id=e752e0e3-d108-407f-b5c2-f07f0000bed1
- uuid=9c721ac7-9e77-4bba-9152-ac7c7c0ecd03
- client_session_id=16259f1f-4206-485b-b7b3-c09b135b3d29
- device_id=android-5ddf6083ddeebf63
2020-08-08 16:58:05,301 - instabot version: 0.117.0 (api_login) - INFO - LOGIN FLOW! Just logged-in: False
2020-08-08 16:58:06,754 - instabot version: 0.117.0 (api) - DEBUG - POST to endpoint: feed/timeline/ returned response: <Response [200]>
2020-08-08 16:58:07,345 - instabot version: 0.117.0 (api) - DEBUG - POST to endpoint: feed/reels_tray/ returned response: <Response [200]>
2020-08-08 16:58:07,347 - instabot version: 0.117.0 (api) - INFO - Logged-in successfully as 'puppies4nations'!
2020-08-08 16:58:07,347 - instabot version: 0.117.0 (bot_checkpoint) - DEBUG - Loading Checkpoint file from: C:\Users\Gebruiker\Desktop\dev\channel_generator\generator/config/puppies4nations.checkpoint
2020-08-08 16:58:11,227 - instabot version: 0.117.0 (api) - DEBUG - GET to endpoint: media/2353038989027393717/info/ returned response: <Response [200]>
2020-08-08 17:06:34,096 - instabot version: 0.117.0 (bot_checkpoint) - DEBUG - Saving Checkpoint file to: C:\Users\Gebruiker\Desktop\dev\channel_generator\generator/config/puppies4nations.checkpoint
2020-08-08 17:06:34,097 - instabot version: 0.117.0 (bot) - INFO - Total follows: 6/51
2020-08-08 17:06:34,097 - instabot version: 0.117.0 (bot) - INFO - Total unfollows: 2/99
2020-08-08 17:06:34,098 - instabot version: 0.117.0 (bot) - INFO - Total requests: 419
