2020-08-18 10:57:01,431 - instabot version: 0.117.0 (bot) - INFO - Instabot version: 0.117.0 Started
2020-08-18 10:57:01,431 - instabot version: 0.117.0 (bot) - DEBUG - Bot imported from C:\Users\Gebruiker\Desktop\dev\channel_generator\venv\lib\site-packages\instabot\bot\bot.py
2020-08-18 10:57:03,722 - instabot version: 0.117.0 (api_login) - DEBUG - Loading cookies
2020-08-18 10:57:03,726 - instabot version: 0.117.0 (api_login) - DEBUG - Loading uuids
2020-08-18 10:57:03,726 - instabot version: 0.117.0 (api_login) - INFO - Recovery from C:\Users\Gebruiker\Desktop\dev\channel_generator\generator/config/puppies4nations_uuid_and_cookie.json: COOKIE True - UUIDs True - TIMING, DEVICE and ...
- user-agent=Instagram 117.0.0.28.123 Android (28/9.0; 420dpi; 1080x1920; OnePlus; ONEPLUS A3003; OnePlus3; qcom; en_US; 180322800)
- phone_id=e752e0e3-d108-407f-b5c2-f07f0000bed1
- uuid=9c721ac7-9e77-4bba-9152-ac7c7c0ecd03
- client_session_id=8abaa4b2-3f39-429d-b824-4ae7b0073700
- device_id=android-5ddf6083ddeebf63
2020-08-18 10:57:03,730 - instabot version: 0.117.0 (api_login) - INFO - LOGIN FLOW! Just logged-in: False
2020-08-18 10:57:04,616 - instabot version: 0.117.0 (api) - DEBUG - POST to endpoint: feed/timeline/ returned response: <Response [200]>
2020-08-18 10:57:05,292 - instabot version: 0.117.0 (api) - DEBUG - POST to endpoint: feed/reels_tray/ returned response: <Response [200]>
2020-08-18 10:57:05,292 - instabot version: 0.117.0 (api) - INFO - Logged-in successfully as 'puppies4nations'!
2020-08-18 10:57:05,292 - instabot version: 0.117.0 (bot_checkpoint) - DEBUG - Loading Checkpoint file from: C:\Users\Gebruiker\Desktop\dev\channel_generator\generator/config/puppies4nations.checkpoint
2020-08-18 10:57:29,251 - instabot version: 0.117.0 (api) - DEBUG - POST to endpoint: media/configure/? returned response: <Response [200]>
2020-08-18 10:57:29,489 - instabot version: 0.117.0 (api) - DEBUG - POST to endpoint: qe/expose/ returned response: <Response [200]>
2020-08-18 10:57:29,489 - instabot version: 0.117.0 (bot_photo) - INFO - Photo 'static/img/18380628_956709517765905_2333618090270523392_n.jpg' is uploaded.
2020-08-18 10:59:50,529 - instabot version: 0.117.0 (bot_checkpoint) - DEBUG - Saving Checkpoint file to: C:\Users\Gebruiker\Desktop\dev\channel_generator\generator/config/puppies4nations.checkpoint
2020-08-18 10:59:50,529 - instabot version: 0.117.0 (bot) - INFO - Total follows: 1/77
2020-08-18 10:59:50,529 - instabot version: 0.117.0 (bot) - INFO - Total requests: 650
