2020-07-29 17:07:38,596 - instabot version: 0.117.0 (bot) - INFO - Instabot version: 0.117.0 Started
2020-07-29 17:07:38,596 - instabot version: 0.117.0 (bot) - DEBUG - Bot imported from C:\Users\Gebruiker\Desktop\dev\channel_generator\venv\lib\site-packages\instabot\bot\bot.py
2020-07-29 17:07:38,597 - instabot version: 0.117.0 (api_login) - DEBUG - Loading cookies
2020-07-29 17:07:38,597 - instabot version: 0.117.0 (api_login) - DEBUG - Loading uuids
2020-07-29 17:07:38,597 - instabot version: 0.117.0 (api_login) - INFO - Recovery from C:\Users\Gebruiker\Desktop\dev\channel_generator\generator/config/puppies4nations_uuid_and_cookie.json: COOKIE True - UUIDs True - TIMING, DEVICE and ...
- user-agent=Instagram 117.0.0.28.123 Android (28/9.0; 420dpi; 1080x1920; OnePlus; ONEPLUS A3003; OnePlus3; qcom; en_US; 180322800)
- phone_id=e752e0e3-d108-407f-b5c2-f07f0000bed1
- uuid=9c721ac7-9e77-4bba-9152-ac7c7c0ecd03
- client_session_id=a8d6f2e5-726e-4273-9184-10916956709a
- device_id=android-5ddf6083ddeebf63
2020-07-29 17:07:38,598 - instabot version: 0.117.0 (api_login) - INFO - LOGIN FLOW! Just logged-in: False
2020-07-29 17:07:39,510 - instabot version: 0.117.0 (api) - DEBUG - POST to endpoint: feed/timeline/ returned response: <Response [200]>
2020-07-29 17:07:39,929 - instabot version: 0.117.0 (api) - DEBUG - POST to endpoint: feed/reels_tray/ returned response: <Response [200]>
2020-07-29 17:07:39,930 - instabot version: 0.117.0 (api) - INFO - Logged-in successfully as 'puppies4nations'!
2020-07-29 17:07:39,931 - instabot version: 0.117.0 (bot_checkpoint) - DEBUG - Loading Checkpoint file from: C:\Users\Gebruiker\Desktop\dev\channel_generator\generator/config/puppies4nations.checkpoint
2020-07-29 17:07:56,288 - instabot version: 0.117.0 (api) - DEBUG - GET to endpoint: users/rudolphsebas/usernameinfo/ returned response: <Response [200]>
2020-07-29 17:07:57,027 - instabot version: 0.117.0 (api) - DEBUG - GET to endpoint: users/2440677292/info/ returned response: <Response [200]>
2020-07-29 17:07:57,311 - instabot version: 0.117.0 (api) - DEBUG - GET to endpoint: friendships/2440677292/followers/?rank_token=38579043486_9c721ac7-9e77-4bba-9152-ac7c7c0ecd03 returned response: <Response [200]>
2020-07-29 17:07:57,698 - instabot version: 0.117.0 (api) - DEBUG - GET to endpoint: friendships/2440677292/followers/?rank_token=38579043486_9c721ac7-9e77-4bba-9152-ac7c7c0ecd03&max_id=QVFDVUJkcGVkd0Z5SVAzTWJYd2VmbWE1TTZpQ01fUkpUbmNWaExpVnNXVGVoOFNLMVFhMFB6a3N5MkFSdzdoWUs2am1lLUxLVHMxS0FCbi12ZnFOcTVRVg== returned response: <Response [200]>
2020-07-29 17:07:57,963 - instabot version: 0.117.0 (api) - DEBUG - GET to endpoint: friendships/2440677292/followers/?rank_token=38579043486_9c721ac7-9e77-4bba-9152-ac7c7c0ecd03&max_id=QVFEZlRMcEdjOHpkWi1ydEZvWWt5MTNvZ1hHUjgyUkluanpFQUNqWTJKbTlWVFAwMVU5Rm0zSFJnTVlSMEJZQ1p5NlFHV0xoYmxqYmg0NVpUd2RiN2tsWg== returned response: <Response [200]>
2020-07-29 17:07:58,214 - instabot version: 0.117.0 (api) - DEBUG - GET to endpoint: friendships/2440677292/followers/?rank_token=38579043486_9c721ac7-9e77-4bba-9152-ac7c7c0ecd03&max_id=QVFEaV9ULXAzUk5pT0RNQUdKM1pzMGtKOFFmNjdlOE82U3JYTHE3Q0E2cWJac1dyRlJSVzBCUDlEZGhjWUhlNnlUWHByVHVQQ3lmVEx0cEVsWkkxakpjUA== returned response: <Response [200]>
2020-07-29 17:07:58,470 - instabot version: 0.117.0 (api) - DEBUG - GET to endpoint: friendships/2440677292/followers/?rank_token=38579043486_9c721ac7-9e77-4bba-9152-ac7c7c0ecd03&max_id=QVFCT0NVSWtxTHJxdGlqVWMteDFkZ3VjV0pvUkxvcHpMVlpVM2hYWFVKaE45UW9zaTFya2ljUUxGOGIzNVBnWHB1aEUwYkxrWlN1bklFcGVzWFh3MGtZOA== returned response: <Response [200]>
2020-07-29 17:11:04,031 - instabot version: 0.117.0 (bot_checkpoint) - DEBUG - Saving Checkpoint file to: C:\Users\Gebruiker\Desktop\dev\channel_generator\generator/config/puppies4nations.checkpoint
2020-07-29 17:11:04,032 - instabot version: 0.117.0 (bot) - INFO - Total requests: 38
