2020-08-14 13:50:29,571 - instabot version: 0.117.0 (bot) - INFO - Instabot version: 0.117.0 Started
2020-08-14 13:50:29,572 - instabot version: 0.117.0 (bot) - DEBUG - Bot imported from C:\Users\Gebruiker\Desktop\dev\channel_generator\venv\lib\site-packages\instabot\bot\bot.py
2020-08-14 13:57:55,717 - instabot version: 0.117.0 (api_login) - DEBUG - Loading cookies
2020-08-14 13:57:55,718 - instabot version: 0.117.0 (api_login) - DEBUG - Loading uuids
2020-08-14 13:57:55,718 - instabot version: 0.117.0 (api_login) - INFO - Recovery from C:\Users\Gebruiker\Desktop\dev\channel_generator\generator/config/rolexasajewelry_uuid_and_cookie.json: COOKIE True - UUIDs True - TIMING, DEVICE and ...
- user-agent=Instagram 117.0.0.28.123 Android (28/9.0; 420dpi; 1080x1920; OnePlus; ONEPLUS A3003; OnePlus3; qcom; en_US; 180322800)
- phone_id=6dd8ed9a-deb5-4a4d-b418-400b84fbffbf
- uuid=138306be-87ad-42de-9a7d-0851ac58dfbc
- client_session_id=a5f7f5e3-f5ec-4f4e-8ce7-afad7c117424
- device_id=android-a4201e920dd79d83
2020-08-14 13:57:55,719 - instabot version: 0.117.0 (api_login) - INFO - LOGIN FLOW! Just logged-in: False
2020-08-14 13:57:57,719 - instabot version: 0.117.0 (api) - DEBUG - POST to endpoint: feed/timeline/ returned response: <Response [200]>
2020-08-14 13:57:58,398 - instabot version: 0.117.0 (api) - DEBUG - POST to endpoint: feed/reels_tray/ returned response: <Response [200]>
2020-08-14 13:57:58,796 - instabot version: 0.117.0 (api) - DEBUG - POST to endpoint: direct_v2/ranked_recipients/ returned response: <Response [200]>
2020-08-14 13:57:59,076 - instabot version: 0.117.0 (api) - DEBUG - POST to endpoint: direct_v2/ranked_recipients/ returned response: <Response [200]>
2020-08-14 13:57:59,348 - instabot version: 0.117.0 (api) - DEBUG - POST to endpoint: direct_v2/inbox/ returned response: <Response [200]>
2020-08-14 13:57:59,601 - instabot version: 0.117.0 (api) - DEBUG - GET to endpoint: direct_v2/get_presence/ returned response: <Response [200]>
2020-08-14 13:58:00,200 - instabot version: 0.117.0 (api) - DEBUG - GET to endpoint: news/inbox/?limited_activity=true&show_su=true returned response: <Response [200]>
2020-08-14 13:58:00,454 - instabot version: 0.117.0 (api) - DEBUG - GET to endpoint: users/profile_notice/ returned response: <Response [200]>
2020-08-14 13:58:01,918 - instabot version: 0.117.0 (api) - DEBUG - POST to endpoint: discover/explore/ returned response: <Response [200]>
2020-08-14 13:58:01,925 - instabot version: 0.117.0 (api) - INFO - Logged-in successfully as 'rolexasajewelry'!
2020-08-14 13:58:01,926 - instabot version: 0.117.0 (bot_checkpoint) - DEBUG - Loading Checkpoint file from: C:\Users\Gebruiker\Desktop\dev\channel_generator\generator/config/rolexasajewelry.checkpoint
2020-08-14 13:58:01,953 - instabot version: 0.117.0 (bot_follow) - INFO - Going to follow `user_id` 5765088806.
2020-08-14 13:58:01,954 - instabot version: 0.117.0 (api) - DEBUG - post data: {"user_id": "5765088806", "radio_type": "wifi-none", "device_id": "android-a4201e920dd79d83", "_uuid": "138306be-87ad-42de-9a7d-0851ac58dfbc", "_uid": "39401679339", "_csrftoken": "4C2zPXq35GdFmEkU7bVTyJI0IKEg3WzW"}
2020-08-14 13:58:02,863 - instabot version: 0.117.0 (api) - DEBUG - POST to endpoint: friendships/create/5765088806/ returned response: <Response [200]>
2020-08-14 13:58:02,863 - instabot version: 0.117.0 (bot_follow) - INFO - Followed `user_id` 5765088806.
2020-08-14 13:58:03,573 - instabot version: 0.117.0 (api) - DEBUG - GET to endpoint: users/39401679339/info/ returned response: <Response [200]>
2020-08-14 13:58:03,968 - instabot version: 0.117.0 (api) - DEBUG - GET to endpoint: friendships/39401679339/following/?max_id=&ig_sig_key_version=4&rank_token=39401679339_138306be-87ad-42de-9a7d-0851ac58dfbc returned response: <Response [200]>
2020-08-14 13:59:10,244 - instabot version: 0.117.0 (api_login) - DEBUG - Loading cookies
2020-08-14 13:59:10,245 - instabot version: 0.117.0 (api_login) - DEBUG - Loading uuids
2020-08-14 13:59:10,245 - instabot version: 0.117.0 (api_login) - INFO - Recovery from C:\Users\Gebruiker\Desktop\dev\channel_generator\generator/config/rolexasajewelry_uuid_and_cookie.json: COOKIE True - UUIDs True - TIMING, DEVICE and ...
- user-agent=Instagram 117.0.0.28.123 Android (28/9.0; 420dpi; 1080x1920; OnePlus; ONEPLUS A3003; OnePlus3; qcom; en_US; 180322800)
- phone_id=6dd8ed9a-deb5-4a4d-b418-400b84fbffbf
- uuid=138306be-87ad-42de-9a7d-0851ac58dfbc
- client_session_id=bd051a81-5f4f-4629-89dc-798d0a869187
- device_id=android-a4201e920dd79d83
2020-08-14 13:59:10,247 - instabot version: 0.117.0 (api_login) - INFO - LOGIN FLOW! Just logged-in: False
2020-08-14 13:59:11,770 - instabot version: 0.117.0 (api) - DEBUG - POST to endpoint: feed/timeline/ returned response: <Response [200]>
2020-08-14 13:59:12,271 - instabot version: 0.117.0 (api) - DEBUG - POST to endpoint: feed/reels_tray/ returned response: <Response [200]>
2020-08-14 13:59:12,276 - instabot version: 0.117.0 (api) - INFO - Logged-in successfully as 'rolexasajewelry'!
2020-08-14 13:59:12,277 - instabot version: 0.117.0 (bot_checkpoint) - DEBUG - Loading Checkpoint file from: C:\Users\Gebruiker\Desktop\dev\channel_generator\generator/config/rolexasajewelry.checkpoint
2020-08-14 14:04:32,466 - instabot version: 0.117.0 (bot_checkpoint) - DEBUG - Saving Checkpoint file to: C:\Users\Gebruiker\Desktop\dev\channel_generator\generator/config/rolexasajewelry.checkpoint
2020-08-14 14:04:32,468 - instabot version: 0.117.0 (bot) - INFO - Total requests: 41
2020-08-14 14:04:32,469 - instabot version: 0.117.0 (bot_checkpoint) - DEBUG - Saving Checkpoint file to: C:\Users\Gebruiker\Desktop\dev\channel_generator\generator/config/rolexasajewelry.checkpoint
2020-08-14 14:04:32,470 - instabot version: 0.117.0 (bot) - INFO - Total requests: 41
