2020-08-02 14:36:34,909 - instabot version: 0.117.0 (bot) - INFO - Instabot version: 0.117.0 Started
2020-08-02 14:36:34,909 - instabot version: 0.117.0 (bot) - DEBUG - Bot imported from C:\Users\Gebruiker\Desktop\dev\channel_generator\venv\lib\site-packages\instabot\bot\bot.py
2020-08-02 14:36:34,909 - instabot version: 0.117.0 (api_login) - DEBUG - Loading cookies
2020-08-02 14:36:34,909 - instabot version: 0.117.0 (api_login) - DEBUG - Loading uuids
2020-08-02 14:36:34,909 - instabot version: 0.117.0 (api_login) - INFO - Recovery from C:\Users\Gebruiker\Desktop\dev\channel_generator\generator/config/puppies4nations_uuid_and_cookie.json: COOKIE True - UUIDs True - TIMING, DEVICE and ...
- user-agent=Instagram 117.0.0.28.123 Android (28/9.0; 420dpi; 1080x1920; OnePlus; ONEPLUS A3003; OnePlus3; qcom; en_US; 180322800)
- phone_id=e752e0e3-d108-407f-b5c2-f07f0000bed1
- uuid=9c721ac7-9e77-4bba-9152-ac7c7c0ecd03
- client_session_id=ad652f43-eff0-4c51-b9e7-1daf35ffad3d
- device_id=android-5ddf6083ddeebf63
2020-08-02 14:36:34,909 - instabot version: 0.117.0 (api_login) - INFO - LOGIN FLOW! Just logged-in: False
2020-08-02 14:36:36,617 - instabot version: 0.117.0 (api) - DEBUG - POST to endpoint: feed/timeline/ returned response: <Response [200]>
2020-08-02 14:36:37,279 - instabot version: 0.117.0 (api) - DEBUG - POST to endpoint: feed/reels_tray/ returned response: <Response [200]>
2020-08-02 14:36:37,631 - instabot version: 0.117.0 (api) - DEBUG - POST to endpoint: direct_v2/ranked_recipients/ returned response: <Response [200]>
2020-08-02 14:36:37,892 - instabot version: 0.117.0 (api) - DEBUG - POST to endpoint: direct_v2/ranked_recipients/ returned response: <Response [200]>
2020-08-02 14:36:38,203 - instabot version: 0.117.0 (api) - DEBUG - POST to endpoint: direct_v2/inbox/ returned response: <Response [200]>
2020-08-02 14:36:38,497 - instabot version: 0.117.0 (api) - DEBUG - GET to endpoint: direct_v2/get_presence/ returned response: <Response [200]>
2020-08-02 14:36:39,253 - instabot version: 0.117.0 (api) - DEBUG - GET to endpoint: news/inbox/?limited_activity=true&show_su=true returned response: <Response [200]>
2020-08-02 14:36:39,480 - instabot version: 0.117.0 (api) - DEBUG - GET to endpoint: users/profile_notice/ returned response: <Response [200]>
2020-08-02 14:36:40,873 - instabot version: 0.117.0 (api) - DEBUG - POST to endpoint: discover/explore/ returned response: <Response [200]>
2020-08-02 14:36:40,873 - instabot version: 0.117.0 (api) - INFO - Logged-in successfully as 'puppies4nations'!
2020-08-02 14:36:40,873 - instabot version: 0.117.0 (bot_checkpoint) - DEBUG - Loading Checkpoint file from: C:\Users\Gebruiker\Desktop\dev\channel_generator\generator/config/puppies4nations.checkpoint
2020-08-02 14:37:28,206 - instabot version: 0.117.0 (api) - DEBUG - GET to endpoint: users/cuitstudio/usernameinfo/ returned response: <Response [200]>
2020-08-02 14:37:29,291 - instabot version: 0.117.0 (api) - DEBUG - GET to endpoint: users/10178812626/info/ returned response: <Response [200]>
2020-08-02 14:37:29,665 - instabot version: 0.117.0 (api) - DEBUG - GET to endpoint: friendships/10178812626/followers/?rank_token=38579043486_9c721ac7-9e77-4bba-9152-ac7c7c0ecd03 returned response: <Response [200]>
2020-08-02 14:37:29,977 - instabot version: 0.117.0 (api) - DEBUG - GET to endpoint: friendships/10178812626/followers/?rank_token=38579043486_9c721ac7-9e77-4bba-9152-ac7c7c0ecd03&max_id=QVFDMUtXUTVWaTFBOHlVcllXOGwzaVJVdDA2b19SQ2p3eWZ1QUNOVG9UM1ZHQ095WjlEVGIwX2xaWG1Ec1JuTFEzRUxUUFpBdC1nYkpqSnRqQU9FTENzQw== returned response: <Response [200]>
2020-08-02 14:37:30,248 - instabot version: 0.117.0 (api) - DEBUG - GET to endpoint: friendships/10178812626/followers/?rank_token=38579043486_9c721ac7-9e77-4bba-9152-ac7c7c0ecd03&max_id=QVFDOExIdTB5QXV4TGpzU0EtaGFkYmxHZW02R0hzS2RTMnBLTXhZbDZldUxWX1VGVG9HWkZIMXV6ZU9zLV9DVXIzRy1GWmt4T0N0cnFLY1VVRVlDT3lMTw== returned response: <Response [200]>
2020-08-02 14:39:10,275 - instabot version: 0.117.0 (api) - DEBUG - GET to endpoint: users/dogspreadlove/usernameinfo/ returned response: <Response [200]>
2020-08-02 14:39:14,467 - instabot version: 0.117.0 (api) - DEBUG - GET to endpoint: users/35162761789/info/ returned response: <Response [200]>
2020-08-02 14:39:14,787 - instabot version: 0.117.0 (api) - DEBUG - GET to endpoint: friendships/35162761789/followers/?rank_token=38579043486_9c721ac7-9e77-4bba-9152-ac7c7c0ecd03 returned response: <Response [200]>
2020-08-02 14:39:15,123 - instabot version: 0.117.0 (api) - DEBUG - GET to endpoint: friendships/35162761789/followers/?rank_token=38579043486_9c721ac7-9e77-4bba-9152-ac7c7c0ecd03&max_id=QVFCMXhsSzZTcXhaUzhqSlc1YXFXOXJvYnRGR3FRdmxVQWRKVW0zWUZaVEpocnlxbUNnOGhjS21VbmM4UVNjX3VoNThwYjA5NFVRaVh0ZHhqcDZGY3RfWQ== returned response: <Response [200]>
2020-08-02 14:39:15,434 - instabot version: 0.117.0 (api) - DEBUG - GET to endpoint: friendships/35162761789/followers/?rank_token=38579043486_9c721ac7-9e77-4bba-9152-ac7c7c0ecd03&max_id=QVFEMTdObG52Y3g0cHc1aGNCUGVWVUc0RjZmbkxtTzc4TW1ackpwZDd2bmN1a1VySnNkNmlZUXdsQnJWdXNLaXpRMmRnc3Q1MExyVUFvTklNNmxWWGtvQg== returned response: <Response [200]>
2020-08-02 14:39:15,738 - instabot version: 0.117.0 (api) - DEBUG - GET to endpoint: friendships/35162761789/followers/?rank_token=38579043486_9c721ac7-9e77-4bba-9152-ac7c7c0ecd03&max_id=QVFCTDIwUTI4QldJOElRc3F4dnJpcENIcTByQkNLZm0xWTBlaVk2X0NuUV9Hd3ZGQlNGbnU3Mzl2SmZ1NWd4S25HMVFuM2J4Yl9uZGRGN1ZtemxycHJmNg== returned response: <Response [200]>
2020-08-02 14:39:16,031 - instabot version: 0.117.0 (api) - DEBUG - GET to endpoint: friendships/35162761789/followers/?rank_token=38579043486_9c721ac7-9e77-4bba-9152-ac7c7c0ecd03&max_id=QVFCYlBBZXdGb0I0ekR0NklidlJtNVBMVTlHTnVmcFVOajd2YmVjNVBZbDdFT2dRbHlmMkpFNl9pdndfNm12M0VWU3pUNS01MFBJRml1REEyelc0ZWhqdg== returned response: <Response [200]>
2020-08-02 14:39:16,311 - instabot version: 0.117.0 (api) - DEBUG - GET to endpoint: friendships/35162761789/followers/?rank_token=38579043486_9c721ac7-9e77-4bba-9152-ac7c7c0ecd03&max_id=QVFCWS1lNTVVX0xaR25ja1EwMVVkcjFrWVpmMmJqTlFvMTUycHJuUFJ5ZDFiSHJmY0xBMG94R0oxSDlzbGI4b25mbGNLNllLZGoxakpqdGdwX1MxTWRsbg== returned response: <Response [200]>
2020-08-02 14:39:16,591 - instabot version: 0.117.0 (api) - DEBUG - GET to endpoint: friendships/35162761789/followers/?rank_token=38579043486_9c721ac7-9e77-4bba-9152-ac7c7c0ecd03&max_id=QVFDQ1RtMnp4aExNLV83MlJ5ZXNjUDEwLUNuLUU0TjJfcTRWaG1GTExfNERlOTJkamNxMERkM21qWU12Sm1jbHA2N0NqaWdlMzgwWnltYmtZcTh0dHU1dw== returned response: <Response [200]>
2020-08-02 14:39:16,900 - instabot version: 0.117.0 (api) - DEBUG - GET to endpoint: friendships/35162761789/followers/?rank_token=38579043486_9c721ac7-9e77-4bba-9152-ac7c7c0ecd03&max_id=QVFDdHZ3VVBDWGdJUlZ1UGJvakpfaVdWemc2Qms1SThtNkp5NndjUU5XRWJKaTBBcTZkQjBBMUFqamc4OHBBYU1fTXR3MnVEZ0JJSnJJczJjYVk3S0ZuQw== returned response: <Response [200]>
2020-08-02 14:39:17,172 - instabot version: 0.117.0 (api) - DEBUG - GET to endpoint: friendships/35162761789/followers/?rank_token=38579043486_9c721ac7-9e77-4bba-9152-ac7c7c0ecd03&max_id=QVFEZEd4OUZjbmN1RnBaaW8ydFZFZ0RUVXFra251RFdURXV5Sl82MzdCR1d5cGk0b3c3M01NX0R1MW5DNnhXZS1IOVZmcVI5aE1JbV9fTm0tTVR6RGdKeg== returned response: <Response [200]>
2020-08-02 14:39:17,512 - instabot version: 0.117.0 (api) - DEBUG - GET to endpoint: friendships/35162761789/followers/?rank_token=38579043486_9c721ac7-9e77-4bba-9152-ac7c7c0ecd03&max_id=QVFBeHplRFV6XzVhQVNQVjNIbWtjZzd4eTByTjdGbnNObHk4dlBzOXRsQ3VvakFsaFhubnZFRUViYlEycTY2SVQ1RkNJb3B4dUo0QUJ1ekl6eXlEaGdZag== returned response: <Response [200]>
2020-08-02 14:39:17,879 - instabot version: 0.117.0 (api) - DEBUG - GET to endpoint: friendships/35162761789/followers/?rank_token=38579043486_9c721ac7-9e77-4bba-9152-ac7c7c0ecd03&max_id=QVFCZUtlVjRWd2dydWluR0ZNU055TndFOEtaZUxHNWVHYVNNSkxqbG4za3E3ZjQ1SXpWUFNMM1lOWi1pSmtXd0xaRGFYUVNTcERMUWFvaVFJQ0U4Z281Tg== returned response: <Response [200]>
2020-08-02 14:39:18,174 - instabot version: 0.117.0 (api) - DEBUG - GET to endpoint: friendships/35162761789/followers/?rank_token=38579043486_9c721ac7-9e77-4bba-9152-ac7c7c0ecd03&max_id=QVFBZTJJaGV4X2V1eGZLUS1yc1V2UWZDclZOSTdmX1M0Smd0dDRkVlBLbV9FbGlHcGF0TjB1S1lMcV8tRTV2WmVpMjg3aUxHeE1ucUx3aTJ2eldMNnpjQg== returned response: <Response [200]>
2020-08-02 14:39:18,461 - instabot version: 0.117.0 (api) - DEBUG - GET to endpoint: friendships/35162761789/followers/?rank_token=38579043486_9c721ac7-9e77-4bba-9152-ac7c7c0ecd03&max_id=QVFDTGdISzRsTGduMEw5VEJsUUYxMmtVbTV1c0I5eUZRcDBFN2tRaUpJaWZvZ2NUTEluWWlCSV9lN0tLMkh4aTU5WGJDQVFBbTlsUjRKa2w4M3E2ekQ3LQ== returned response: <Response [200]>
2020-08-02 14:39:18,750 - instabot version: 0.117.0 (api) - DEBUG - GET to endpoint: friendships/35162761789/followers/?rank_token=38579043486_9c721ac7-9e77-4bba-9152-ac7c7c0ecd03&max_id=QVFCOElPUDZEMDE5ckN3T3RoMG84Nzc0cnBfV0QxcEgxRFZJNzF1WWhDOVRPcktFMnN5LUJQb1o3ZnlHZGF2clFjMi1yd2MtLXA3TTBDQng4OFQ3WVJYaQ== returned response: <Response [200]>
2020-08-02 14:39:19,109 - instabot version: 0.117.0 (api) - DEBUG - GET to endpoint: friendships/35162761789/followers/?rank_token=38579043486_9c721ac7-9e77-4bba-9152-ac7c7c0ecd03&max_id=QVFBeE1YZ1dFdG1nSFM5bTNOanBuT29VTFQ1YmFLWFFjMDFLSDBPZ3FQNlFrV2lhb0RiRWw3X1A0UUREYVpjbXhoN1RJQ25WMUZaS01aOEZ1bF9IczJoQw== returned response: <Response [200]>
2020-08-02 14:39:19,462 - instabot version: 0.117.0 (api) - DEBUG - GET to endpoint: friendships/35162761789/followers/?rank_token=38579043486_9c721ac7-9e77-4bba-9152-ac7c7c0ecd03&max_id=QVFEaW45WFk2emhaVEgyRDltSndvTUdVdnFvQW1mbDVhYTl5WUZKVVFoNXotdU1VYUNBVkZ1ZFpWbnNUdm1uanM0SS1UWGpObUl2cXFtNEthVU9uQTNlSQ== returned response: <Response [200]>
2020-08-02 14:39:19,765 - instabot version: 0.117.0 (api) - DEBUG - GET to endpoint: friendships/35162761789/followers/?rank_token=38579043486_9c721ac7-9e77-4bba-9152-ac7c7c0ecd03&max_id=QVFDQUd3b09JQ0JCeFJhTHJkM1ViYlJ6b2tnUFJiNm54NjR5YU04LXlRVzhaRUY2a0NEMF9TUTA4Z1VJM1lmVkoyWVBMbkpZc1FzLTlnSzFKYXhJTENYQw== returned response: <Response [200]>
2020-08-02 14:39:20,358 - instabot version: 0.117.0 (api) - DEBUG - GET to endpoint: friendships/35162761789/followers/?rank_token=38579043486_9c721ac7-9e77-4bba-9152-ac7c7c0ecd03&max_id=QVFBNm16VWpZeHIwSHBKLTBfQXFVbGdDb1pKeE1LWi1RRXBJcnFjNmZuY3ZBWGdtTzZOYU9MUlhrZGoycjlYTS0tcXU2c0x6OEI3LVVwWHU0QzZQaFo0dw== returned response: <Response [200]>
2020-08-02 14:39:20,671 - instabot version: 0.117.0 (api) - DEBUG - GET to endpoint: friendships/35162761789/followers/?rank_token=38579043486_9c721ac7-9e77-4bba-9152-ac7c7c0ecd03&max_id=QVFETHIwRW1sdzhCZ2VYNDUyeWJocnZCeTBXTk9WQ0toWWRJT1hXWFdoQ19Ld25LallNM0hoWkQ3SmR5eUVVUmlnYWZhZHNySFE4U1ZsNjd0ekg4UC1KRA== returned response: <Response [200]>
2020-08-02 14:39:21,021 - instabot version: 0.117.0 (api) - DEBUG - GET to endpoint: friendships/35162761789/followers/?rank_token=38579043486_9c721ac7-9e77-4bba-9152-ac7c7c0ecd03&max_id=QVFCc0tvSTFiTV92UVlOUFVUX0tLSlBHdGVzREFZblhNd0ZzdmN3cmJ1UEdKLW1idGphdVFna1lSNGlWa25SSjBVRlFHYzlGU2tjRkhkUGUzUTQyUU01Sw== returned response: <Response [200]>
2020-08-02 14:39:21,374 - instabot version: 0.117.0 (api) - DEBUG - GET to endpoint: friendships/35162761789/followers/?rank_token=38579043486_9c721ac7-9e77-4bba-9152-ac7c7c0ecd03&max_id=QVFEb1BSeFFuVVZQbmhzR2MtLXRvMnBxNUxKQTlYcmQ5ZWhORTVFX0RCOUZ3Ykl0bHNmV0NpZmYxQkpjdmdnbGw3NF9sNy1GVEFlbm40UXlxVXFJU2tKMg== returned response: <Response [200]>
2020-08-02 14:39:21,662 - instabot version: 0.117.0 (api) - DEBUG - GET to endpoint: friendships/35162761789/followers/?rank_token=38579043486_9c721ac7-9e77-4bba-9152-ac7c7c0ecd03&max_id=QVFDV19PZXhubllTdUtVYTRXN3M5V2NWY3VCTnVpUDE3LUVDaV85dzJ3ZlRIZjhmWk5aU1JQVXNHb1FRaTVZaDQxVUxTUzYtRUJDUTA0ZmpuNE04emNLaw== returned response: <Response [200]>
2020-08-02 14:39:21,934 - instabot version: 0.117.0 (api) - DEBUG - GET to endpoint: friendships/35162761789/followers/?rank_token=38579043486_9c721ac7-9e77-4bba-9152-ac7c7c0ecd03&max_id=QVFDWjFsbjAycWIyeTFtQUtJeXlsNG45M2dvUFZZbk14SmJkOTZ1R1ZPWllYN1RHMzFTb1h4QU90eHRMUm80MFlkZlBWY1V6NUk2emg4LU9PdFBhRFdzbA== returned response: <Response [200]>
2020-08-02 14:39:22,224 - instabot version: 0.117.0 (api) - DEBUG - GET to endpoint: friendships/35162761789/followers/?rank_token=38579043486_9c721ac7-9e77-4bba-9152-ac7c7c0ecd03&max_id=QVFDSHcxakg1N2YtbDhQMFpscHlsTWhpUklOaUVXUFRRTDhjYnQxT2lSSFdTRzlNeFJGRW1meTZJSnRObHN1eTc4a3V3RG9GQ3BiZDJuVW8taHdJRzljbQ== returned response: <Response [200]>
2020-08-02 14:39:22,552 - instabot version: 0.117.0 (api) - DEBUG - GET to endpoint: friendships/35162761789/followers/?rank_token=38579043486_9c721ac7-9e77-4bba-9152-ac7c7c0ecd03&max_id=QVFETDRJU1R3U3RFdVBmdlkwR25wdFZTMmZUUmY5Ty1scUZMWDhDLVRFRXpNOU5mUDFUU1JfM29EVGdESnlPdXFXR3BBRW5Qc1JMREZuWXpHVlp5R3BpSg== returned response: <Response [200]>
2020-08-02 14:39:22,824 - instabot version: 0.117.0 (api) - DEBUG - GET to endpoint: friendships/35162761789/followers/?rank_token=38579043486_9c721ac7-9e77-4bba-9152-ac7c7c0ecd03&max_id=QVFDajVURmdRd0pxazI0a00zTXB5WkN1Zmo4azROZHVuTjZXM1IwVmJJNHZXMm5mYWRENkMtNDlpV2RKT183eHhvdTFhNmVoeElCWi04YThueVgwb25mOQ== returned response: <Response [200]>
2020-08-02 14:39:23,136 - instabot version: 0.117.0 (api) - DEBUG - GET to endpoint: friendships/35162761789/followers/?rank_token=38579043486_9c721ac7-9e77-4bba-9152-ac7c7c0ecd03&max_id=QVFDWEgycnMtMGlnejdnZUlzcVYwMnBkNEdaTDdzbUJsQkZGWDhIQ3dFVmY3dURmekMtYnlONHFldTRSaDZDMURRVTgzYlpfUk05Tk82a1BreHllcFJWdg== returned response: <Response [200]>
2020-08-02 14:39:23,428 - instabot version: 0.117.0 (api) - DEBUG - GET to endpoint: friendships/35162761789/followers/?rank_token=38579043486_9c721ac7-9e77-4bba-9152-ac7c7c0ecd03&max_id=QVFEcEdsTEFmOXd5Q3FZV2UyNnpsM3VTWkVweVMyMUhNNERlWkNUaDBBemlOalQwWm9Td1ZrT05JVE81b1dXSXBhaTNzdEJ4a01hSjlhZXpxYVpkQmNtYg== returned response: <Response [200]>
2020-08-02 14:39:24,085 - instabot version: 0.117.0 (api) - DEBUG - GET to endpoint: friendships/35162761789/followers/?rank_token=38579043486_9c721ac7-9e77-4bba-9152-ac7c7c0ecd03&max_id=QVFDTUctYndzYUVLVDY2d050YTZ1TGQ0M2FpeTdpZlNPOFZqdWVtOW5TWlMyZGdoVmo5UFQ1UW1yQm9uSWU2RjZGTkc5RTNHQW5RMnBYVkdEalpjZXVPTA== returned response: <Response [200]>
2020-08-02 14:39:24,367 - instabot version: 0.117.0 (api) - DEBUG - GET to endpoint: friendships/35162761789/followers/?rank_token=38579043486_9c721ac7-9e77-4bba-9152-ac7c7c0ecd03&max_id=QVFCZzdHQkV5UXdkci1QZzNmSS1qallSMXpTbmw5bUNLSnZmdndMa05lSVF5VXFPYWpKMC1qSTB4eV9xaGxhQnR1dlFJaXo3QVVYVFdIVm1rY1VEc1RzVg== returned response: <Response [200]>
2020-08-02 14:39:24,669 - instabot version: 0.117.0 (api) - DEBUG - GET to endpoint: friendships/35162761789/followers/?rank_token=38579043486_9c721ac7-9e77-4bba-9152-ac7c7c0ecd03&max_id=QVFDbW9ucmNKV3UzVkVWNnRkYk90VlVZV3MzVmY3MmtjckNhLVpkYjBTUWdoRXBoTGN1YkI1LUd1UTlmenRGRVZ1ZEZXV2xKWC16NTVVYUhoNjBkYS02dg== returned response: <Response [200]>
2020-08-02 14:39:24,982 - instabot version: 0.117.0 (api) - DEBUG - GET to endpoint: friendships/35162761789/followers/?rank_token=38579043486_9c721ac7-9e77-4bba-9152-ac7c7c0ecd03&max_id=QVFDS1M1Yzgwb1RsX1dpVktJZVA1V3VQT1BDeVV3UGJKdXUtN3p6R1dSUC1TYllLU2xKR2I5U3JScDRJZ3FwUXNlclFBQmo2SnlFU285X0F1NFFnNzZDSw== returned response: <Response [200]>
2020-08-02 14:39:25,282 - instabot version: 0.117.0 (api) - DEBUG - GET to endpoint: friendships/35162761789/followers/?rank_token=38579043486_9c721ac7-9e77-4bba-9152-ac7c7c0ecd03&max_id=QVFBaW9GSDNqcFFhQUlGaGxFdGkyLTE5NnpOZW1UeDBod0NPWmc5U1BFZzl3OW9yY3RjZnhQTTlBdWgtc1VnZGx3R21ON2k4VWxvR053aW5GaEJrTC0zZg== returned response: <Response [200]>
2020-08-02 14:39:25,566 - instabot version: 0.117.0 (api) - DEBUG - GET to endpoint: friendships/35162761789/followers/?rank_token=38579043486_9c721ac7-9e77-4bba-9152-ac7c7c0ecd03&max_id=QVFDbENKZWlWV0tZSzFTeEZYLXdrQ3ltREswcXlLYTdVRl9Vc1VSMFJpSUs5Y3RDVXk2VDhJYnBnNl9BVTdjYkdyRU9CTXhXSzgyd2ZORkJMcGVuY2JhMg== returned response: <Response [200]>
2020-08-02 14:39:25,862 - instabot version: 0.117.0 (api) - DEBUG - GET to endpoint: friendships/35162761789/followers/?rank_token=38579043486_9c721ac7-9e77-4bba-9152-ac7c7c0ecd03&max_id=QVFDZmJIT2h2V2hYWHdaVDNFN2g1c2RPM280SnBIOEl3RHFwVUJuU0dhU1NhZnRKWlhUaXphMXhYV012MTQ2TlhYNU1LbEhFNDhBb0JrRTdBWHVDLWlpXw== returned response: <Response [200]>
2020-08-02 14:39:26,160 - instabot version: 0.117.0 (api) - DEBUG - GET to endpoint: friendships/35162761789/followers/?rank_token=38579043486_9c721ac7-9e77-4bba-9152-ac7c7c0ecd03&max_id=QVFCQVppZklDMWd0ZkhoVHUzYkpmSWR4N05IbUNuOWNYVzVSVmE1c0EtSlJCQ2ZfdEpHS1lNbE1CRjQ3WWlSeHBrQzdOZGx5clFHSVR1anV4N0FnV3NOSw== returned response: <Response [200]>
2020-08-02 14:39:26,438 - instabot version: 0.117.0 (api) - DEBUG - GET to endpoint: friendships/35162761789/followers/?rank_token=38579043486_9c721ac7-9e77-4bba-9152-ac7c7c0ecd03&max_id=QVFBMHYwaUVBcmozMXczdGt4aTZTNlBJTmFfajlhc3I1TzdaUHpuR1ZEaTN4aVVlS1kyTGZvTGIxSkpBakJSUUN1VGlwV05YZGd6SmJUVk9YMkpWekM5dw== returned response: <Response [200]>
2020-08-02 14:39:26,726 - instabot version: 0.117.0 (api) - DEBUG - GET to endpoint: friendships/35162761789/followers/?rank_token=38579043486_9c721ac7-9e77-4bba-9152-ac7c7c0ecd03&max_id=QVFESk9ERGdIVkpISHdROS1lN3pISnJNTE5ENmNlNnZSWUdSVWFBQmY0RFhwQXdfZEpsSEx5dlR0cERraEhzZW0wX2JIYzE3bVZUa3cxZGhmZWRTQVhfdg== returned response: <Response [200]>
2020-08-02 14:39:27,296 - instabot version: 0.117.0 (api) - DEBUG - GET to endpoint: friendships/35162761789/followers/?rank_token=38579043486_9c721ac7-9e77-4bba-9152-ac7c7c0ecd03&max_id=QVFDemtqazk1TV8xWHYwWUVUR0Q3aWR5ZWVHY3VQRjZHbjFNdko1WF9ITkJpZ240bXRNcjFHc0xnd2pNYmRjTmRnTVJyRG41MTFwQ3FDOUdZMHRqcHJtaw== returned response: <Response [200]>
2020-08-02 14:39:27,575 - instabot version: 0.117.0 (api) - DEBUG - GET to endpoint: friendships/35162761789/followers/?rank_token=38579043486_9c721ac7-9e77-4bba-9152-ac7c7c0ecd03&max_id=QVFCNkJnVXBFRXRiell0NzJZNms3M1NzVVJwUnFoU0otMXozZEpWMDNsZkFMSFdraXhWMmQwbUwxYWdOcGN3bUVjRC14UUlGZDJkZkdTeGNYUGJuWEx4Yg== returned response: <Response [200]>
2020-08-02 14:39:27,871 - instabot version: 0.117.0 (api) - DEBUG - GET to endpoint: friendships/35162761789/followers/?rank_token=38579043486_9c721ac7-9e77-4bba-9152-ac7c7c0ecd03&max_id=QVFBVW05VExIWlRjTFplNG1iTnl0Qkd6THBVNnk4aDM3SHNZb2RCX1NRQmhCYmdtbVVQQ19pVUJ0dDUwam5RcmVQZktOeTBZaExzV0puOFM3b1p0ZGNsRA== returned response: <Response [200]>
2020-08-02 14:39:28,157 - instabot version: 0.117.0 (api) - DEBUG - GET to endpoint: friendships/35162761789/followers/?rank_token=38579043486_9c721ac7-9e77-4bba-9152-ac7c7c0ecd03&max_id=QVFCVjMxRGxyd2RfSmZETWtnU0JKcVZfNUJ1VmJFRUxxS3NsTG1WUlZRa05OdGwzRUhuRF9xZVQyWk9wNHFYMl9Ebjk4U0NReE1qRHpzeGNoaEdHUGJ0Wg== returned response: <Response [200]>
2020-08-02 14:39:28,429 - instabot version: 0.117.0 (api) - DEBUG - GET to endpoint: friendships/35162761789/followers/?rank_token=38579043486_9c721ac7-9e77-4bba-9152-ac7c7c0ecd03&max_id=QVFCUmhZck5wZFhfZTBUcG8zSFdxX1JnMnZoZXQzWV9xb0liRkgxeU8wUXZjYXlLcDEzWFRFMlFYMHZkZXpqMnJCRWFZTHpHWDRfOVVFcXFQSDZTZ2NRRQ== returned response: <Response [200]>
2020-08-02 14:39:28,749 - instabot version: 0.117.0 (api) - DEBUG - GET to endpoint: friendships/35162761789/followers/?rank_token=38579043486_9c721ac7-9e77-4bba-9152-ac7c7c0ecd03&max_id=QVFCdTRLWDl3X3JrbXlvMTlPem9qWDNJeE9IaW9abC1BX1E5ejNjYmRFTnhNblAycEo0NTZJb3Z4R253ckViRGFpLWFOVElpYUk0bkNUSDFsSFBDQ20yYg== returned response: <Response [200]>
2020-08-02 14:39:29,021 - instabot version: 0.117.0 (api) - DEBUG - GET to endpoint: friendships/35162761789/followers/?rank_token=38579043486_9c721ac7-9e77-4bba-9152-ac7c7c0ecd03&max_id=QVFEemtiZnVIaHZWdkhUSk80a2t1MzBDU1pVYVVicVg1dkRvMHNDRnJhME1OTkhrRnNvZVI0NnRVdTBodWJTdWpTTE5Hd3lidkhzMlFZZHhxQlV0dDZRbA== returned response: <Response [200]>
2020-08-02 14:39:29,356 - instabot version: 0.117.0 (api) - DEBUG - GET to endpoint: friendships/35162761789/followers/?rank_token=38579043486_9c721ac7-9e77-4bba-9152-ac7c7c0ecd03&max_id=QVFBX290Q1pfWHFuZEVZTHVQN1BwRnhUOG0xeDN6Q25INk14aEZnOGdMeGU0MUlWT1BHX2lSMnFCSHNUbWs3TlFlRUx2TnBoWlNEb3ozWS1XeUkzYVpLZA== returned response: <Response [200]>
2020-08-02 14:39:29,660 - instabot version: 0.117.0 (api) - DEBUG - GET to endpoint: friendships/35162761789/followers/?rank_token=38579043486_9c721ac7-9e77-4bba-9152-ac7c7c0ecd03&max_id=QVFESzFYMnFWWDVTQnhQaVZTRXJyZjFMejNoU3dlam9aX2lab01wZmxGeTgtY2lpTE10NmtRNWpQLXBsUW5ycjZQU1h6YzkzaVZ6NG5rdGpOWFRpM25zbQ== returned response: <Response [200]>
2020-08-02 14:39:29,956 - instabot version: 0.117.0 (api) - DEBUG - GET to endpoint: friendships/35162761789/followers/?rank_token=38579043486_9c721ac7-9e77-4bba-9152-ac7c7c0ecd03&max_id=QVFEVXdmUHVJMk92c1IxemwtcEJHUTVaU2hFY2Zvb0E2YVRZUTNkei1DbUtMOTZocDVlUlM0QVFxaUN6bGRIRFBaLVdmMDVZQTJWU05pSjlBLUhGQWdxbQ== returned response: <Response [200]>
2020-08-02 14:39:30,256 - instabot version: 0.117.0 (api) - DEBUG - GET to endpoint: friendships/35162761789/followers/?rank_token=38579043486_9c721ac7-9e77-4bba-9152-ac7c7c0ecd03&max_id=QVFCeC05ZUphV3FPWGF6QzAxV0hfUTJTLVFBOTVKNEVMeWJnX3Ztb0ZhdW1pdHpaOWVWdUNvOUVFLVJXWmVGZGZZTV9PY1VDbHppNURtM0dBREpaS2o2Tw== returned response: <Response [200]>
2020-08-02 14:39:30,529 - instabot version: 0.117.0 (api) - DEBUG - GET to endpoint: friendships/35162761789/followers/?rank_token=38579043486_9c721ac7-9e77-4bba-9152-ac7c7c0ecd03&max_id=QVFCaGZfeThrajg2LXVaTVN3R2xwLTRVUTY5RG1MUDBBZ2dSYmE2eEpZeGctQmpPeDdKaEhHSUpmVDJIOTRCOTl0QjROaE02QWdNYVZMc2wxX0NkcTFXTg== returned response: <Response [200]>
2020-08-02 14:39:30,833 - instabot version: 0.117.0 (api) - DEBUG - GET to endpoint: friendships/35162761789/followers/?rank_token=38579043486_9c721ac7-9e77-4bba-9152-ac7c7c0ecd03&max_id=QVFEVmFPZDFiaUZBT3NNZEw4RDBtQUZwbE5TdVhPLXFveWExMHRUcTNjR1lYdmQxUEJUckdOelNBdGFwUGMwN1FZYVpYSTJOQUwtZEtmVDJnQnZwd0pXWg== returned response: <Response [200]>
2020-08-02 14:39:31,113 - instabot version: 0.117.0 (api) - DEBUG - GET to endpoint: friendships/35162761789/followers/?rank_token=38579043486_9c721ac7-9e77-4bba-9152-ac7c7c0ecd03&max_id=QVFCWmFkZXp2ZDljOVBTUDFOOE53c1dxQWxLRHlEc2pBS3htNmpzRmRvb2dOMVRYZE5ldk1LTHo1MUp6ZEZfNm1LYndfaHBzMlVCNnctYkhOYU5vTGIxdg== returned response: <Response [200]>
2020-08-02 14:39:31,400 - instabot version: 0.117.0 (api) - DEBUG - GET to endpoint: friendships/35162761789/followers/?rank_token=38579043486_9c721ac7-9e77-4bba-9152-ac7c7c0ecd03&max_id=QVFCT3Q1eTZaNm9sSmMyN1Y5Tmx0MjRuaE45THJLdm5fUksySzBkUExPU05Ed3VlRkY0WWdrZ3I4Z3AtbTl3b0RhUHE3ekNncG5HQkNXbVBsVGdoWWp2QQ== returned response: <Response [200]>
2020-08-02 14:39:31,672 - instabot version: 0.117.0 (api) - DEBUG - GET to endpoint: friendships/35162761789/followers/?rank_token=38579043486_9c721ac7-9e77-4bba-9152-ac7c7c0ecd03&max_id=QVFCalZQNkt4UXhFNG45TVFicjhHcjVjLTBZOHdhSFBnRTVDc2p4MFRQM3owakFoazlkNFFFcjAybkVpMjRTMV9NbFRMSmhkdERjSEZ3d0VUUlQtV08xcw== returned response: <Response [200]>
2020-08-02 14:40:58,763 - instabot version: 0.117.0 (bot_checkpoint) - DEBUG - Saving Checkpoint file to: C:\Users\Gebruiker\Desktop\dev\channel_generator\generator/config/puppies4nations.checkpoint
2020-08-02 14:40:58,771 - instabot version: 0.117.0 (bot) - INFO - Total follows: 2/92
2020-08-02 14:40:58,771 - instabot version: 0.117.0 (bot) - INFO - Total requests: 165
