2020-08-03 22:38:49,273 - instabot version: 0.117.0 (bot) - INFO - Instabot version: 0.117.0 Started
2020-08-03 22:38:49,273 - instabot version: 0.117.0 (bot) - DEBUG - Bot imported from C:\Users\Gebruiker\Desktop\dev\channel_generator\venv\lib\site-packages\instabot\bot\bot.py
2020-08-03 22:38:49,278 - instabot version: 0.117.0 (api_login) - DEBUG - Loading cookies
2020-08-03 22:38:49,278 - instabot version: 0.117.0 (api_login) - DEBUG - Loading uuids
2020-08-03 22:38:49,278 - instabot version: 0.117.0 (api_login) - INFO - Recovery from C:\Users\Gebruiker\Desktop\dev\channel_generator\generator/config/puppies4nations_uuid_and_cookie.json: COOKIE True - UUIDs True - TIMING, DEVICE and ...
- user-agent=Instagram 117.0.0.28.123 Android (28/9.0; 420dpi; 1080x1920; OnePlus; ONEPLUS A3003; OnePlus3; qcom; en_US; 180322800)
- phone_id=e752e0e3-d108-407f-b5c2-f07f0000bed1
- uuid=9c721ac7-9e77-4bba-9152-ac7c7c0ecd03
- client_session_id=734f6902-b635-433c-9de1-7f3daaff1b12
- device_id=android-5ddf6083ddeebf63
2020-08-03 22:38:49,278 - instabot version: 0.117.0 (api_login) - INFO - LOGIN FLOW! Just logged-in: False
2020-08-03 22:38:53,738 - instabot version: 0.117.0 (api) - DEBUG - POST to endpoint: feed/timeline/ returned response: <Response [200]>
2020-08-03 22:38:59,440 - instabot version: 0.117.0 (api) - DEBUG - POST to endpoint: feed/reels_tray/ returned response: <Response [200]>
2020-08-03 22:39:01,296 - instabot version: 0.117.0 (api) - DEBUG - POST to endpoint: direct_v2/ranked_recipients/ returned response: <Response [200]>
2020-08-03 22:39:02,935 - instabot version: 0.117.0 (api) - DEBUG - POST to endpoint: direct_v2/ranked_recipients/ returned response: <Response [200]>
2020-08-03 22:39:04,180 - instabot version: 0.117.0 (api) - DEBUG - POST to endpoint: direct_v2/inbox/ returned response: <Response [200]>
2020-08-03 22:39:05,154 - instabot version: 0.117.0 (api) - DEBUG - GET to endpoint: direct_v2/get_presence/ returned response: <Response [200]>
2020-08-03 22:39:06,343 - instabot version: 0.117.0 (api) - DEBUG - GET to endpoint: news/inbox/?limited_activity=true&show_su=true returned response: <Response [200]>
2020-08-03 22:39:07,901 - instabot version: 0.117.0 (api) - DEBUG - GET to endpoint: users/profile_notice/ returned response: <Response [200]>
2020-08-03 22:39:09,970 - instabot version: 0.117.0 (api) - DEBUG - POST to endpoint: discover/explore/ returned response: <Response [200]>
2020-08-03 22:39:09,985 - instabot version: 0.117.0 (api) - INFO - Logged-in successfully as 'puppies4nations'!
2020-08-03 22:39:09,985 - instabot version: 0.117.0 (bot_checkpoint) - DEBUG - Loading Checkpoint file from: C:\Users\Gebruiker\Desktop\dev\channel_generator\generator/config/puppies4nations.checkpoint
2020-08-03 22:39:32,543 - instabot version: 0.117.0 (api) - DEBUG - GET to endpoint: users/rudolphsebas/usernameinfo/ returned response: <Response [200]>
2020-08-03 22:39:33,418 - instabot version: 0.117.0 (api) - DEBUG - GET to endpoint: users/2440677292/info/ returned response: <Response [200]>
2020-08-03 22:39:33,791 - instabot version: 0.117.0 (api) - DEBUG - GET to endpoint: friendships/2440677292/followers/?rank_token=38579043486_9c721ac7-9e77-4bba-9152-ac7c7c0ecd03 returned response: <Response [200]>
2020-08-03 22:39:34,149 - instabot version: 0.117.0 (api) - DEBUG - GET to endpoint: friendships/2440677292/followers/?rank_token=38579043486_9c721ac7-9e77-4bba-9152-ac7c7c0ecd03&max_id=QVFCLXlYLWlJVXRueFJ3cmtfQ1RQOUFWUTFHSkdVMm5oUndWeW5LcW5rb1NhbVl1WjNOYTljd2I5OGpueWY1VDRuZU1Tcm9PRXd4a3pmeWo5b082aVY1cg== returned response: <Response [200]>
2020-08-03 22:39:34,507 - instabot version: 0.117.0 (api) - DEBUG - GET to endpoint: friendships/2440677292/followers/?rank_token=38579043486_9c721ac7-9e77-4bba-9152-ac7c7c0ecd03&max_id=QVFBbWxQTmowMWx4bkFONy1WaFpuN0N2M3VEZFp4M1BqQzV5X280U1Q2NWRiV2JuUHhWUDA2a2M1Z1ZNVmJQaUIxY09rWDNuTzV3MVkteFgtRkVqalRJNA== returned response: <Response [200]>
2020-08-03 22:39:34,827 - instabot version: 0.117.0 (api) - DEBUG - GET to endpoint: friendships/2440677292/followers/?rank_token=38579043486_9c721ac7-9e77-4bba-9152-ac7c7c0ecd03&max_id=QVFDb2NhcDFmNi1Vai1qYmhNQkx2RVJuT1JQRUh1c2dvT0RhRXE0dllQZXRoZ2lxZDNmTExDcUJzMlJXR3pQSzBpT2dBekZKd2c2VzRJY0xCdWQ1bWRrTQ== returned response: <Response [200]>
2020-08-03 22:39:35,127 - instabot version: 0.117.0 (api) - DEBUG - GET to endpoint: friendships/2440677292/followers/?rank_token=38579043486_9c721ac7-9e77-4bba-9152-ac7c7c0ecd03&max_id=QVFCeUZ1WVRmQnVxb09ybENYbTdvX0JBaVZudkpIVzlicWdPdC1sTDVnNmhJNTVIV3NqUno3UFlfTkRDTHZDbWVEMFdMZDlreDUyYTZwdm41RFZwNnpiYw== returned response: <Response [200]>
2020-08-03 22:39:50,744 - instabot version: 0.117.0 (api) - DEBUG - GET to endpoint: users/noriyukisuenaga/usernameinfo/ returned response: <Response [200]>
2020-08-03 22:39:51,557 - instabot version: 0.117.0 (api) - DEBUG - GET to endpoint: users/7503441380/info/ returned response: <Response [200]>
2020-08-03 22:39:51,925 - instabot version: 0.117.0 (api) - DEBUG - GET to endpoint: friendships/7503441380/followers/?rank_token=38579043486_9c721ac7-9e77-4bba-9152-ac7c7c0ecd03 returned response: <Response [200]>
2020-08-03 22:40:04,561 - instabot version: 0.117.0 (api) - DEBUG - GET to endpoint: users/7503441380/info/ returned response: <Response [200]>
2020-08-03 22:40:04,906 - instabot version: 0.117.0 (api) - DEBUG - GET to endpoint: friendships/7503441380/followers/?rank_token=38579043486_9c721ac7-9e77-4bba-9152-ac7c7c0ecd03 returned response: <Response [200]>
2020-08-03 22:40:56,341 - instabot version: 0.117.0 (bot_checkpoint) - DEBUG - Saving Checkpoint file to: C:\Users\Gebruiker\Desktop\dev\channel_generator\generator/config/puppies4nations.checkpoint
2020-08-03 22:40:56,356 - instabot version: 0.117.0 (bot) - INFO - Total follows: 10/51
2020-08-03 22:40:56,356 - instabot version: 0.117.0 (bot) - INFO - Total unfollows: 6/70
2020-08-03 22:40:56,356 - instabot version: 0.117.0 (bot) - INFO - Total requests: 309
