2020-08-13 11:12:43,747 - instabot version: 0.117.0 (bot) - INFO - Instabot version: 0.117.0 Started
2020-08-13 11:12:43,748 - instabot version: 0.117.0 (bot) - DEBUG - Bot imported from C:\Users\Gebruiker\Desktop\dev\channel_generator\venv\lib\site-packages\instabot\bot\bot.py
2020-08-13 11:12:45,851 - instabot version: 0.117.0 (api_login) - DEBUG - Loading cookies
2020-08-13 11:12:45,852 - instabot version: 0.117.0 (api_login) - DEBUG - Loading uuids
2020-08-13 11:12:45,852 - instabot version: 0.117.0 (api_login) - INFO - Recovery from C:\Users\Gebruiker\Desktop\dev\channel_generator\generator/config/puppies4nations_uuid_and_cookie.json: COOKIE True - UUIDs True - TIMING, DEVICE and ...
- user-agent=Instagram 117.0.0.28.123 Android (28/9.0; 420dpi; 1080x1920; OnePlus; ONEPLUS A3003; OnePlus3; qcom; en_US; 180322800)
- phone_id=e752e0e3-d108-407f-b5c2-f07f0000bed1
- uuid=9c721ac7-9e77-4bba-9152-ac7c7c0ecd03
- client_session_id=fdae22c1-5cd6-4bda-babc-c1993d5372d8
- device_id=android-5ddf6083ddeebf63
2020-08-13 11:12:45,856 - instabot version: 0.117.0 (api_login) - INFO - LOGIN FLOW! Just logged-in: False
2020-08-13 11:12:47,347 - instabot version: 0.117.0 (api) - DEBUG - POST to endpoint: feed/timeline/ returned response: <Response [200]>
2020-08-13 11:12:48,181 - instabot version: 0.117.0 (api) - DEBUG - POST to endpoint: feed/reels_tray/ returned response: <Response [200]>
2020-08-13 11:12:48,183 - instabot version: 0.117.0 (api) - INFO - Logged-in successfully as 'puppies4nations'!
2020-08-13 11:12:48,183 - instabot version: 0.117.0 (bot_checkpoint) - DEBUG - Loading Checkpoint file from: C:\Users\Gebruiker\Desktop\dev\channel_generator\generator/config/puppies4nations.checkpoint
2020-08-13 11:12:48,654 - instabot version: 0.117.0 (api) - DEBUG - GET to endpoint: users/31258010970/info/ returned response: <Response [200]>
2020-08-13 11:12:48,654 - instabot version: 0.117.0 (bot_unfollow) - INFO - Going to unfollow `user_id` 31258010970 with username ziggyy_golden.
2020-08-13 11:12:52,072 - instabot version: 0.117.0 (api) - DEBUG - GET to endpoint: users/38579043486/info/ returned response: <Response [200]>
2020-08-13 11:12:52,479 - instabot version: 0.117.0 (api) - DEBUG - GET to endpoint: friendships/38579043486/following/?max_id=&ig_sig_key_version=4&rank_token=38579043486_9c721ac7-9e77-4bba-9152-ac7c7c0ecd03 returned response: <Response [200]>
2020-08-13 11:12:53,245 - instabot version: 0.117.0 (api) - DEBUG - POST to endpoint: friendships/destroy/31258010970/ returned response: <Response [200]>
2020-08-13 11:12:53,245 - instabot version: 0.117.0 (bot_unfollow) - INFO - Unfollowed `user_id` 31258010970 with username ziggyy_golden
2020-08-13 11:15:24,138 - instabot version: 0.117.0 (bot_checkpoint) - DEBUG - Saving Checkpoint file to: C:\Users\Gebruiker\Desktop\dev\channel_generator\generator/config/puppies4nations.checkpoint
2020-08-13 11:15:24,138 - instabot version: 0.117.0 (bot) - INFO - Total unfollows: 3/65
2020-08-13 11:15:24,139 - instabot version: 0.117.0 (bot) - INFO - Total requests: 516
