2020-08-05 10:52:16,010 - instabot version: 0.117.0 (bot) - INFO - Instabot version: 0.117.0 Started
2020-08-05 10:52:16,011 - instabot version: 0.117.0 (bot) - DEBUG - Bot imported from C:\Users\Gebruiker\Desktop\dev\channel_generator\venv\lib\site-packages\instabot\bot\bot.py
2020-08-05 10:52:16,012 - instabot version: 0.117.0 (api_login) - DEBUG - Loading cookies
2020-08-05 10:52:16,012 - instabot version: 0.117.0 (api_login) - DEBUG - Loading uuids
2020-08-05 10:52:16,013 - instabot version: 0.117.0 (api_login) - INFO - Recovery from C:\Users\Gebruiker\Desktop\dev\channel_generator\generator/config/puppies4nations_uuid_and_cookie.json: COOKIE True - UUIDs True - TIMING, DEVICE and ...
- user-agent=Instagram 117.0.0.28.123 Android (28/9.0; 420dpi; 1080x1920; OnePlus; ONEPLUS A3003; OnePlus3; qcom; en_US; 180322800)
- phone_id=e752e0e3-d108-407f-b5c2-f07f0000bed1
- uuid=9c721ac7-9e77-4bba-9152-ac7c7c0ecd03
- client_session_id=d9afb852-19fa-41da-afd7-9b84df3dbcc5
- device_id=android-5ddf6083ddeebf63
2020-08-05 10:52:16,013 - instabot version: 0.117.0 (api_login) - INFO - LOGIN FLOW! Just logged-in: False
2020-08-05 10:52:17,646 - instabot version: 0.117.0 (api) - DEBUG - POST to endpoint: feed/timeline/ returned response: <Response [200]>
2020-08-05 10:52:18,173 - instabot version: 0.117.0 (api) - DEBUG - POST to endpoint: feed/reels_tray/ returned response: <Response [200]>
2020-08-05 10:52:18,495 - instabot version: 0.117.0 (api) - DEBUG - POST to endpoint: direct_v2/ranked_recipients/ returned response: <Response [200]>
2020-08-05 10:52:18,686 - instabot version: 0.117.0 (api) - DEBUG - POST to endpoint: direct_v2/ranked_recipients/ returned response: <Response [200]>
2020-08-05 10:52:18,994 - instabot version: 0.117.0 (api) - DEBUG - POST to endpoint: direct_v2/inbox/ returned response: <Response [200]>
2020-08-05 10:52:19,200 - instabot version: 0.117.0 (api) - DEBUG - GET to endpoint: direct_v2/get_presence/ returned response: <Response [200]>
2020-08-05 10:52:19,751 - instabot version: 0.117.0 (api) - DEBUG - GET to endpoint: news/inbox/?limited_activity=true&show_su=true returned response: <Response [200]>
2020-08-05 10:52:19,920 - instabot version: 0.117.0 (api) - DEBUG - GET to endpoint: users/profile_notice/ returned response: <Response [200]>
2020-08-05 10:52:21,104 - instabot version: 0.117.0 (api) - DEBUG - POST to endpoint: discover/explore/ returned response: <Response [200]>
2020-08-05 10:52:21,106 - instabot version: 0.117.0 (api) - INFO - Logged-in successfully as 'puppies4nations'!
2020-08-05 10:52:21,106 - instabot version: 0.117.0 (bot_checkpoint) - DEBUG - Loading Checkpoint file from: C:\Users\Gebruiker\Desktop\dev\channel_generator\generator/config/puppies4nations.checkpoint
2020-08-05 10:52:24,607 - instabot version: 0.117.0 (api) - DEBUG - GET to endpoint: users/wildflowersandpottery/usernameinfo/ returned response: <Response [200]>
2020-08-05 10:52:25,619 - instabot version: 0.117.0 (api) - DEBUG - GET to endpoint: users/35651118033/info/ returned response: <Response [200]>
2020-08-05 10:52:25,928 - instabot version: 0.117.0 (api) - DEBUG - GET to endpoint: friendships/35651118033/followers/?rank_token=38579043486_9c721ac7-9e77-4bba-9152-ac7c7c0ecd03 returned response: <Response [200]>
2020-08-05 10:52:26,146 - instabot version: 0.117.0 (api) - DEBUG - GET to endpoint: friendships/35651118033/followers/?rank_token=38579043486_9c721ac7-9e77-4bba-9152-ac7c7c0ecd03&max_id=QVFBaHVLSmhiVjVVMm5jYjNuQmZ4NmVIUHVkZ25OZnozMmNzT1UwTk9ZQ2JNcnk4UlhBdm1mTkFfbmVqV1RyelNuNWo0azBYdEFlcVpqZzdUTm82YjJQVw== returned response: <Response [200]>
2020-08-05 11:15:24,748 - instabot version: 0.117.0 (bot_checkpoint) - DEBUG - Saving Checkpoint file to: C:\Users\Gebruiker\Desktop\dev\channel_generator\generator/config/puppies4nations.checkpoint
2020-08-05 11:15:24,750 - instabot version: 0.117.0 (bot) - INFO - Total follows: 10/68
2020-08-05 11:15:24,751 - instabot version: 0.117.0 (bot) - INFO - Total unfollows: 6/81
2020-08-05 11:15:24,754 - instabot version: 0.117.0 (bot) - INFO - Total requests: 313
