2020-08-14 17:25:20,707 - instabot version: 0.117.0 (bot) - INFO - Instabot version: 0.117.0 Started
2020-08-14 17:25:20,707 - instabot version: 0.117.0 (bot) - DEBUG - Bot imported from C:\Users\Gebruiker\Desktop\dev\channel_generator\venv\lib\site-packages\instabot\bot\bot.py
2020-08-14 17:27:29,161 - instabot version: 0.117.0 (api_login) - DEBUG - Loading cookies
2020-08-14 17:27:29,161 - instabot version: 0.117.0 (api_login) - DEBUG - Loading uuids
2020-08-14 17:27:29,161 - instabot version: 0.117.0 (api_login) - INFO - Recovery from C:\Users\Gebruiker\Desktop\dev\channel_generator\generator/config/tripellytrips_uuid_and_cookie.json: COOKIE True - UUIDs True - TIMING, DEVICE and ...
- user-agent=Instagram 117.0.0.28.123 Android (28/9.0; 420dpi; 1080x1920; OnePlus; ONEPLUS A3003; OnePlus3; qcom; en_US; 180322800)
- phone_id=bc145835-28eb-4a14-89a4-7ac029c350d1
- uuid=e1976ccd-0a36-4256-9d53-a00eacfee537
- client_session_id=5d772f20-304e-4dbd-869d-d82560892821
- device_id=android-34cf8b3dcd266555
2020-08-14 17:27:29,162 - instabot version: 0.117.0 (api_login) - INFO - LOGIN FLOW! Just logged-in: False
2020-08-14 17:27:31,146 - instabot version: 0.117.0 (api) - DEBUG - POST to endpoint: feed/timeline/ returned response: <Response [200]>
2020-08-14 17:27:31,997 - instabot version: 0.117.0 (api) - DEBUG - POST to endpoint: feed/reels_tray/ returned response: <Response [200]>
2020-08-14 17:27:31,998 - instabot version: 0.117.0 (api) - INFO - Logged-in successfully as 'tripellytrips'!
2020-08-14 17:27:31,999 - instabot version: 0.117.0 (bot_checkpoint) - DEBUG - Loading Checkpoint file from: C:\Users\Gebruiker\Desktop\dev\channel_generator\generator/config/tripellytrips.checkpoint
2020-08-14 17:27:32,588 - instabot version: 0.117.0 (api) - DEBUG - GET to endpoint: users/trent.ams/usernameinfo/ returned response: <Response [200]>
2020-08-14 17:27:33,573 - instabot version: 0.117.0 (api) - DEBUG - GET to endpoint: users/47018863/info/ returned response: <Response [200]>
2020-08-14 17:27:33,871 - instabot version: 0.117.0 (api) - DEBUG - GET to endpoint: friendships/47018863/followers/?rank_token=23903893713_e1976ccd-0a36-4256-9d53-a00eacfee537 returned response: <Response [200]>
2020-08-14 17:27:34,205 - instabot version: 0.117.0 (api) - DEBUG - GET to endpoint: friendships/47018863/followers/?rank_token=23903893713_e1976ccd-0a36-4256-9d53-a00eacfee537&max_id=QVFBclRrc1BMNHpWVUtsSHlJVFpubHBYWVNReFRFQTRHRHVpa1MxWlItN3NOTWQwd1dRRU5ua2VkdExIRXRsaGpQclBJMnI4dVVtM0FmRWtJcVVKbHc4dg== returned response: <Response [200]>
2020-08-14 17:27:34,569 - instabot version: 0.117.0 (api) - DEBUG - GET to endpoint: friendships/47018863/followers/?rank_token=23903893713_e1976ccd-0a36-4256-9d53-a00eacfee537&max_id=QVFEMjE4MDAtd2FSQ1hPNDJRcnZXWU9NYXFnRDZqSlJVdXlEd3dDUnJ5THp5WHo0ZVo2a1V6ZjlzbWRtLUw4TF92UjF1NmF4enlwenVwTUMzOFNraUpnWQ== returned response: <Response [200]>
2020-08-14 17:27:34,929 - instabot version: 0.117.0 (api) - DEBUG - GET to endpoint: friendships/47018863/followers/?rank_token=23903893713_e1976ccd-0a36-4256-9d53-a00eacfee537&max_id=QVFBVE5kYm5DQ0hMY1ZYbXhzVUV4cFJRbFNMN3UxVDgtaDZEZHJENmhwVmM3Zy1qUU5tTnZsRnQ1TkNvSGtyUnhLOEkySHg4SHU4ZjlCUUdzdzFIdGxWWA== returned response: <Response [200]>
2020-08-14 17:27:35,376 - instabot version: 0.117.0 (api) - DEBUG - GET to endpoint: friendships/47018863/followers/?rank_token=23903893713_e1976ccd-0a36-4256-9d53-a00eacfee537&max_id=QVFCY3pLWXI1RzNBeUlsbDRpSXYwWjNDNjBXdDhURUhDZm05VEUwVWpHNmNKbHNBajdwbW1Vc2sxejZocHZzUVVfYWZjWmI2aUV6Qy05TXJPZkw4MzBrVw== returned response: <Response [200]>
2020-08-14 17:27:35,684 - instabot version: 0.117.0 (api) - DEBUG - GET to endpoint: friendships/47018863/followers/?rank_token=23903893713_e1976ccd-0a36-4256-9d53-a00eacfee537&max_id=QVFERXpSbkw3NjRpWWhZVXpUZGMyN3pyRVdGcVdEWEhaRjZBejRrcnh6anFJS3JwSFQtSVlJR3oybkNZT0w2TUp6cmVOMjQwc214cGNlbE9od2xQTVRiUg== returned response: <Response [200]>
2020-08-14 17:27:36,130 - instabot version: 0.117.0 (api) - DEBUG - GET to endpoint: friendships/47018863/followers/?rank_token=23903893713_e1976ccd-0a36-4256-9d53-a00eacfee537&max_id=QVFCcHdDTzdvYXN2cTUxVVZ5Y2Z4WVNXSGR4RzhveExWcUtNTmxqUU0yNmhhMGZWZzJLMEs5VUtsZE83b1NxRWdOLU1NUEJJMWp3eVNpbGRUWWVxRWdTaw== returned response: <Response [200]>
2020-08-14 17:27:36,548 - instabot version: 0.117.0 (api) - DEBUG - GET to endpoint: friendships/47018863/followers/?rank_token=23903893713_e1976ccd-0a36-4256-9d53-a00eacfee537&max_id=QVFEeGhJbGFjOVhxWFVqenB1aWgwcEpPdTBQNXdpOVUzU2V0TnV4bXRDRDRwUUpSeVU2ZHlzcmpFb3VrMmJtTXNaVHJBY2F4WllVUE5NNEM1TDh0OUI5Rg== returned response: <Response [200]>
2020-08-14 17:27:36,943 - instabot version: 0.117.0 (api) - DEBUG - GET to endpoint: friendships/47018863/followers/?rank_token=23903893713_e1976ccd-0a36-4256-9d53-a00eacfee537&max_id=QVFCM1pxQkh1UTBWMWVObGNSanc2My02Q3BKV3hYRm5xeTVEX1o2bDgyc05kQXU0bFpoOHU4MmtrcjZGMWhVQnVpYU1jM2I5VDh5TXV2T2hIM0NvWWk1RQ== returned response: <Response [200]>
2020-08-14 17:27:37,359 - instabot version: 0.117.0 (api) - DEBUG - GET to endpoint: friendships/47018863/followers/?rank_token=23903893713_e1976ccd-0a36-4256-9d53-a00eacfee537&max_id=QVFEcV8zWUJQeV9IVDlxSGxOV3pyVG9SNTdUWUpqX19GSEhRbUtFZWlBeVRuWFVyRVluOHQtUmI1YWU0NXQtZDBCaHJOcEpVUHV5cDh2ZUxqR1FNZHFoRA== returned response: <Response [200]>
2020-08-14 17:27:37,687 - instabot version: 0.117.0 (api) - DEBUG - GET to endpoint: friendships/47018863/followers/?rank_token=23903893713_e1976ccd-0a36-4256-9d53-a00eacfee537&max_id=QVFBZEJUMk5Oa3Y2ZXBaaGt2UXFIXzVuZkpEWE1YdkJqYnlIRjZ5WEwzUWowX2FIdW5nTTNraW1ES1JHN0ZPRy1Ob2pGUGVpd1dfVmNPZllzQUpWaUFsdw== returned response: <Response [200]>
2020-08-14 17:27:37,988 - instabot version: 0.117.0 (api) - DEBUG - GET to endpoint: friendships/47018863/followers/?rank_token=23903893713_e1976ccd-0a36-4256-9d53-a00eacfee537&max_id=QVFCMU1hbTdGSjdlcnAxaVBPcFFPT1JnOXpKVGo1Y090OE1MdWZvZUZHMkhBSDdJRzdZbHBOU2hMelE1dTRIbDAyQzlZNzYtZDRla1RjS1RrWE1yQWFCcQ== returned response: <Response [200]>
2020-08-14 17:27:38,309 - instabot version: 0.117.0 (api) - DEBUG - GET to endpoint: friendships/47018863/followers/?rank_token=23903893713_e1976ccd-0a36-4256-9d53-a00eacfee537&max_id=QVFEbEl6bzZ4RzN1Qmh4MGVZYklaRWtNZ1ZQNDhvWUZBM05FcTVLbE9VblBqWUx0RThBZmdtc0tsX2VaenhOcFJHZFN6a2VUZXJvVmJ3blJXSlNhWVVzTQ== returned response: <Response [200]>
2020-08-14 17:27:38,802 - instabot version: 0.117.0 (api) - DEBUG - GET to endpoint: friendships/47018863/followers/?rank_token=23903893713_e1976ccd-0a36-4256-9d53-a00eacfee537&max_id=QVFBdVhhMUx3c1dEeExkWlJFNklDT0tISzJVR1BUR3JqU291YW9tLWJjUkRHQWZDdE8zZG1HMGFZNm5CdnYxSmF4NlhEMGE4Mm5mbmNhMWs4cUxDSWMwYQ== returned response: <Response [200]>
2020-08-14 17:27:39,176 - instabot version: 0.117.0 (api) - DEBUG - GET to endpoint: friendships/47018863/followers/?rank_token=23903893713_e1976ccd-0a36-4256-9d53-a00eacfee537&max_id=QVFEdDNHLXRpRlBJQXZEUVBlbXBoQ0x2cDZFcHdBLVl0eTJXanRjLWdaRS1hRXJFaDEyNUtfemwtV0k1LUF0LTQtSnRvaWlENXBnb0ZRYnUwRzFSLWxtag== returned response: <Response [200]>
2020-08-14 17:27:39,501 - instabot version: 0.117.0 (api) - DEBUG - GET to endpoint: friendships/47018863/followers/?rank_token=23903893713_e1976ccd-0a36-4256-9d53-a00eacfee537&max_id=QVFDcFc2UVRCUkVRbG5wZlNVTVViQnB0Q2tCdy1od0xITHRxaThuUENLend6OGd0U01BNjd2NGNneUU5ekdMa3hLLVYxRnF1NU9fWDZqaExCY0x3UTduNA== returned response: <Response [200]>
2020-08-14 17:27:39,794 - instabot version: 0.117.0 (api) - DEBUG - GET to endpoint: friendships/47018863/followers/?rank_token=23903893713_e1976ccd-0a36-4256-9d53-a00eacfee537&max_id=QVFEcUxuaHlic2hMeVFCWGtXVlhQa0xiX1F1TFduNG9tRkQtbF81T3c3S2R3Y3dKZjJNS3ZYLVZ1dHVyMG1fUV9KQVFRQWNUQS04QWgzNDFHUnd3TkJwUg== returned response: <Response [200]>
2020-08-14 17:27:40,156 - instabot version: 0.117.0 (api) - DEBUG - GET to endpoint: friendships/47018863/followers/?rank_token=23903893713_e1976ccd-0a36-4256-9d53-a00eacfee537&max_id=QVFEcEFMX2E5ZDlBdl90SXc2WTRnNnZpOVFFbWRnb2hud01vcmxQeGJONUIyeVJ2Y3FsdVVHNG5VWjBZTm9KYTcwMHRBTGNZOXZ2b2NaRTV0b01iM3ZFdQ== returned response: <Response [200]>
2020-08-14 17:27:40,489 - instabot version: 0.117.0 (api) - DEBUG - GET to endpoint: friendships/47018863/followers/?rank_token=23903893713_e1976ccd-0a36-4256-9d53-a00eacfee537&max_id=QVFER2l1ZzVrMmp5UlBIM0pXZDBYLWY0cXhNRmtaMnY3bk9LQ1JGdVdDeU1STHl5NF9UZ3l5T3dJV29ZVTRZSklFZ2xqVDFjVEpVVjlVeFVBa2lIRzE2SQ== returned response: <Response [200]>
2020-08-14 17:27:40,853 - instabot version: 0.117.0 (api) - DEBUG - GET to endpoint: friendships/47018863/followers/?rank_token=23903893713_e1976ccd-0a36-4256-9d53-a00eacfee537&max_id=QVFEMjdpUVRpUFBkODFvLUhvMVU5VExSbktrMFlSdW4xeGJSQjBnTmlhS01Rc2xoZVB5Q2E5cVJkTVZaaDhSTTV2Zk5fU1J6MGsyWHBINXBRbG5lZVhTSQ== returned response: <Response [200]>
2020-08-14 17:27:41,168 - instabot version: 0.117.0 (api) - DEBUG - GET to endpoint: friendships/47018863/followers/?rank_token=23903893713_e1976ccd-0a36-4256-9d53-a00eacfee537&max_id=QVFCYWpsal9Fb1h3Sko4YjRnSlZnTldPOGY0aFU3dVZBeXVNOVlFdGhGS0ROWWNhTGxXdkJyd1R3WW8zSlZoLVJ0aFFXb2tNcndoQlI3Q0NfZkJta2g2NQ== returned response: <Response [200]>
2020-08-14 17:27:41,529 - instabot version: 0.117.0 (api) - DEBUG - GET to endpoint: friendships/47018863/followers/?rank_token=23903893713_e1976ccd-0a36-4256-9d53-a00eacfee537&max_id=QVFBeE4zRV9IZ0pJT244dGZfMGMtbHY5TFhEM21QRmtZOVFyWkNHX2tEVXFWYlhDd3JkdXBLRUZUZEd3UGpCbjN3WVg0b3JvaFdvVEhCN21TUkJpQWI1aQ== returned response: <Response [200]>
2020-08-14 17:27:41,865 - instabot version: 0.117.0 (api) - DEBUG - GET to endpoint: friendships/47018863/followers/?rank_token=23903893713_e1976ccd-0a36-4256-9d53-a00eacfee537&max_id=QVFETUR0MGZiUUJhVXZtLUgtSTNtQkN2TmUyVHVtZjFfT0hiTmJVODdZN3JNckNDVkpFZG1YRnR5SjdrMEpReFpCcDRWQnRLMERTYmtCYTB4VXJuWlZpWA== returned response: <Response [200]>
2020-08-14 17:27:42,192 - instabot version: 0.117.0 (api) - DEBUG - GET to endpoint: friendships/47018863/followers/?rank_token=23903893713_e1976ccd-0a36-4256-9d53-a00eacfee537&max_id=QVFCck9MZ2NBUHJNdTZKdE9PTF9saTNmekEwbzhZYWNqak5fSC1IUUFFZlY3Skw1Tm96ejJJdG1EZXhZYllRS1FrcEpwUEo5STVUNDdnMjVkSVM0cTJaLQ== returned response: <Response [200]>
2020-08-14 17:27:42,523 - instabot version: 0.117.0 (api) - DEBUG - GET to endpoint: friendships/47018863/followers/?rank_token=23903893713_e1976ccd-0a36-4256-9d53-a00eacfee537&max_id=QVFBby1QaGRfVVBRQy1GQkhaNzY3YnF3cEhodG1CV3Z3T1VNTVB3OU1JbmJBOGpHbXdSSTZ1V1YwSjBkT3E3VTVVQVRyOUpZc2RDcnBRRm9uZTVJZUx6cg== returned response: <Response [200]>
2020-08-14 17:28:11,610 - instabot version: 0.117.0 (bot_checkpoint) - DEBUG - Saving Checkpoint file to: C:\Users\Gebruiker\Desktop\dev\channel_generator\generator/config/tripellytrips.checkpoint
2020-08-14 17:28:11,610 - instabot version: 0.117.0 (bot) - INFO - Total follows: 2/75
2020-08-14 17:28:11,610 - instabot version: 0.117.0 (bot) - INFO - Total unfollows: 1/97
2020-08-14 17:28:11,612 - instabot version: 0.117.0 (bot) - INFO - Total requests: 425
