2020-08-13 11:56:33,721 - instabot version: 0.117.0 (bot) - INFO - Instabot version: 0.117.0 Started
2020-08-13 11:56:33,722 - instabot version: 0.117.0 (bot) - DEBUG - Bot imported from C:\Users\Gebruiker\Desktop\dev\channel_generator\venv\lib\site-packages\instabot\bot\bot.py
2020-08-13 11:57:59,467 - instabot version: 0.117.0 (api_login) - DEBUG - Loading cookies
2020-08-13 11:57:59,467 - instabot version: 0.117.0 (api_login) - DEBUG - Loading uuids
2020-08-13 11:57:59,468 - instabot version: 0.117.0 (api_login) - INFO - Recovery from C:\Users\Gebruiker\Desktop\dev\channel_generator\generator/config/puppies4nations_uuid_and_cookie.json: COOKIE True - UUIDs True - TIMING, DEVICE and ...
- user-agent=Instagram 117.0.0.28.123 Android (28/9.0; 420dpi; 1080x1920; OnePlus; ONEPLUS A3003; OnePlus3; qcom; en_US; 180322800)
- phone_id=e752e0e3-d108-407f-b5c2-f07f0000bed1
- uuid=9c721ac7-9e77-4bba-9152-ac7c7c0ecd03
- client_session_id=50797138-0a5d-4fdf-82c3-f86001bfb92d
- device_id=android-5ddf6083ddeebf63
2020-08-13 11:57:59,472 - instabot version: 0.117.0 (api_login) - INFO - LOGIN FLOW! Just logged-in: False
2020-08-13 11:58:01,371 - instabot version: 0.117.0 (api) - DEBUG - POST to endpoint: feed/timeline/ returned response: <Response [200]>
2020-08-13 11:58:01,892 - instabot version: 0.117.0 (api) - DEBUG - POST to endpoint: feed/reels_tray/ returned response: <Response [200]>
2020-08-13 11:58:01,893 - instabot version: 0.117.0 (api) - INFO - Logged-in successfully as 'puppies4nations'!
2020-08-13 11:58:01,894 - instabot version: 0.117.0 (bot_checkpoint) - DEBUG - Loading Checkpoint file from: C:\Users\Gebruiker\Desktop\dev\channel_generator\generator/config/puppies4nations.checkpoint
2020-08-13 11:58:01,904 - instabot version: 0.117.0 (bot_follow) - INFO - Going to follow `user_id` 8787910122.
2020-08-13 11:58:01,905 - instabot version: 0.117.0 (api) - DEBUG - post data: {"user_id": "8787910122", "radio_type": "wifi-none", "device_id": "android-5ddf6083ddeebf63", "_uuid": "9c721ac7-9e77-4bba-9152-ac7c7c0ecd03", "_uid": "38579043486", "_csrftoken": "MIhbLn1IlNphDGr7gIcJWDAH6yZl9H74"}
2020-08-13 11:58:02,718 - instabot version: 0.117.0 (api) - DEBUG - POST to endpoint: friendships/create/8787910122/ returned response: <Response [200]>
2020-08-13 11:58:02,718 - instabot version: 0.117.0 (bot_follow) - INFO - Followed `user_id` 8787910122.
2020-08-13 11:58:03,272 - instabot version: 0.117.0 (api) - DEBUG - GET to endpoint: users/38579043486/info/ returned response: <Response [200]>
2020-08-13 11:58:03,718 - instabot version: 0.117.0 (api) - DEBUG - GET to endpoint: friendships/38579043486/following/?max_id=&ig_sig_key_version=4&rank_token=38579043486_9c721ac7-9e77-4bba-9152-ac7c7c0ecd03 returned response: <Response [200]>
2020-08-13 12:48:04,054 - instabot version: 0.117.0 (api_login) - DEBUG - Loading cookies
2020-08-13 12:48:04,054 - instabot version: 0.117.0 (api_login) - DEBUG - Loading uuids
2020-08-13 12:48:04,054 - instabot version: 0.117.0 (api_login) - INFO - Recovery from C:\Users\Gebruiker\Desktop\dev\channel_generator\generator/config/puppies4nations_uuid_and_cookie.json: COOKIE True - UUIDs True - TIMING, DEVICE and ...
- user-agent=Instagram 117.0.0.28.123 Android (28/9.0; 420dpi; 1080x1920; OnePlus; ONEPLUS A3003; OnePlus3; qcom; en_US; 180322800)
- phone_id=e752e0e3-d108-407f-b5c2-f07f0000bed1
- uuid=9c721ac7-9e77-4bba-9152-ac7c7c0ecd03
- client_session_id=50797138-0a5d-4fdf-82c3-f86001bfb92d
- device_id=android-5ddf6083ddeebf63
2020-08-13 12:48:04,055 - instabot version: 0.117.0 (api_login) - INFO - LOGIN FLOW! Just logged-in: False
2020-08-13 12:48:05,752 - instabot version: 0.117.0 (api) - DEBUG - POST to endpoint: feed/timeline/ returned response: <Response [200]>
2020-08-13 12:48:06,385 - instabot version: 0.117.0 (api) - DEBUG - POST to endpoint: feed/reels_tray/ returned response: <Response [200]>
2020-08-13 12:48:06,632 - instabot version: 0.117.0 (api) - DEBUG - POST to endpoint: direct_v2/ranked_recipients/ returned response: <Response [200]>
2020-08-13 12:48:06,839 - instabot version: 0.117.0 (api) - DEBUG - POST to endpoint: direct_v2/ranked_recipients/ returned response: <Response [200]>
2020-08-13 12:48:07,210 - instabot version: 0.117.0 (api) - DEBUG - POST to endpoint: direct_v2/inbox/ returned response: <Response [200]>
2020-08-13 12:48:07,455 - instabot version: 0.117.0 (api) - DEBUG - GET to endpoint: direct_v2/get_presence/ returned response: <Response [200]>
2020-08-13 12:48:08,253 - instabot version: 0.117.0 (api) - DEBUG - GET to endpoint: news/inbox/?limited_activity=true&show_su=true returned response: <Response [200]>
2020-08-13 12:48:08,487 - instabot version: 0.117.0 (api) - DEBUG - GET to endpoint: users/profile_notice/ returned response: <Response [200]>
2020-08-13 12:48:08,727 - instabot version: 0.117.0 (api) - DEBUG - POST to endpoint: discover/explore/ returned response: <Response [200]>
2020-08-13 12:48:08,729 - instabot version: 0.117.0 (api) - INFO - Logged-in successfully as 'puppies4nations'!
2020-08-13 12:48:08,730 - instabot version: 0.117.0 (bot_checkpoint) - DEBUG - Loading Checkpoint file from: C:\Users\Gebruiker\Desktop\dev\channel_generator\generator/config/puppies4nations.checkpoint
2020-08-13 12:48:51,376 - instabot version: 0.117.0 (bot_checkpoint) - DEBUG - Saving Checkpoint file to: C:\Users\Gebruiker\Desktop\dev\channel_generator\generator/config/puppies4nations.checkpoint
2020-08-13 12:48:51,377 - instabot version: 0.117.0 (bot) - INFO - Total follows: 1/70
2020-08-13 12:48:51,378 - instabot version: 0.117.0 (bot) - INFO - Total unfollows: 6/55
2020-08-13 12:48:51,378 - instabot version: 0.117.0 (bot) - INFO - Total requests: 528
2020-08-13 12:48:51,381 - instabot version: 0.117.0 (bot_checkpoint) - DEBUG - Saving Checkpoint file to: C:\Users\Gebruiker\Desktop\dev\channel_generator\generator/config/puppies4nations.checkpoint
2020-08-13 12:48:51,382 - instabot version: 0.117.0 (bot) - INFO - Total follows: 1/70
2020-08-13 12:48:51,383 - instabot version: 0.117.0 (bot) - INFO - Total unfollows: 6/55
2020-08-13 12:48:51,383 - instabot version: 0.117.0 (bot) - INFO - Total requests: 528
