2020-08-14 16:10:06,512 - instabot version: 0.117.0 (bot) - INFO - Instabot version: 0.117.0 Started
2020-08-14 16:10:06,514 - instabot version: 0.117.0 (bot) - DEBUG - Bot imported from C:\Users\Gebruiker\Desktop\dev\channel_generator\venv\lib\site-packages\instabot\bot\bot.py
2020-08-14 16:43:16,532 - instabot version: 0.117.0 (api_login) - DEBUG - Loading cookies
2020-08-14 16:43:16,533 - instabot version: 0.117.0 (api_login) - DEBUG - Loading uuids
2020-08-14 16:43:16,533 - instabot version: 0.117.0 (api_login) - INFO - Recovery from C:\Users\Gebruiker\Desktop\dev\channel_generator\generator/config/puppies4nations_uuid_and_cookie.json: COOKIE True - UUIDs True - TIMING, DEVICE and ...
- user-agent=Instagram 117.0.0.28.123 Android (28/9.0; 420dpi; 1080x1920; OnePlus; ONEPLUS A3003; OnePlus3; qcom; en_US; 180322800)
- phone_id=e752e0e3-d108-407f-b5c2-f07f0000bed1
- uuid=9c721ac7-9e77-4bba-9152-ac7c7c0ecd03
- client_session_id=1feb18e4-42cb-48d9-9136-3fc3e2079049
- device_id=android-5ddf6083ddeebf63
2020-08-14 16:43:16,534 - instabot version: 0.117.0 (api_login) - INFO - LOGIN FLOW! Just logged-in: False
2020-08-14 16:43:18,399 - instabot version: 0.117.0 (api) - DEBUG - POST to endpoint: feed/timeline/ returned response: <Response [200]>
2020-08-14 16:43:19,203 - instabot version: 0.117.0 (api) - DEBUG - POST to endpoint: feed/reels_tray/ returned response: <Response [200]>
2020-08-14 16:43:19,451 - instabot version: 0.117.0 (api) - DEBUG - POST to endpoint: direct_v2/ranked_recipients/ returned response: <Response [200]>
2020-08-14 16:43:19,691 - instabot version: 0.117.0 (api) - DEBUG - POST to endpoint: direct_v2/ranked_recipients/ returned response: <Response [200]>
2020-08-14 16:43:20,123 - instabot version: 0.117.0 (api) - DEBUG - POST to endpoint: direct_v2/inbox/ returned response: <Response [200]>
2020-08-14 16:43:20,580 - instabot version: 0.117.0 (api) - DEBUG - GET to endpoint: direct_v2/get_presence/ returned response: <Response [200]>
2020-08-14 16:43:21,323 - instabot version: 0.117.0 (api) - DEBUG - GET to endpoint: news/inbox/?limited_activity=true&show_su=true returned response: <Response [200]>
2020-08-14 16:43:21,549 - instabot version: 0.117.0 (api) - DEBUG - GET to endpoint: users/profile_notice/ returned response: <Response [200]>
2020-08-14 16:43:23,020 - instabot version: 0.117.0 (api) - DEBUG - POST to endpoint: discover/explore/ returned response: <Response [200]>
2020-08-14 16:43:23,022 - instabot version: 0.117.0 (api) - INFO - Logged-in successfully as 'puppies4nations'!
2020-08-14 16:43:23,022 - instabot version: 0.117.0 (bot_checkpoint) - DEBUG - Loading Checkpoint file from: C:\Users\Gebruiker\Desktop\dev\channel_generator\generator/config/puppies4nations.checkpoint
2020-08-14 16:43:23,359 - instabot version: 0.117.0 (api) - DEBUG - GET to endpoint: users/charlie_the_golden_fluff/usernameinfo/ returned response: <Response [200]>
2020-08-14 16:43:24,650 - instabot version: 0.117.0 (api) - DEBUG - GET to endpoint: users/14580705871/info/ returned response: <Response [200]>
2020-08-14 16:43:25,301 - instabot version: 0.117.0 (api) - DEBUG - GET to endpoint: friendships/14580705871/followers/?rank_token=38579043486_9c721ac7-9e77-4bba-9152-ac7c7c0ecd03 returned response: <Response [200]>
2020-08-14 16:43:25,691 - instabot version: 0.117.0 (api) - DEBUG - GET to endpoint: friendships/14580705871/followers/?rank_token=38579043486_9c721ac7-9e77-4bba-9152-ac7c7c0ecd03&max_id=QVFCM3drYUlwTWw0bWFrYkxyYllmRDdIeG9WX1RkWmNOYmlLb0JHX0VsTFFSMzRrN1Q0TEgtZFMzNFQ2dV95TWY2QUh6RzRQalZrOGpGeWFVQi0tUDQtQw== returned response: <Response [200]>
2020-08-14 16:43:26,027 - instabot version: 0.117.0 (api) - DEBUG - GET to endpoint: friendships/14580705871/followers/?rank_token=38579043486_9c721ac7-9e77-4bba-9152-ac7c7c0ecd03&max_id=QVFEUDQ4VUE0YXF1SENzTEpzSFg3c1VVbThTX3JwTmdFOVBBemtLSzFNMkE1b0pyekRmMFJZZFBFT1FmeTE3QVAwSVpXMjZVNlNTaFpJcmE2MGI0Um42MA== returned response: <Response [200]>
2020-08-14 16:43:26,362 - instabot version: 0.117.0 (api) - DEBUG - GET to endpoint: friendships/14580705871/followers/?rank_token=38579043486_9c721ac7-9e77-4bba-9152-ac7c7c0ecd03&max_id=QVFCeXdsbXNWTjVsMUJNOTRiVUpoUDJsNkFBdGhJN1hxRGc4MmF3MmZsZHZDVGdkSVFDdTItVWhBRjI1MFl3T0ZLamlFaWR0cDhnbVdKeElsTnJiejFCMQ== returned response: <Response [200]>
2020-08-14 16:43:26,691 - instabot version: 0.117.0 (api) - DEBUG - GET to endpoint: friendships/14580705871/followers/?rank_token=38579043486_9c721ac7-9e77-4bba-9152-ac7c7c0ecd03&max_id=QVFERWpWemRaTHdJX294UU1maDJHbjhRenctVXQ3cl9tWXR3Y1pFbENrdndCMjlTakJ4WGxERUotYk9QU1ZleTRkTWV1b3dzaFZqZnk3NjJlMlNLcnBKaQ== returned response: <Response [200]>
2020-08-14 16:43:27,012 - instabot version: 0.117.0 (api) - DEBUG - GET to endpoint: friendships/14580705871/followers/?rank_token=38579043486_9c721ac7-9e77-4bba-9152-ac7c7c0ecd03&max_id=QVFCLUVrdnhYWXYwRndLZkpHS1lSMWdNM1I1bGg0Nm5SMk5nSzhoc3ltX0gwRThWY19obXNEQmdleS1HWE1CTFNxZ08yRHhQZGFSUm05RTlMQV9kZzc5Yg== returned response: <Response [200]>
2020-08-14 16:43:27,367 - instabot version: 0.117.0 (api) - DEBUG - GET to endpoint: friendships/14580705871/followers/?rank_token=38579043486_9c721ac7-9e77-4bba-9152-ac7c7c0ecd03&max_id=QVFDbXUzaVQzOEpsV0VZTzU3R3J5bEJQNHVxeHlXbW1pTFI5MzVQdHFka2otazI1aWdwS0xkbjN2QlVvVU1lTk9abFpUR09FdjZyVHk1YjRCYW8zSmV4Rg== returned response: <Response [200]>
2020-08-14 16:43:27,671 - instabot version: 0.117.0 (api) - DEBUG - GET to endpoint: friendships/14580705871/followers/?rank_token=38579043486_9c721ac7-9e77-4bba-9152-ac7c7c0ecd03&max_id=QVFDalJDQWZyOXI5dFQ3c3pEcl9ad3VwN256YVVYOU9nb29MQzY1MElWY0ktQkZWZkNVU2VJWE1GTEFmMF9LMWtxclFsSHhTWEVIR3RKOFdmOFdWUEJyVQ== returned response: <Response [200]>
2020-08-14 16:43:27,989 - instabot version: 0.117.0 (api) - DEBUG - GET to endpoint: friendships/14580705871/followers/?rank_token=38579043486_9c721ac7-9e77-4bba-9152-ac7c7c0ecd03&max_id=QVFDSkVQVlJ5ejd3enptbWUydDVReUxjOUJ5a1RlczBDZnBqTzZTYV9mY2NYWC1zUVRKcjY5NGtfdmpLXzRCX1pmR29yQXpXa3BSYVdSWDJtcWd1S2h4Tg== returned response: <Response [200]>
2020-08-14 16:43:28,320 - instabot version: 0.117.0 (api) - DEBUG - GET to endpoint: friendships/14580705871/followers/?rank_token=38579043486_9c721ac7-9e77-4bba-9152-ac7c7c0ecd03&max_id=QVFDUzQxWUlQRkE0TlhaNlNjUW1LazhUb0ZOT3VyRmQzcUk0SGIzNTZ5clFkS2hmekxZVnpIbTVldmNUVExfTHFsY1VxTW9wM3cxd2lZMmd5VFNGTEVFUA== returned response: <Response [200]>
2020-08-14 16:43:28,640 - instabot version: 0.117.0 (api) - DEBUG - GET to endpoint: friendships/14580705871/followers/?rank_token=38579043486_9c721ac7-9e77-4bba-9152-ac7c7c0ecd03&max_id=QVFDNlFCY3ZCWmN3VjZFQjVBOWtVekcwN294ZmxzbzNYbkJWRUVwUmk0MXY1WVBDdWVOZk1JRjFVUVUydjZiVEZJOVJWbEQtTTVxSVdDWXdabm9HOExzcQ== returned response: <Response [200]>
2020-08-14 16:43:28,959 - instabot version: 0.117.0 (api) - DEBUG - GET to endpoint: friendships/14580705871/followers/?rank_token=38579043486_9c721ac7-9e77-4bba-9152-ac7c7c0ecd03&max_id=QVFDVWttUlBqYVBkbFg3cElCX3hJcnYzVjhxb2hqZEhXNlUzamg4UjJZc0ZzSmlzRm5uRmNjX1c5aGpTMHkxSEh2bHI3bUlfNTMtNElUbmw1WmRRX2Rhag== returned response: <Response [200]>
2020-08-14 16:43:29,287 - instabot version: 0.117.0 (api) - DEBUG - GET to endpoint: friendships/14580705871/followers/?rank_token=38579043486_9c721ac7-9e77-4bba-9152-ac7c7c0ecd03&max_id=QVFETGJKcXlTbUNQWHI2WmhXMXYtUVZXOFJQckxxREF5TXk0UF9EMmV5RTJDMy0tZ0VGaWdrVkJNaU5hUGxoblNIZE5hNkZ1Zmdhc0ZHMG54dVpEZzN0Mg== returned response: <Response [200]>
2020-08-14 16:43:29,584 - instabot version: 0.117.0 (api) - DEBUG - GET to endpoint: friendships/14580705871/followers/?rank_token=38579043486_9c721ac7-9e77-4bba-9152-ac7c7c0ecd03&max_id=QVFCc3J5NkJaeGplRlBDTEdqRVBHUGRmdEpqd29hMDhIMnBZUkZ2bGpUelJFajRKUTJEQ3hmLV9Rd3dfNjBTTy1MSTJNXzFXQngwckhIMXlxamtWTkluVA== returned response: <Response [200]>
2020-08-14 16:43:29,893 - instabot version: 0.117.0 (api) - DEBUG - GET to endpoint: friendships/14580705871/followers/?rank_token=38579043486_9c721ac7-9e77-4bba-9152-ac7c7c0ecd03&max_id=QVFEMUQ0VEt5NVFJQXBHU0hiQmphbEU1WkNvSDctSVJCY0NvWWNkU3RDeUN0SWhFMUQxSjZPRzB1QU11T2FLSjhjaWRfSkhtMm9hQk1fNFh6ZF9GcHdBdA== returned response: <Response [200]>
2020-08-14 16:43:30,184 - instabot version: 0.117.0 (api) - DEBUG - GET to endpoint: friendships/14580705871/followers/?rank_token=38579043486_9c721ac7-9e77-4bba-9152-ac7c7c0ecd03&max_id=QVFDUWtjdUU1Tnp0S2Z4Ul80Zmd2WURScGtTd2pIR1JYaEdaOExFVXFVTDBYSndkWGt2a2RTNmJEdkRac1lybjFsUlBKSkNIU2k4NGhrZW15SDloVjl2dA== returned response: <Response [200]>
2020-08-14 16:43:30,504 - instabot version: 0.117.0 (api) - DEBUG - GET to endpoint: friendships/14580705871/followers/?rank_token=38579043486_9c721ac7-9e77-4bba-9152-ac7c7c0ecd03&max_id=QVFBaVFlc0U5cVQwS0pZYlNnMUVlSXJpRHZvei0yNEdqLXl0YUw4cjhUR2ZiSmVDMDJmUTdJWFJab3Jld3pfeDFFR3Z4TXpXaTU5Wkl3N0x2V0xBOG9rRA== returned response: <Response [200]>
2020-08-14 16:43:30,916 - instabot version: 0.117.0 (api) - DEBUG - GET to endpoint: friendships/14580705871/followers/?rank_token=38579043486_9c721ac7-9e77-4bba-9152-ac7c7c0ecd03&max_id=QVFBM0hVNmhVeXJtU0k4cTY5ZTN5UUZ5N2lzMjE1M0k2YTVQVmtyb3pKWlg1Wm9GazQxUVM2UzlnZHBGalJYWWRaUzNvTmNGUExzT2RGaEVkZkl6YkYzNQ== returned response: <Response [200]>
2020-08-14 16:43:31,224 - instabot version: 0.117.0 (api) - DEBUG - GET to endpoint: friendships/14580705871/followers/?rank_token=38579043486_9c721ac7-9e77-4bba-9152-ac7c7c0ecd03&max_id=QVFESnNEUEJZcG0tMjV4TXJPUm5wWEl1a3JQU2NfZXlxREo4bXhtZWs3VjBMRzFxQ2ZhVmRWajJlbmwzME85Qmd3MkVCNkEzUEZCZnFZQ2pJalh3SjNneg== returned response: <Response [200]>
2020-08-14 16:43:31,528 - instabot version: 0.117.0 (api) - DEBUG - GET to endpoint: friendships/14580705871/followers/?rank_token=38579043486_9c721ac7-9e77-4bba-9152-ac7c7c0ecd03&max_id=QVFBQ2dNVXh6Z0x1dURpWVZrcXRnd0NOWUxYOEJOTTRBelVKZjRoNlEtVFl1SHF3YzRGc2Vlc2VIbjRfUk5WcWRkeTdZXzR2RGJGOVNHdmVKNmoyRHd3dw== returned response: <Response [200]>
2020-08-14 16:43:31,825 - instabot version: 0.117.0 (api) - DEBUG - GET to endpoint: friendships/14580705871/followers/?rank_token=38579043486_9c721ac7-9e77-4bba-9152-ac7c7c0ecd03&max_id=QVFERGVBYUVtNGRhdF9iMElDMzdiLTllbGVKMUtUY2lFalRTNEVRSHdHcDFKVFFJLTVoN0lkeVd5TmtwdGQyYlp6SWNBMDFUZFMybjhWU2lwUXN4M2VKTQ== returned response: <Response [200]>
2020-08-14 16:44:42,717 - instabot version: 0.117.0 (bot_checkpoint) - DEBUG - Saving Checkpoint file to: C:\Users\Gebruiker\Desktop\dev\channel_generator\generator/config/puppies4nations.checkpoint
2020-08-14 16:44:42,718 - instabot version: 0.117.0 (bot) - INFO - Total requests: 637
