2020-08-12 21:20:19,533 - instabot version: 0.117.0 (bot) - INFO - Instabot version: 0.117.0 Started
2020-08-12 21:20:19,533 - instabot version: 0.117.0 (bot) - DEBUG - Bot imported from C:\Users\Gebruiker\Desktop\dev\channel_generator\venv\lib\site-packages\instabot\bot\bot.py
2020-08-12 21:20:23,062 - instabot version: 0.117.0 (api_login) - DEBUG - Loading cookies
2020-08-12 21:20:23,062 - instabot version: 0.117.0 (api_login) - DEBUG - Loading uuids
2020-08-12 21:20:23,063 - instabot version: 0.117.0 (api_login) - INFO - Recovery from C:\Users\Gebruiker\Desktop\dev\channel_generator\generator/config/puppies4nations_uuid_and_cookie.json: COOKIE True - UUIDs True - TIMING, DEVICE and ...
- user-agent=Instagram 117.0.0.28.123 Android (28/9.0; 420dpi; 1080x1920; OnePlus; ONEPLUS A3003; OnePlus3; qcom; en_US; 180322800)
- phone_id=e752e0e3-d108-407f-b5c2-f07f0000bed1
- uuid=9c721ac7-9e77-4bba-9152-ac7c7c0ecd03
- client_session_id=d68e19e7-7b23-4665-a301-78357166e86f
- device_id=android-5ddf6083ddeebf63
2020-08-12 21:20:23,064 - instabot version: 0.117.0 (api_login) - INFO - LOGIN FLOW! Just logged-in: False
2020-08-12 21:20:24,525 - instabot version: 0.117.0 (api) - DEBUG - POST to endpoint: feed/timeline/ returned response: <Response [200]>
2020-08-12 21:20:25,180 - instabot version: 0.117.0 (api) - DEBUG - POST to endpoint: feed/reels_tray/ returned response: <Response [200]>
2020-08-12 21:20:25,182 - instabot version: 0.117.0 (api) - INFO - Logged-in successfully as 'puppies4nations'!
2020-08-12 21:20:25,182 - instabot version: 0.117.0 (bot_checkpoint) - DEBUG - Loading Checkpoint file from: C:\Users\Gebruiker\Desktop\dev\channel_generator\generator/config/puppies4nations.checkpoint
2020-08-12 21:20:48,707 - instabot version: 0.117.0 (api) - DEBUG - POST to endpoint: media/configure/? returned response: <Response [200]>
2020-08-12 21:20:48,929 - instabot version: 0.117.0 (api) - DEBUG - POST to endpoint: qe/expose/ returned response: <Response [200]>
2020-08-12 21:20:48,930 - instabot version: 0.117.0 (bot_photo) - INFO - Photo 'static/img/16122534_1725088097766192_6330954018197602304_n.jpg' is uploaded.
2020-08-12 21:22:22,537 - instabot version: 0.117.0 (bot_checkpoint) - DEBUG - Saving Checkpoint file to: C:\Users\Gebruiker\Desktop\dev\channel_generator\generator/config/puppies4nations.checkpoint
2020-08-12 21:22:22,538 - instabot version: 0.117.0 (bot) - INFO - Total follows: 7/92
2020-08-12 21:22:22,539 - instabot version: 0.117.0 (bot) - INFO - Total unfollows: 7/96
2020-08-12 21:22:22,540 - instabot version: 0.117.0 (bot) - INFO - Total requests: 492
