2020-08-05 11:22:35,625 - instabot version: 0.117.0 (bot) - INFO - Instabot version: 0.117.0 Started
2020-08-05 11:22:35,626 - instabot version: 0.117.0 (bot) - DEBUG - Bot imported from C:\Users\Gebruiker\Desktop\dev\channel_generator\venv\lib\site-packages\instabot\bot\bot.py
2020-08-05 11:22:35,631 - instabot version: 0.117.0 (api_login) - DEBUG - Loading cookies
2020-08-05 11:22:35,631 - instabot version: 0.117.0 (api_login) - DEBUG - Loading uuids
2020-08-05 11:22:35,631 - instabot version: 0.117.0 (api_login) - INFO - Recovery from C:\Users\Gebruiker\Desktop\dev\channel_generator\generator/config/puppies4nations_uuid_and_cookie.json: COOKIE True - UUIDs True - TIMING, DEVICE and ...
- user-agent=Instagram 117.0.0.28.123 Android (28/9.0; 420dpi; 1080x1920; OnePlus; ONEPLUS A3003; OnePlus3; qcom; en_US; 180322800)
- phone_id=e752e0e3-d108-407f-b5c2-f07f0000bed1
- uuid=9c721ac7-9e77-4bba-9152-ac7c7c0ecd03
- client_session_id=cf924ef0-49b8-4e33-b7df-17a575884354
- device_id=android-5ddf6083ddeebf63
2020-08-05 11:22:35,633 - instabot version: 0.117.0 (api_login) - INFO - LOGIN FLOW! Just logged-in: False
2020-08-05 11:22:37,180 - instabot version: 0.117.0 (api) - DEBUG - POST to endpoint: feed/timeline/ returned response: <Response [200]>
2020-08-05 11:22:37,643 - instabot version: 0.117.0 (api) - DEBUG - POST to endpoint: feed/reels_tray/ returned response: <Response [200]>
2020-08-05 11:22:37,821 - instabot version: 0.117.0 (api) - DEBUG - POST to endpoint: direct_v2/ranked_recipients/ returned response: <Response [200]>
2020-08-05 11:22:38,013 - instabot version: 0.117.0 (api) - DEBUG - POST to endpoint: direct_v2/ranked_recipients/ returned response: <Response [200]>
2020-08-05 11:22:38,298 - instabot version: 0.117.0 (api) - DEBUG - POST to endpoint: direct_v2/inbox/ returned response: <Response [200]>
2020-08-05 11:22:38,561 - instabot version: 0.117.0 (api) - DEBUG - GET to endpoint: direct_v2/get_presence/ returned response: <Response [200]>
2020-08-05 11:22:39,086 - instabot version: 0.117.0 (api) - DEBUG - GET to endpoint: news/inbox/?limited_activity=true&show_su=true returned response: <Response [200]>
2020-08-05 11:22:39,279 - instabot version: 0.117.0 (api) - DEBUG - GET to endpoint: users/profile_notice/ returned response: <Response [200]>
2020-08-05 11:22:39,474 - instabot version: 0.117.0 (api) - DEBUG - POST to endpoint: discover/explore/ returned response: <Response [200]>
2020-08-05 11:22:39,476 - instabot version: 0.117.0 (api) - INFO - Logged-in successfully as 'puppies4nations'!
2020-08-05 11:22:39,476 - instabot version: 0.117.0 (bot_checkpoint) - DEBUG - Loading Checkpoint file from: C:\Users\Gebruiker\Desktop\dev\channel_generator\generator/config/puppies4nations.checkpoint
2020-08-05 11:22:46,645 - instabot version: 0.117.0 (api) - DEBUG - GET to endpoint: users/wildflowersandpottery/usernameinfo/ returned response: <Response [200]>
2020-08-05 11:22:47,212 - instabot version: 0.117.0 (api) - DEBUG - GET to endpoint: users/35651118033/info/ returned response: <Response [200]>
2020-08-05 11:22:47,488 - instabot version: 0.117.0 (api) - DEBUG - GET to endpoint: friendships/35651118033/followers/?rank_token=38579043486_9c721ac7-9e77-4bba-9152-ac7c7c0ecd03 returned response: <Response [200]>
2020-08-05 11:22:47,702 - instabot version: 0.117.0 (api) - DEBUG - GET to endpoint: friendships/35651118033/followers/?rank_token=38579043486_9c721ac7-9e77-4bba-9152-ac7c7c0ecd03&max_id=QVFEUWw3YnY4RVJEa19aT3JtbVZfOVNsWWduNnhGY3FrYUticDN2VHc1cm1xSEExNC05T3g1cFJxb1ZUQTZTc2Nlbl9HRWlraTU0V1YtekZfc0wzRFJwaw== returned response: <Response [200]>
2020-08-05 11:24:19,921 - instabot version: 0.117.0 (bot_checkpoint) - DEBUG - Saving Checkpoint file to: C:\Users\Gebruiker\Desktop\dev\channel_generator\generator/config/puppies4nations.checkpoint
2020-08-05 11:24:19,922 - instabot version: 0.117.0 (bot) - INFO - Total follows: 10/100
2020-08-05 11:24:19,922 - instabot version: 0.117.0 (bot) - INFO - Total unfollows: 6/85
2020-08-05 11:24:19,923 - instabot version: 0.117.0 (bot) - INFO - Total requests: 317
