2020-08-06 10:54:53,264 - instabot version: 0.117.0 (bot) - INFO - Instabot version: 0.117.0 Started
2020-08-06 10:54:53,264 - instabot version: 0.117.0 (bot) - DEBUG - Bot imported from C:\Users\Gebruiker\Desktop\dev\channel_generator\venv\lib\site-packages\instabot\bot\bot.py
2020-08-06 10:54:53,265 - instabot version: 0.117.0 (api_login) - DEBUG - Loading cookies
2020-08-06 10:54:53,265 - instabot version: 0.117.0 (api_login) - DEBUG - Loading uuids
2020-08-06 10:54:53,265 - instabot version: 0.117.0 (api_login) - INFO - Recovery from C:\Users\Gebruiker\Desktop\dev\channel_generator\generator/config/puppies4nations_uuid_and_cookie.json: COOKIE True - UUIDs True - TIMING, DEVICE and ...
- user-agent=Instagram 117.0.0.28.123 Android (28/9.0; 420dpi; 1080x1920; OnePlus; ONEPLUS A3003; OnePlus3; qcom; en_US; 180322800)
- phone_id=e752e0e3-d108-407f-b5c2-f07f0000bed1
- uuid=9c721ac7-9e77-4bba-9152-ac7c7c0ecd03
- client_session_id=07ae3f33-5fb4-4fa7-b0c6-e26fa54977b9
- device_id=android-5ddf6083ddeebf63
2020-08-06 10:54:53,269 - instabot version: 0.117.0 (api_login) - INFO - LOGIN FLOW! Just logged-in: False
2020-08-06 10:54:55,147 - instabot version: 0.117.0 (api) - DEBUG - POST to endpoint: feed/timeline/ returned response: <Response [200]>
2020-08-06 10:54:55,553 - instabot version: 0.117.0 (api) - DEBUG - POST to endpoint: feed/reels_tray/ returned response: <Response [200]>
2020-08-06 10:54:55,555 - instabot version: 0.117.0 (api) - INFO - Logged-in successfully as 'puppies4nations'!
2020-08-06 10:54:55,555 - instabot version: 0.117.0 (bot_checkpoint) - DEBUG - Loading Checkpoint file from: C:\Users\Gebruiker\Desktop\dev\channel_generator\generator/config/puppies4nations.checkpoint
2020-08-06 10:55:01,211 - instabot version: 0.117.0 (bot_checkpoint) - DEBUG - Loading Checkpoint file from: C:\Users\Gebruiker\Desktop\dev\channel_generator\generator/config/tripellytrips.checkpoint
2020-08-06 10:55:18,676 - instabot version: 0.117.0 (bot_checkpoint) - DEBUG - Loading Checkpoint file from: C:\Users\Gebruiker\Desktop\dev\channel_generator\generator/config/tripellytrips.checkpoint
2020-08-06 10:55:42,717 - instabot version: 0.117.0 (bot_checkpoint) - DEBUG - Loading Checkpoint file from: C:\Users\Gebruiker\Desktop\dev\channel_generator\generator/config/tripellytrips.checkpoint
2020-08-06 10:56:17,513 - instabot version: 0.117.0 (bot_checkpoint) - DEBUG - Saving Checkpoint file to: C:\Users\Gebruiker\Desktop\dev\channel_generator\generator/config/tripellytrips.checkpoint
2020-08-06 10:56:17,518 - instabot version: 0.117.0 (bot) - INFO - Total follows: 10/91
2020-08-06 10:56:17,520 - instabot version: 0.117.0 (bot) - INFO - Total unfollows: 6/62
2020-08-06 10:56:17,521 - instabot version: 0.117.0 (bot) - INFO - Total requests: 378
2020-08-06 10:56:17,523 - instabot version: 0.117.0 (bot_checkpoint) - DEBUG - Saving Checkpoint file to: C:\Users\Gebruiker\Desktop\dev\channel_generator\generator/config/tripellytrips.checkpoint
2020-08-06 10:56:17,524 - instabot version: 0.117.0 (bot_checkpoint) - DEBUG - Loading Checkpoint file from: C:\Users\Gebruiker\Desktop\dev\channel_generator\generator/config/tripellytrips.checkpoint
2020-08-06 10:56:17,524 - instabot version: 0.117.0 (bot_checkpoint) - DEBUG - Loading Checkpoint file from: C:\Users\Gebruiker\Desktop\dev\channel_generator\generator/config/tripellytrips.checkpoint
2020-08-06 10:56:17,524 - instabot version: 0.117.0 (bot) - INFO - Total follows: 10/91
2020-08-06 10:56:17,525 - instabot version: 0.117.0 (bot) - INFO - Total unfollows: 6/62
2020-08-06 10:56:17,526 - instabot version: 0.117.0 (bot) - INFO - Total requests: 378
2020-08-06 10:56:17,531 - instabot version: 0.117.0 (bot_checkpoint) - DEBUG - Saving Checkpoint file to: C:\Users\Gebruiker\Desktop\dev\channel_generator\generator/config/tripellytrips.checkpoint
2020-08-06 10:56:17,535 - instabot version: 0.117.0 (bot) - INFO - Total follows: 10/91
2020-08-06 10:56:17,541 - instabot version: 0.117.0 (bot) - INFO - Total unfollows: 6/62
2020-08-06 10:56:17,542 - instabot version: 0.117.0 (bot) - INFO - Total requests: 378
2020-08-06 10:56:17,543 - instabot version: 0.117.0 (bot_checkpoint) - DEBUG - Saving Checkpoint file to: C:\Users\Gebruiker\Desktop\dev\channel_generator\generator/config/tripellytrips.checkpoint
2020-08-06 10:56:17,543 - instabot version: 0.117.0 (bot) - INFO - Total follows: 10/91
2020-08-06 10:56:17,545 - instabot version: 0.117.0 (bot) - INFO - Total unfollows: 6/62
2020-08-06 10:56:17,546 - instabot version: 0.117.0 (bot) - INFO - Total requests: 378
