2020-08-14 11:20:32,637 - instabot version: 0.117.0 (bot) - INFO - Instabot version: 0.117.0 Started
2020-08-14 11:20:32,638 - instabot version: 0.117.0 (bot) - DEBUG - Bot imported from C:\Users\Gebruiker\Desktop\dev\channel_generator\venv\lib\site-packages\instabot\bot\bot.py
2020-08-14 11:20:45,592 - instabot version: 0.117.0 (api_login) - DEBUG - Loading cookies
2020-08-14 11:20:45,592 - instabot version: 0.117.0 (api_login) - DEBUG - Loading uuids
2020-08-14 11:20:45,592 - instabot version: 0.117.0 (api_login) - INFO - Recovery from C:\Users\Gebruiker\Desktop\dev\channel_generator\generator/config/puppies4nations_uuid_and_cookie.json: COOKIE True - UUIDs True - TIMING, DEVICE and ...
- user-agent=Instagram 117.0.0.28.123 Android (28/9.0; 420dpi; 1080x1920; OnePlus; ONEPLUS A3003; OnePlus3; qcom; en_US; 180322800)
- phone_id=e752e0e3-d108-407f-b5c2-f07f0000bed1
- uuid=9c721ac7-9e77-4bba-9152-ac7c7c0ecd03
- client_session_id=be705297-e57e-49d0-83fe-e955a28b3162
- device_id=android-5ddf6083ddeebf63
2020-08-14 11:20:45,597 - instabot version: 0.117.0 (api_login) - INFO - LOGIN FLOW! Just logged-in: False
2020-08-14 11:20:46,830 - instabot version: 0.117.0 (api) - DEBUG - POST to endpoint: feed/timeline/ returned response: <Response [200]>
2020-08-14 11:20:47,425 - instabot version: 0.117.0 (api) - DEBUG - POST to endpoint: feed/reels_tray/ returned response: <Response [200]>
2020-08-14 11:20:47,427 - instabot version: 0.117.0 (api) - INFO - Logged-in successfully as 'puppies4nations'!
2020-08-14 11:20:47,427 - instabot version: 0.117.0 (bot_checkpoint) - DEBUG - Loading Checkpoint file from: C:\Users\Gebruiker\Desktop\dev\channel_generator\generator/config/puppies4nations.checkpoint
2020-08-14 11:21:10,338 - instabot version: 0.117.0 (api) - DEBUG - POST to endpoint: media/configure/? returned response: <Response [200]>
2020-08-14 11:21:10,626 - instabot version: 0.117.0 (api) - DEBUG - POST to endpoint: qe/expose/ returned response: <Response [200]>
2020-08-14 11:21:10,627 - instabot version: 0.117.0 (bot_photo) - INFO - Photo 'static/img/16228829_1861136624135238_2300494237331881984_n.jpg' is uploaded.
2020-08-14 11:26:10,470 - instabot version: 0.117.0 (bot_checkpoint) - DEBUG - Saving Checkpoint file to: C:\Users\Gebruiker\Desktop\dev\channel_generator\generator/config/puppies4nations.checkpoint
2020-08-14 11:26:10,471 - instabot version: 0.117.0 (bot) - INFO - Total requests: 612
