2020-08-17 11:30:48,414 - instabot version: 0.117.0 (bot) - INFO - Instabot version: 0.117.0 Started
2020-08-17 11:30:48,414 - instabot version: 0.117.0 (bot) - DEBUG - Bot imported from C:\Users\Gebruiker\Desktop\dev\channel_generator\venv\lib\site-packages\instabot\bot\bot.py
2020-08-17 11:30:54,280 - instabot version: 0.117.0 (api_login) - DEBUG - Loading cookies
2020-08-17 11:30:54,281 - instabot version: 0.117.0 (api_login) - DEBUG - Loading uuids
2020-08-17 11:30:54,281 - instabot version: 0.117.0 (api_login) - INFO - Recovery from C:\Users\Gebruiker\Desktop\dev\channel_generator\generator/config/tripellytrips_uuid_and_cookie.json: COOKIE True - UUIDs True - TIMING, DEVICE and ...
- user-agent=Instagram 117.0.0.28.123 Android (28/9.0; 420dpi; 1080x1920; OnePlus; ONEPLUS A3003; OnePlus3; qcom; en_US; 180322800)
- phone_id=bc145835-28eb-4a14-89a4-7ac029c350d1
- uuid=e1976ccd-0a36-4256-9d53-a00eacfee537
- client_session_id=cf2252cc-277c-47d4-bb65-b54a6afb3365
- device_id=android-34cf8b3dcd266555
2020-08-17 11:30:54,285 - instabot version: 0.117.0 (api_login) - INFO - LOGIN FLOW! Just logged-in: False
2020-08-17 11:30:55,784 - instabot version: 0.117.0 (api) - DEBUG - POST to endpoint: feed/timeline/ returned response: <Response [200]>
2020-08-17 11:30:56,612 - instabot version: 0.117.0 (api) - DEBUG - POST to endpoint: feed/reels_tray/ returned response: <Response [200]>
2020-08-17 11:30:56,908 - instabot version: 0.117.0 (api) - DEBUG - POST to endpoint: direct_v2/ranked_recipients/ returned response: <Response [200]>
2020-08-17 11:30:57,148 - instabot version: 0.117.0 (api) - DEBUG - POST to endpoint: direct_v2/ranked_recipients/ returned response: <Response [200]>
2020-08-17 11:30:57,587 - instabot version: 0.117.0 (api) - DEBUG - POST to endpoint: direct_v2/inbox/ returned response: <Response [200]>
2020-08-17 11:30:57,736 - instabot version: 0.117.0 (api) - DEBUG - GET to endpoint: direct_v2/get_presence/ returned response: <Response [200]>
2020-08-17 11:30:58,533 - instabot version: 0.117.0 (api) - DEBUG - GET to endpoint: news/inbox/?limited_activity=true&show_su=true returned response: <Response [200]>
2020-08-17 11:30:58,815 - instabot version: 0.117.0 (api) - DEBUG - GET to endpoint: users/profile_notice/ returned response: <Response [200]>
2020-08-17 11:30:59,075 - instabot version: 0.117.0 (api) - DEBUG - POST to endpoint: discover/explore/ returned response: <Response [200]>
2020-08-17 11:30:59,078 - instabot version: 0.117.0 (api) - INFO - Logged-in successfully as 'tripellytrips'!
2020-08-17 11:30:59,078 - instabot version: 0.117.0 (bot_checkpoint) - DEBUG - Loading Checkpoint file from: C:\Users\Gebruiker\Desktop\dev\channel_generator\generator/config/tripellytrips.checkpoint
2020-08-17 11:31:16,318 - instabot version: 0.117.0 (bot_checkpoint) - DEBUG - Saving Checkpoint file to: C:\Users\Gebruiker\Desktop\dev\channel_generator\generator/config/tripellytrips.checkpoint
2020-08-17 11:31:16,318 - instabot version: 0.117.0 (bot) - INFO - Total follows: 2/80
2020-08-17 11:31:16,318 - instabot version: 0.117.0 (bot) - INFO - Total requests: 431
